2025-05-03 17:00:07,055 - INFO - 训练开始
2025-05-03 17:00:19,055 - INFO - Ep1 Step1 Action:15 模型偏移:0.000 官方偏移:0.000 速度:0.24 奖励:0.000 详情:居中奖励:0.76|速度过低-0.2|动态归一化:0.00
2025-05-03 17:00:19,272 - INFO - Ep1 Step2 Action:15 模型偏移:0.000 官方偏移:0.000 速度:0.24 奖励:1.000 详情:居中奖励:0.76|速度过低-0.2|距离奖励:+0.00|动态归一化:1.00
2025-05-03 17:00:19,487 - INFO - Ep1 Step3 Action:15 模型偏移:0.000 官方偏移:0.000 速度:0.24 奖励:0.254 详情:居中奖励:0.76|速度过低-0.2|距离奖励:+0.00|动态归一化:0.25
2025-05-03 17:00:19,717 - INFO - Ep1 Step4 Action:15 模型偏移:0.000 官方偏移:0.000 速度:0.24 奖励:-0.347 详情:居中奖励:0.76|速度过低-0.2|距离奖励:+0.00|动态归一化:-0.35
2025-05-03 17:00:19,927 - INFO - Ep1 Step5 Action:15 模型偏移:0.000 官方偏移:0.000 速度:0.24 奖励:-0.942 详情:居中奖励:0.76|速度过低-0.2|距离奖励:+0.00|动态归一化:-0.94
2025-05-03 17:00:20,132 - INFO - Ep1 Step6 Action:15 模型偏移:0.000 官方偏移:0.000 速度:0.24 奖励:-0.530 详情:居中奖励:0.76|速度过低-0.2|距离奖励:+0.00|动态归一化:-0.53
2025-05-03 17:00:20,344 - INFO - Ep1 Step7 Action:15 模型偏移:0.000 官方偏移:0.000 速度:0.24 奖励:0.652 详情:居中奖励:0.76|速度过低-0.2|距离奖励:+0.00|动态归一化:0.65
2025-05-03 17:00:21,329 - INFO - Ep1 Step8 Action:15 模型偏移:0.000 官方偏移:0.000 速度:0.24 奖励:0.838 详情:居中奖励:0.76|速度过低-0.2|距离奖励:+0.00|动态归一化:0.84
2025-05-03 17:00:21,532 - INFO - Ep1 Step9 Action:15 模型偏移:0.000 官方偏移:0.000 速度:0.24 奖励:0.322 详情:居中奖励:0.76|速度过低-0.2|距离奖励:+0.00|动态归一化:0.32
2025-05-03 17:00:21,731 - INFO - Ep1 Step10 Action:15 模型偏移:0.000 官方偏移:0.000 速度:0.24 奖励:-0.243 详情:居中奖励:0.76|速度过低-0.2|距离奖励:+0.00|动态归一化:-0.24
2025-05-03 17:00:21,940 - INFO - Ep1 Step11 Action:11 模型偏移:0.000 官方偏移:0.000 速度:0.24 奖励:-3.162 详情:居中奖励:0.76|速度过低-0.2|距离奖励:+0.00|卡死-2|动态归一化:-3.16
2025-05-03 17:00:22,147 - INFO - Ep1 Step12 Action:5 模型偏移:0.000 官方偏移:0.000 速度:0.24 奖励:0.302 详情:居中奖励:0.76|速度过低-0.2|距离奖励:+0.00|动态归一化:0.30
2025-05-03 17:00:22,349 - INFO - Ep1 Step13 Action:0 模型偏移:0.000 官方偏移:0.000 速度:0.24 奖励:0.288 详情:居中奖励:0.76|速度过低-0.2|距离奖励:+0.00|动态归一化:0.29
2025-05-03 17:00:22,551 - INFO - Ep1 Step14 Action:9 模型偏移:0.000 官方偏移:0.000 速度:0.24 奖励:0.277 详情:居中奖励:0.76|速度过低-0.2|距离奖励:+0.00|动态归一化:0.28
2025-05-03 17:00:22,740 - INFO - Ep1 Step15 Action:11 模型偏移:0.000 官方偏移:0.000 速度:0.24 奖励:0.266 详情:居中奖励:0.76|速度过低-0.2|距离奖励:+0.00|动态归一化:0.27
2025-05-03 17:00:22,974 - INFO - Ep1 Step16 Action:20 模型偏移:0.000 官方偏移:0.000 速度:0.24 奖励:1.173 详情:居中奖励:0.76|速度过低-0.2|距离奖励:+0.00|修正偏移+0.5|动态归一化:1.17
2025-05-03 17:00:23,182 - INFO - Ep1 Step17 Action:27 模型偏移:0.000 官方偏移:0.000 速度:0.24 奖励:1.095 详情:居中奖励:0.76|速度过低-0.2|距离奖励:+0.00|修正偏移+0.5|动态归一化:1.10
2025-05-03 17:00:23,399 - INFO - Ep1 Step18 Action:16 模型偏移:0.000 官方偏移:0.000 速度:0.24 奖励:1.030 详情:居中奖励:0.76|速度过低-0.2|距离奖励:+0.00|修正偏移+0.5|动态归一化:1.03
2025-05-03 17:00:23,607 - INFO - Ep1 Step19 Action:6 模型偏移:0.000 官方偏移:0.000 速度:0.24 奖励:0.053 详情:居中奖励:0.76|速度过低-0.2|距离奖励:+0.00|动态归一化:0.05
2025-05-03 17:00:23,813 - INFO - Ep1 Step20 Action:26 模型偏移:0.000 官方偏移:0.000 速度:0.24 奖励:1.021 详情:居中奖励:0.77|速度过低-0.2|距离奖励:+0.01|修正偏移+0.5|动态归一化:1.02
2025-05-03 17:00:24,011 - INFO - Ep1 Step21 Action:22 模型偏移:0.000 官方偏移:0.000 速度:0.23 奖励:1.352 详情:居中奖励:0.78|距离奖励:+0.01|修正偏移+0.5|动态归一化:1.35
2025-05-03 17:00:24,214 - INFO - Ep1 Step22 Action:2 模型偏移:0.000 官方偏移:0.000 速度:0.22 奖励:0.343 详情:居中奖励:0.76|距离奖励:+0.01|动态归一化:0.34
2025-05-03 17:00:24,420 - INFO - Ep1 Step23 Action:24 模型偏移:0.000 官方偏移:0.000 速度:0.24 奖励:1.293 详情:居中奖励:0.78|距离奖励:+0.02|修正偏移+0.5|动态归一化:1.29
2025-05-03 17:00:24,625 - INFO - Ep1 Step24 Action:23 模型偏移:0.000 官方偏移:0.000 速度:0.22 奖励:0.907 详情:居中奖励:0.80|速度过低-0.2|距离奖励:+0.02|修正偏移+0.5|动态归一化:0.91
2025-05-03 17:00:24,826 - INFO - Ep1 Step25 Action:12 模型偏移:0.000 官方偏移:0.000 速度:0.20 奖励:0.847 详情:居中奖励:0.80|速度过低-0.2|距离奖励:+0.00|修正偏移+0.5|动态归一化:0.85
2025-05-03 17:00:25,026 - INFO - Ep1 Step26 Action:18 模型偏移:0.000 官方偏移:0.000 速度:0.20 奖励:0.828 详情:居中奖励:0.80|速度过低-0.2|距离奖励:+0.00|修正偏移+0.5|动态归一化:0.83
2025-05-03 17:00:25,235 - INFO - Ep1 Step27 Action:21 模型偏移:0.000 官方偏移:0.000 速度:0.20 奖励:0.800 详情:居中奖励:0.80|速度过低-0.2|距离奖励:+0.00|修正偏移+0.5|动态归一化:0.80
2025-05-03 17:00:25,431 - INFO - Ep1 Step28 Action:18 模型偏移:0.000 官方偏移:0.000 速度:0.20 奖励:0.776 详情:居中奖励:0.80|速度过低-0.2|距离奖励:+0.00|修正偏移+0.5|动态归一化:0.78
2025-05-03 17:00:25,637 - INFO - Ep1 Step29 Action:7 模型偏移:0.000 官方偏移:0.000 速度:0.20 奖励:-0.226 详情:居中奖励:0.80|速度过低-0.2|距离奖励:+0.00|动态归一化:-0.23
2025-05-03 17:00:25,839 - INFO - Ep1 Step30 Action:24 模型偏移:0.000 官方偏移:0.000 速度:0.20 奖励:0.776 详情:居中奖励:0.80|速度过低-0.2|距离奖励:+0.00|修正偏移+0.5|动态归一化:0.78
2025-05-03 17:00:26,044 - INFO - Ep1 Step31 Action:27 模型偏移:0.000 官方偏移:0.000 速度:0.20 奖励:0.756 详情:居中奖励:0.80|速度过低-0.2|距离奖励:+0.00|修正偏移+0.5|动态归一化:0.76
2025-05-03 17:00:26,242 - INFO - Ep1 Step32 Action:15 模型偏移:0.000 官方偏移:0.000 速度:0.20 奖励:-0.275 详情:居中奖励:0.80|速度过低-0.2|距离奖励:+0.00|动态归一化:-0.28
2025-05-03 17:00:26,450 - INFO - Ep1 Step33 Action:7 模型偏移:0.000 官方偏移:0.000 速度:0.20 奖励:-0.271 详情:居中奖励:0.80|速度过低-0.2|距离奖励:+0.00|动态归一化:-0.27
2025-05-03 17:00:26,652 - INFO - Ep1 Step34 Action:20 模型偏移:0.000 官方偏移:0.000 速度:0.20 奖励:0.778 详情:居中奖励:0.80|速度过低-0.2|距离奖励:+0.00|修正偏移+0.5|动态归一化:0.78
2025-05-03 17:00:26,850 - INFO - Ep1 Step35 Action:0 模型偏移:0.000 官方偏移:0.000 速度:0.20 奖励:-0.292 详情:居中奖励:0.80|速度过低-0.2|距离奖励:+0.00|动态归一化:-0.29
2025-05-03 17:00:27,056 - INFO - Ep1 Step36 Action:27 模型偏移:0.000 官方偏移:0.000 速度:0.20 奖励:-0.290 详情:居中奖励:0.80|速度过低-0.2|距离奖励:+0.00|动态归一化:-0.29
2025-05-03 17:00:27,255 - INFO - Ep1 Step37 Action:21 模型偏移:0.000 官方偏移:0.000 速度:0.20 奖励:-0.288 详情:居中奖励:0.80|速度过低-0.2|距离奖励:+0.00|动态归一化:-0.29
2025-05-03 17:00:27,456 - INFO - Ep1 Step38 Action:6 模型偏移:0.000 官方偏移:0.000 速度:0.20 奖励:-0.283 详情:居中奖励:0.80|速度过低-0.2|距离奖励:+0.00|动态归一化:-0.28
2025-05-03 17:00:27,660 - INFO - Ep1 Step39 Action:3 模型偏移:0.000 官方偏移:0.000 速度:0.20 奖励:-0.280 详情:居中奖励:0.80|速度过低-0.2|距离奖励:+0.00|动态归一化:-0.28
2025-05-03 17:00:27,867 - INFO - Ep1 Step40 Action:8 模型偏移:0.000 官方偏移:0.000 速度:0.20 奖励:-0.276 详情:居中奖励:0.80|速度过低-0.2|距离奖励:+0.00|动态归一化:-0.28|超时15秒自动复位
2025-05-03 17:00:27,867 - INFO - Episode 1/2000 总奖励: 10.32 平均奖励(10): 10.32 epsilon: 1.000
2025-05-03 17:00:28,843 - INFO - Ep2 Step1 Action:15 模型偏移:0.000 官方偏移:0.000 速度:0.24 奖励:0.089 详情:居中奖励:0.76|动态归一化:0.09
2025-05-03 17:00:29,038 - INFO - Ep2 Step2 Action:15 模型偏移:0.000 官方偏移:0.000 速度:0.24 奖励:-0.365 详情:居中奖励:0.76|速度过低-0.2|距离奖励:+0.00|动态归一化:-0.36
2025-05-03 17:00:30,989 - INFO - Ep2 Step3 Action:15 模型偏移:0.000 官方偏移:0.000 速度:0.24 奖励:-0.366 详情:居中奖励:0.76|速度过低-0.2|距离奖励:+0.00|动态归一化:-0.37
2025-05-03 17:00:31,205 - INFO - Ep2 Step4 Action:15 模型偏移:0.000 官方偏移:0.000 速度:0.24 奖励:-0.364 详情:居中奖励:0.76|速度过低-0.2|距离奖励:+0.00|动态归一化:-0.36
2025-05-03 17:00:31,433 - INFO - Ep2 Step5 Action:15 模型偏移:0.000 官方偏移:0.000 速度:0.24 奖励:-0.360 详情:居中奖励:0.76|速度过低-0.2|距离奖励:+0.00|动态归一化:-0.36
2025-05-03 17:00:31,652 - INFO - Ep2 Step6 Action:15 模型偏移:0.000 官方偏移:0.000 速度:0.24 奖励:-0.355 详情:居中奖励:0.76|速度过低-0.2|距离奖励:+0.00|动态归一化:-0.36
2025-05-03 17:00:31,868 - INFO - Ep2 Step7 Action:15 模型偏移:0.000 官方偏移:0.000 速度:0.24 奖励:-0.351 详情:居中奖励:0.76|速度过低-0.2|距离奖励:+0.00|动态归一化:-0.35
2025-05-03 17:00:32,088 - INFO - Ep2 Step8 Action:15 模型偏移:0.000 官方偏移:0.000 速度:0.24 奖励:-0.347 详情:居中奖励:0.76|速度过低-0.2|距离奖励:+0.00|动态归一化:-0.35
2025-05-03 17:00:32,299 - INFO - Ep2 Step9 Action:15 模型偏移:0.000 官方偏移:0.000 速度:0.24 奖励:-0.343 详情:居中奖励:0.76|速度过低-0.2|距离奖励:+0.00|动态归一化:-0.34
2025-05-03 17:00:32,521 - INFO - Ep2 Step10 Action:15 模型偏移:0.000 官方偏移:0.000 速度:0.24 奖励:-0.339 详情:居中奖励:0.76|速度过低-0.2|距离奖励:+0.00|动态归一化:-0.34
2025-05-03 17:00:32,739 - INFO - Ep2 Step11 Action:25 模型偏移:0.000 官方偏移:0.000 速度:0.24 奖励:-0.335 详情:居中奖励:0.76|速度过低-0.2|距离奖励:+0.00|动态归一化:-0.34
2025-05-03 17:00:32,957 - INFO - Ep2 Step12 Action:1 模型偏移:0.000 官方偏移:0.000 速度:0.24 奖励:-0.332 详情:居中奖励:0.76|速度过低-0.2|距离奖励:+0.00|动态归一化:-0.33
2025-05-03 17:00:33,175 - INFO - Ep2 Step13 Action:19 模型偏移:0.000 官方偏移:0.000 速度:0.24 奖励:-4.358 详情:居中奖励:0.76|速度过低-0.2|距离奖励:+0.00|卡死-2|动态归一化:-4.36
2025-05-03 17:00:33,393 - INFO - Ep2 Step14 Action:10 模型偏移:0.000 官方偏移:0.000 速度:0.24 奖励:-0.182 详情:居中奖励:0.76|速度过低-0.2|距离奖励:+0.00|动态归一化:-0.18
2025-05-03 17:00:33,611 - INFO - Ep2 Step15 Action:19 模型偏移:0.000 官方偏移:0.000 速度:0.24 奖励:-0.180 详情:居中奖励:0.76|速度过低-0.2|距离奖励:+0.00|动态归一化:-0.18
2025-05-03 17:00:33,828 - INFO - Ep2 Step16 Action:11 模型偏移:0.000 官方偏移:0.000 速度:0.24 奖励:-0.179 详情:居中奖励:0.76|速度过低-0.2|距离奖励:+0.00|动态归一化:-0.18
2025-05-03 17:00:34,021 - INFO - Ep2 Step17 Action:3 模型偏移:0.000 官方偏移:0.000 速度:0.24 奖励:-0.178 详情:居中奖励:0.76|速度过低-0.2|距离奖励:+0.00|动态归一化:-0.18
2025-05-03 17:00:34,242 - INFO - Ep2 Step18 Action:7 模型偏移:0.000 官方偏移:0.000 速度:0.24 奖励:-0.176 详情:居中奖励:0.76|速度过低-0.2|距离奖励:+0.00|动态归一化:-0.18
2025-05-03 17:00:34,455 - INFO - Ep2 Step19 Action:11 模型偏移:0.000 官方偏移:0.000 速度:0.24 奖励:-0.174 详情:居中奖励:0.76|速度过低-0.2|距离奖励:+0.00|动态归一化:-0.17
2025-05-03 17:00:34,646 - INFO - Ep2 Step20 Action:3 模型偏移:0.000 官方偏移:0.000 速度:0.24 奖励:-0.173 详情:居中奖励:0.76|速度过低-0.2|距离奖励:+0.00|动态归一化:-0.17
2025-05-03 17:00:34,855 - INFO - Ep2 Step21 Action:11 模型偏移:0.000 官方偏移:0.000 速度:0.24 奖励:-0.171 详情:居中奖励:0.76|速度过低-0.2|距离奖励:+0.00|动态归一化:-0.17
2025-05-03 17:00:35,055 - INFO - Ep2 Step22 Action:6 模型偏移:0.000 官方偏移:0.000 速度:0.24 奖励:-0.170 详情:居中奖励:0.76|速度过低-0.2|距离奖励:+0.00|动态归一化:-0.17
2025-05-03 17:00:35,273 - INFO - Ep2 Step23 Action:16 模型偏移:0.000 官方偏移:0.000 速度:0.24 奖励:0.945 详情:居中奖励:0.76|速度过低-0.2|距离奖励:+0.00|修正偏移+0.5|动态归一化:0.95
2025-05-03 17:00:35,498 - INFO - Ep2 Step24 Action:20 模型偏移:0.000 官方偏移:0.000 速度:0.24 奖励:0.958 详情:居中奖励:0.77|速度过低-0.2|距离奖励:+0.01|修正偏移+0.5|动态归一化:0.96
2025-05-03 17:00:35,717 - INFO - Ep2 Step25 Action:5 模型偏移:0.000 官方偏移:0.000 速度:0.23 奖励:0.938 详情:居中奖励:0.77|速度过低-0.2|距离奖励:+0.00|修正偏移+0.5|动态归一化:0.94
2025-05-03 17:00:35,953 - INFO - Ep2 Step26 Action:28 模型偏移:0.000 官方偏移:0.000 速度:0.23 奖励:0.924 详情:居中奖励:0.77|速度过低-0.2|距离奖励:+0.00|修正偏移+0.5|动态归一化:0.92
2025-05-03 17:00:36,200 - INFO - Ep2 Step27 Action:25 模型偏移:0.000 官方偏移:0.000 速度:0.23 奖励:0.914 详情:居中奖励:0.77|速度过低-0.2|距离奖励:+0.00|修正偏移+0.5|动态归一化:0.91
2025-05-03 17:00:36,441 - INFO - Ep2 Step28 Action:29 模型偏移:0.000 官方偏移:0.000 速度:0.23 奖励:-0.218 详情:居中奖励:0.77|速度过低-0.2|距离奖励:+0.00|动态归一化:-0.22
2025-05-03 17:00:36,682 - INFO - Ep2 Step29 Action:12 模型偏移:0.000 官方偏移:0.000 速度:0.23 奖励:-0.216 详情:居中奖励:0.77|速度过低-0.2|距离奖励:+0.00|动态归一化:-0.22
2025-05-03 17:00:36,925 - INFO - Ep2 Step30 Action:22 模型偏移:0.000 官方偏移:0.000 速度:0.23 奖励:0.933 详情:居中奖励:0.78|速度过低-0.2|距离奖励:+0.00|修正偏移+0.5|动态归一化:0.93
2025-05-03 17:00:37,157 - INFO - Ep2 Step31 Action:25 模型偏移:0.000 官方偏移:0.000 速度:0.22 奖励:0.922 详情:居中奖励:0.78|速度过低-0.2|距离奖励:+0.00|修正偏移+0.5|动态归一化:0.92
2025-05-03 17:00:37,384 - INFO - Ep2 Step32 Action:17 模型偏移:0.000 官方偏移:0.000 速度:0.22 奖励:0.906 详情:居中奖励:0.78|速度过低-0.2|距离奖励:+0.00|修正偏移+0.5|动态归一化:0.91
2025-05-03 17:00:37,624 - INFO - Ep2 Step33 Action:22 模型偏移:0.000 官方偏移:0.000 速度:0.22 奖励:0.897 详情:居中奖励:0.78|速度过低-0.2|距离奖励:+0.00|修正偏移+0.5|动态归一化:0.90
2025-05-03 17:00:37,854 - INFO - Ep2 Step34 Action:19 模型偏移:0.000 官方偏移:0.000 速度:0.22 奖励:0.890 详情:居中奖励:0.78|速度过低-0.2|距离奖励:+0.00|修正偏移+0.5|动态归一化:0.89
2025-05-03 17:00:38,112 - INFO - Ep2 Step35 Action:23 模型偏移:0.000 官方偏移:0.000 速度:0.22 奖励:-0.264 详情:居中奖励:0.78|速度过低-0.2|距离奖励:+0.00|动态归一化:-0.26
2025-05-03 17:00:38,343 - INFO - Ep2 Step36 Action:3 模型偏移:0.000 官方偏移:0.000 速度:0.22 奖励:-0.263 详情:居中奖励:0.78|速度过低-0.2|距离奖励:+0.00|动态归一化:-0.26
2025-05-03 17:00:38,571 - INFO - Ep2 Step37 Action:1 模型偏移:0.000 官方偏移:0.000 速度:0.22 奖励:-0.261 详情:居中奖励:0.78|速度过低-0.2|距离奖励:+0.00|动态归一化:-0.26
2025-05-03 17:00:38,789 - INFO - Ep2 Step38 Action:20 模型偏移:0.000 官方偏移:0.000 速度:0.22 奖励:0.905 详情:居中奖励:0.78|速度过低-0.2|距离奖励:+0.00|修正偏移+0.5|动态归一化:0.90
2025-05-03 17:00:39,023 - INFO - Ep2 Step39 Action:21 模型偏移:0.000 官方偏移:0.000 速度:0.22 奖励:0.895 详情:居中奖励:0.78|速度过低-0.2|距离奖励:+0.00|修正偏移+0.5|动态归一化:0.89
2025-05-03 17:00:39,261 - INFO - Ep2 Step40 Action:17 模型偏移:0.000 官方偏移:0.000 速度:0.22 奖励:-0.282 详情:居中奖励:0.78|速度过低-0.2|距离奖励:+0.00|动态归一化:-0.28
2025-05-03 17:00:39,506 - INFO - Ep2 Step41 Action:20 模型偏移:0.000 官方偏移:0.000 速度:0.22 奖励:0.896 详情:居中奖励:0.78|速度过低-0.2|距离奖励:+0.00|修正偏移+0.5|动态归一化:0.90
2025-05-03 17:00:39,755 - INFO - Ep2 Step42 Action:20 模型偏移:0.000 官方偏移:0.000 速度:0.22 奖励:0.907 详情:居中奖励:0.78|速度过低-0.2|距离奖励:+0.00|修正偏移+0.5|动态归一化:0.91
2025-05-03 17:00:39,999 - INFO - Ep2 Step43 Action:8 模型偏移:0.000 官方偏移:0.000 速度:0.22 奖励:-0.276 详情:居中奖励:0.78|速度过低-0.2|距离奖励:+0.01|动态归一化:-0.28
2025-05-03 17:00:40,228 - INFO - Ep2 Step44 Action:20 模型偏移:0.000 官方偏移:0.000 速度:0.22 奖励:1.410 详情:居中奖励:0.79|距离奖励:+0.01|修正偏移+0.5|动态归一化:1.41
2025-05-03 17:00:40,457 - INFO - Ep2 Step45 Action:3 模型偏移:0.000 官方偏移:0.000 速度:0.21 奖励:-0.250 详情:居中奖励:0.79|速度过低-0.2|距离奖励:+0.01|动态归一化:-0.25
2025-05-03 17:00:40,678 - INFO - Ep2 Step46 Action:8 模型偏移:0.000 官方偏移:0.000 速度:0.21 奖励:-0.280 详情:居中奖励:0.79|速度过低-0.2|距离奖励:+0.00|动态归一化:-0.28
2025-05-03 17:00:40,923 - INFO - Ep2 Step47 Action:8 模型偏移:0.000 官方偏移:0.000 速度:0.21 奖励:-0.280 详情:居中奖励:0.79|速度过低-0.2|距离奖励:+0.00|动态归一化:-0.28
2025-05-03 17:00:41,153 - INFO - Ep2 Step48 Action:20 模型偏移:0.000 官方偏移:0.000 速度:0.21 奖励:0.949 详情:居中奖励:0.80|速度过低-0.2|距离奖励:+0.01|修正偏移+0.5|动态归一化:0.95
2025-05-03 17:00:41,393 - INFO - Ep2 Step49 Action:7 模型偏移:0.000 官方偏移:0.000 速度:0.20 奖励:0.932 详情:居中奖励:0.80|速度过低-0.2|距离奖励:+0.00|修正偏移+0.5|动态归一化:0.93
2025-05-03 17:00:41,637 - INFO - Ep2 Step50 Action:27 模型偏移:0.000 官方偏移:0.000 速度:0.20 奖励:0.913 详情:居中奖励:0.80|速度过低-0.2|距离奖励:+0.00|修正偏移+0.5|动态归一化:0.91
2025-05-03 17:00:41,869 - INFO - Ep2 Step51 Action:10 模型偏移:0.000 官方偏移:0.000 速度:0.20 奖励:-0.295 详情:居中奖励:0.80|速度过低-0.2|距离奖励:+0.00|动态归一化:-0.29
2025-05-03 17:00:42,109 - INFO - Ep2 Step52 Action:8 模型偏移:0.000 官方偏移:0.000 速度:0.20 奖励:-0.296 详情:居中奖励:0.79|速度过低-0.2|距离奖励:+0.00|动态归一化:-0.30
2025-05-03 17:00:42,345 - INFO - Ep2 Step53 Action:6 模型偏移:0.000 官方偏移:0.000 速度:0.21 奖励:-0.300 详情:居中奖励:0.78|速度过低-0.2|距离奖励:+0.01|动态归一化:-0.30
2025-05-03 17:00:42,582 - INFO - Ep2 Step54 Action:11 模型偏移:0.000 官方偏移:0.000 速度:0.22 奖励:-0.315 详情:居中奖励:0.78|速度过低-0.2|距离奖励:+0.00|动态归一化:-0.31
2025-05-03 17:00:42,812 - INFO - Ep2 Step55 Action:24 模型偏移:0.000 官方偏移:0.000 速度:0.22 奖励:0.903 详情:居中奖励:0.79|速度过低-0.2|距离奖励:+0.00|修正偏移+0.5|动态归一化:0.90
2025-05-03 17:00:43,055 - INFO - Ep2 Step56 Action:1 模型偏移:0.000 官方偏移:0.000 速度:0.21 奖励:0.895 详情:居中奖励:0.79|速度过低-0.2|距离奖励:+0.00|修正偏移+0.5|动态归一化:0.90
2025-05-03 17:00:43,295 - INFO - Ep2 Step57 Action:1 模型偏移:0.000 官方偏移:0.000 速度:0.21 奖励:-0.339 详情:居中奖励:0.79|速度过低-0.2|距离奖励:+0.00|动态归一化:-0.34
2025-05-03 17:00:43,537 - INFO - Ep2 Step58 Action:20 模型偏移:0.000 官方偏移:0.000 速度:0.21 奖励:0.896 详情:居中奖励:0.79|速度过低-0.2|距离奖励:+0.00|修正偏移+0.5|动态归一化:0.90
2025-05-03 17:00:43,780 - INFO - Ep2 Step59 Action:26 模型偏移:0.000 官方偏移:0.000 速度:0.21 奖励:0.916 详情:居中奖励:0.79|速度过低-0.2|距离奖励:+0.00|修正偏移+0.5|动态归一化:0.92|超时15秒自动复位
2025-05-03 17:00:43,780 - INFO - Episode 2/2000 总奖励: 6.80 平均奖励(10): 8.56 epsilon: 0.835
2025-05-03 17:00:44,790 - INFO - Ep3 Step1 Action:15 模型偏移:0.000 官方偏移:0.000 速度:0.24 奖励:-0.417 详情:居中奖励:0.76|速度过低-0.2|动态归一化:-0.42
2025-05-03 17:00:45,043 - INFO - Ep3 Step2 Action:15 模型偏移:0.000 官方偏移:0.000 速度:0.24 奖励:-0.406 详情:居中奖励:0.76|速度过低-0.2|距离奖励:+0.00|动态归一化:-0.41
2025-05-03 17:00:45,297 - INFO - Ep3 Step3 Action:15 模型偏移:0.000 官方偏移:0.000 速度:0.24 奖励:-0.416 详情:居中奖励:0.76|速度过低-0.2|距离奖励:+0.00|动态归一化:-0.42
2025-05-03 17:00:45,558 - INFO - Ep3 Step4 Action:15 模型偏移:0.000 官方偏移:0.000 速度:0.24 奖励:-0.416 详情:居中奖励:0.76|速度过低-0.2|距离奖励:+0.00|动态归一化:-0.42
2025-05-03 17:00:45,833 - INFO - Ep3 Step5 Action:15 模型偏移:0.000 官方偏移:0.000 速度:0.24 奖励:-0.417 详情:居中奖励:0.76|速度过低-0.2|距离奖励:+0.00|动态归一化:-0.42
2025-05-03 17:00:46,105 - INFO - Ep3 Step6 Action:15 模型偏移:0.000 官方偏移:0.000 速度:0.24 奖励:-0.417 详情:居中奖励:0.76|速度过低-0.2|距离奖励:+0.00|动态归一化:-0.42
2025-05-03 17:00:46,361 - INFO - Ep3 Step7 Action:15 模型偏移:0.000 官方偏移:0.000 速度:0.24 奖励:-0.417 详情:居中奖励:0.76|速度过低-0.2|距离奖励:+0.00|动态归一化:-0.42
2025-05-03 17:00:46,622 - INFO - Ep3 Step8 Action:15 模型偏移:0.000 官方偏移:0.000 速度:0.24 奖励:-0.417 详情:居中奖励:0.76|速度过低-0.2|距离奖励:+0.00|动态归一化:-0.42
2025-05-03 17:00:46,870 - INFO - Ep3 Step9 Action:15 模型偏移:0.000 官方偏移:0.000 速度:0.24 奖励:-0.417 详情:居中奖励:0.76|速度过低-0.2|距离奖励:+0.00|动态归一化:-0.42
2025-05-03 17:00:47,137 - INFO - Ep3 Step10 Action:15 模型偏移:0.000 官方偏移:0.000 速度:0.24 奖励:-0.417 详情:居中奖励:0.76|速度过低-0.2|距离奖励:+0.00|动态归一化:-0.42
2025-05-03 17:00:47,420 - INFO - Ep3 Step11 Action:16 模型偏移:0.000 官方偏移:0.000 速度:0.24 奖励:-0.417 详情:居中奖励:0.76|速度过低-0.2|距离奖励:+0.00|动态归一化:-0.42
2025-05-03 17:00:47,700 - INFO - Ep3 Step12 Action:2 模型偏移:0.000 官方偏移:0.000 速度:0.24 奖励:-5.410 详情:居中奖励:0.76|速度过低-0.2|距离奖励:+0.00|卡死-2|动态归一化:-5.41
2025-05-03 17:00:47,963 - INFO - Ep3 Step13 Action:1 模型偏移:0.000 官方偏移:0.000 速度:0.24 奖励:-0.417 详情:居中奖励:0.76|速度过低-0.2|距离奖励:+0.00|动态归一化:-0.42
2025-05-03 17:00:48,221 - INFO - Ep3 Step14 Action:12 模型偏移:0.000 官方偏移:0.000 速度:0.24 奖励:-0.417 详情:居中奖励:0.76|速度过低-0.2|距离奖励:+0.00|动态归一化:-0.42
2025-05-03 17:00:48,502 - INFO - Ep3 Step15 Action:19 模型偏移:0.000 官方偏移:0.000 速度:0.24 奖励:-0.417 详情:居中奖励:0.76|速度过低-0.2|距离奖励:+0.00|动态归一化:-0.42
2025-05-03 17:00:48,762 - INFO - Ep3 Step16 Action:2 模型偏移:0.000 官方偏移:0.000 速度:0.24 奖励:-0.417 详情:居中奖励:0.76|速度过低-0.2|距离奖励:+0.00|动态归一化:-0.42
2025-05-03 17:00:49,022 - INFO - Ep3 Step17 Action:20 模型偏移:0.000 官方偏移:0.000 速度:0.24 奖励:-0.406 详情:居中奖励:0.76|速度过低-0.2|动态归一化:-0.41
2025-05-03 17:00:49,285 - INFO - Ep3 Step18 Action:28 模型偏移:0.000 官方偏移:0.000 速度:0.24 奖励:-0.395 详情:居中奖励:0.76|速度过低-0.2|动态归一化:-0.39
2025-05-03 17:00:49,538 - INFO - Ep3 Step19 Action:12 模型偏移:0.000 官方偏移:0.000 速度:0.24 奖励:-0.383 详情:居中奖励:0.76|速度过低-0.2|动态归一化:-0.38
2025-05-03 17:00:49,788 - INFO - Ep3 Step20 Action:9 模型偏移:0.000 官方偏移:0.000 速度:0.24 奖励:-0.383 详情:居中奖励:0.76|速度过低-0.2|动态归一化:-0.38
2025-05-03 17:00:50,050 - INFO - Ep3 Step21 Action:8 模型偏移:0.000 官方偏移:0.000 速度:0.24 奖励:-0.371 详情:居中奖励:0.76|速度过低-0.2|距离奖励:+0.00|动态归一化:-0.37
2025-05-03 17:00:50,322 - INFO - Ep3 Step22 Action:25 模型偏移:0.000 官方偏移:0.000 速度:0.24 奖励:-0.358 详情:居中奖励:0.76|速度过低-0.2|距离奖励:+0.00|动态归一化:-0.36
2025-05-03 17:00:50,589 - INFO - Ep3 Step23 Action:24 模型偏移:0.000 官方偏移:0.000 速度:0.24 奖励:0.913 详情:居中奖励:0.76|速度过低-0.2|距离奖励:+0.00|修正偏移+0.5|动态归一化:0.91
2025-05-03 17:00:50,840 - INFO - Ep3 Step24 Action:29 模型偏移:0.000 官方偏移:0.000 速度:0.24 奖励:0.929 详情:居中奖励:0.76|速度过低-0.2|距离奖励:+0.00|修正偏移+0.5|动态归一化:0.93
2025-05-03 17:00:51,107 - INFO - Ep3 Step25 Action:23 模型偏移:0.000 官方偏移:0.000 速度:0.24 奖励:-0.342 详情:居中奖励:0.76|速度过低-0.2|距离奖励:+0.00|动态归一化:-0.34
2025-05-03 17:00:51,357 - INFO - Ep3 Step26 Action:0 模型偏移:0.000 官方偏移:0.000 速度:0.24 奖励:-0.330 详情:居中奖励:0.76|速度过低-0.2|距离奖励:+0.00|动态归一化:-0.33
2025-05-03 17:00:51,657 - INFO - Ep3 Step27 Action:22 模型偏移:0.000 官方偏移:0.000 速度:0.24 奖励:0.967 详情:居中奖励:0.76|速度过低-0.2|距离奖励:+0.00|修正偏移+0.5|动态归一化:0.97
2025-05-03 17:00:51,931 - INFO - Ep3 Step28 Action:22 模型偏移:0.000 官方偏移:0.000 速度:0.24 奖励:0.980 详情:居中奖励:0.77|速度过低-0.2|距离奖励:+0.00|修正偏移+0.5|动态归一化:0.98
2025-05-03 17:00:52,275 - INFO - Ep3 Step29 Action:22 模型偏移:0.000 官方偏移:0.000 速度:0.23 奖励:1.003 详情:居中奖励:0.77|速度过低-0.2|距离奖励:+0.01|修正偏移+0.5|动态归一化:1.00
2025-05-03 17:00:52,578 - INFO - Ep3 Step30 Action:5 模型偏移:0.000 官方偏移:0.000 速度:0.23 奖励:0.976 详情:居中奖励:0.77|速度过低-0.2|距离奖励:+0.00|修正偏移+0.5|动态归一化:0.98
2025-05-03 17:00:52,847 - INFO - Ep3 Step31 Action:25 模型偏移:0.000 官方偏移:0.000 速度:0.23 奖励:0.976 详情:居中奖励:0.77|速度过低-0.2|距离奖励:+0.00|修正偏移+0.5|动态归一化:0.98
2025-05-03 17:00:53,185 - INFO - Ep3 Step32 Action:4 模型偏移:0.000 官方偏移:0.000 速度:0.23 奖励:-0.313 详情:居中奖励:0.77|速度过低-0.2|距离奖励:+0.00|动态归一化:-0.31
2025-05-03 17:00:53,757 - INFO - Ep3 Step33 Action:29 模型偏移:0.000 官方偏移:0.000 速度:0.23 奖励:-0.310 详情:居中奖励:0.77|速度过低-0.2|距离奖励:+0.00|动态归一化:-0.31
2025-05-03 17:00:55,415 - INFO - Ep3 Step34 Action:4 模型偏移:0.000 官方偏移:0.000 速度:0.23 奖励:0.122 详情:居中奖励:0.73|距离奖励:+0.00|动态归一化:0.12
2025-05-03 17:00:56,470 - INFO - Ep3 Step35 Action:22 模型偏移:0.000 官方偏移:0.000 速度:0.27 奖励:0.722 详情:居中奖励:0.73|速度适中+0.2|距离奖励:+0.04|动态归一化:0.72
2025-05-03 17:00:57,470 - INFO - Ep3 Step36 Action:17 模型偏移:0.000 官方偏移:0.000 速度:0.27 奖励:1.005 详情:居中奖励:0.73|速度过低-0.2|距离奖励:+0.05|修正偏移+0.5|动态归一化:1.01
2025-05-03 17:00:58,643 - INFO - Ep3 Step37 Action:0 模型偏移:0.000 官方偏移:0.000 速度:0.27 奖励:-0.446 详情:居中奖励:0.72|速度过低-0.2|距离奖励:+0.00|动态归一化:-0.45
2025-05-03 17:01:00,112 - INFO - Ep3 Step38 Action:27 模型偏移:0.000 官方偏移:0.000 速度:0.28 奖励:-0.436 详情:居中奖励:0.72|速度过低-0.2|距离奖励:+0.00|动态归一化:-0.44
2025-05-03 17:01:01,796 - INFO - Ep3 Step39 Action:1 模型偏移:0.000 官方偏移:0.000 速度:0.28 奖励:-0.443 详情:居中奖励:0.72|速度过低-0.2|距离奖励:+0.00|动态归一化:-0.44|超时15秒自动复位
2025-05-03 17:01:01,796 - INFO - Episode 3/2000 总奖励: -7.98 平均奖励(10): 3.05 epsilon: 0.687
2025-05-03 17:01:08,117 - INFO - Ep4 Step1 Action:15 模型偏移:0.000 官方偏移:0.000 速度:0.24 奖励:0.944 详情:居中奖励:0.76|速度过低-0.2|修正偏移+0.5|动态归一化:0.94
2025-05-03 17:01:09,990 - INFO - Ep4 Step2 Action:15 模型偏移:0.000 官方偏移:0.000 速度:0.24 奖励:-0.343 详情:居中奖励:0.76|速度过低-0.2|距离奖励:+0.00|动态归一化:-0.34
2025-05-03 17:01:10,791 - INFO - Ep4 Step3 Action:15 模型偏移:0.000 官方偏移:0.000 速度:0.24 奖励:-0.338 详情:居中奖励:0.76|速度过低-0.2|距离奖励:+0.00|动态归一化:-0.34
2025-05-03 17:01:11,866 - INFO - Ep4 Step4 Action:15 模型偏移:0.000 官方偏移:0.000 速度:0.24 奖励:1.433 详情:居中奖励:0.76|距离奖励:+0.00|修正偏移+0.5|动态归一化:1.43
2025-05-03 17:01:13,267 - INFO - Ep4 Step5 Action:15 模型偏移:0.000 官方偏移:0.000 速度:0.24 奖励:2.041 详情:居中奖励:0.76|速度适中+0.2|距离奖励:+0.06|修正偏移+0.5|动态归一化:2.04
2025-05-03 17:01:14,402 - INFO - Ep4 Step6 Action:15 模型偏移:0.000 官方偏移:0.000 速度:0.24 奖励:1.113 详情:居中奖励:0.76|速度过低-0.2|距离奖励:+0.10|修正偏移+0.5|动态归一化:1.11
2025-05-03 17:01:15,771 - INFO - Ep4 Step7 Action:15 模型偏移:0.000 官方偏移:0.000 速度:0.24 奖励:-0.263 详情:居中奖励:0.76|速度过低-0.2|距离奖励:+0.05|动态归一化:-0.26
2025-05-03 17:01:16,653 - INFO - Ep4 Step8 Action:15 模型偏移:0.000 官方偏移:0.000 速度:0.24 奖励:-0.381 详情:居中奖励:0.76|速度过低-0.2|距离奖励:+0.00|动态归一化:-0.38
2025-05-03 17:01:18,270 - INFO - Ep4 Step9 Action:15 模型偏移:0.000 官方偏移:0.000 速度:0.24 奖励:-0.381 详情:居中奖励:0.76|速度过低-0.2|距离奖励:+0.00|动态归一化:-0.38
2025-05-03 17:01:19,583 - INFO - Ep4 Step10 Action:15 模型偏移:0.000 官方偏移:0.000 速度:0.24 奖励:-0.381 详情:居中奖励:0.76|速度过低-0.2|距离奖励:+0.00|动态归一化:-0.38|超时15秒自动复位
2025-05-03 17:01:20,895 - INFO - Ep4 Step11 Action:1 模型偏移:0.000 官方偏移:0.000 速度:0.24 奖励:-0.381 详情:居中奖励:0.76|速度过低-0.2|距离奖励:+0.00|动态归一化:-0.38|超时15秒自动复位
2025-05-03 17:01:22,214 - INFO - Ep4 Step12 Action:5 模型偏移:0.000 官方偏移:0.000 速度:0.24 奖励:-0.381 详情:居中奖励:0.76|速度过低-0.2|距离奖励:+0.00|动态归一化:-0.38|超时15秒自动复位
2025-05-03 17:01:23,476 - INFO - Ep4 Step13 Action:1 模型偏移:0.000 官方偏移:0.000 速度:0.24 奖励:-0.381 详情:居中奖励:0.76|速度过低-0.2|距离奖励:+0.00|动态归一化:-0.38|超时15秒自动复位
2025-05-03 17:01:24,761 - INFO - Ep4 Step14 Action:24 模型偏移:0.000 官方偏移:0.000 速度:0.24 奖励:0.870 详情:居中奖励:0.77|速度过低-0.2|距离奖励:+0.00|修正偏移+0.5|动态归一化:0.87|超时15秒自动复位
2025-05-03 17:01:25,899 - INFO - Ep4 Step15 Action:22 模型偏移:0.000 官方偏移:0.000 速度:0.23 奖励:1.650 详情:居中奖励:0.81|距离奖励:+0.01|修正偏移+0.5|动态归一化:1.65|超时15秒自动复位
2025-05-03 17:01:27,559 - INFO - Ep4 Step16 Action:22 模型偏移:0.000 官方偏移:0.000 速度:0.19 奖励:2.698 详情:居中奖励:0.98|速度适中+0.2|距离奖励:+0.04|修正偏移+0.5|动态归一化:2.70|超时15秒自动复位
2025-05-03 17:01:28,882 - INFO - Ep4 Step17 Action:12 模型偏移:0.000 官方偏移:0.000 速度:0.02 奖励:0.796 详情:居中奖励:0.73|速度适中+0.2|距离奖励:+0.12|动态归一化:0.80|超时15秒自动复位
2025-05-03 17:01:30,280 - INFO - Ep4 Step18 Action:22 模型偏移:0.000 官方偏移:0.000 速度:0.27 奖励:-8.204 详情:居中奖励:0.20|速度适中+0.2|距离奖励:+0.12|车道入侵-5|动态归一化:-8.20|超时15秒自动复位
2025-05-03 17:01:31,490 - INFO - Ep4 Step19 Action:11 模型偏移:0.000 官方偏移:0.000 速度:0.80 奖励:-0.733 详情:居中奖励:-0.11|速度适中+0.2|距离奖励:+0.15|动态归一化:-0.73|超时15秒自动复位
2025-05-03 17:01:32,827 - INFO - Ep4 Step20 Action:16 模型偏移:0.000 官方偏移:0.000 速度:1.11 奖励:-6.789 详情:未检测到车道线，允许继续尝试
2025-05-03 17:01:34,097 - INFO - Ep4 Step21 Action:10 模型偏移:0.000 官方偏移:0.000 速度:1.36 奖励:-7.824 详情:未检测到车道线，允许继续尝试
2025-05-03 17:01:35,767 - INFO - Ep4 Step22 Action:18 模型偏移:0.000 官方偏移:0.000 速度:1.31 奖励:-3.845 详情:未检测到车道线，允许继续尝试
2025-05-03 17:01:36,659 - INFO - Ep4 Step23 Action:22 模型偏移:0.000 官方偏移:0.000 速度:1.30 奖励:-3.570 详情:未检测到车道线，允许继续尝试
2025-05-03 17:01:38,049 - INFO - Ep4 Step24 Action:7 模型偏移:0.000 官方偏移:0.000 速度:1.29 奖励:-3.347 详情:未检测到车道线，允许继续尝试
2025-05-03 17:01:39,776 - INFO - Ep4 Step25 Action:10 模型偏移:0.000 官方偏移:0.000 速度:1.29 奖励:-3.151 详情:未检测到车道线，允许继续尝试
2025-05-03 17:01:41,177 - INFO - Ep4 Step26 Action:22 模型偏移:0.000 官方偏移:0.000 速度:1.28 奖励:-2.983 详情:未检测到车道线，允许继续尝试
2025-05-03 17:01:42,425 - INFO - Ep4 Step27 Action:12 模型偏移:0.000 官方偏移:0.000 速度:1.27 奖励:-2.839 详情:未检测到车道线，允许继续尝试
2025-05-03 17:01:43,868 - INFO - Ep4 Step28 Action:24 模型偏移:0.000 官方偏移:0.000 速度:1.27 奖励:-2.714 详情:未检测到车道线，允许继续尝试
2025-05-03 17:01:45,058 - INFO - Ep4 Step29 Action:0 模型偏移:0.000 官方偏移:0.000 速度:1.26 奖励:-2.831 详情:未检测到车道线，允许继续尝试
2025-05-03 17:01:46,533 - INFO - Ep4 Step30 Action:28 模型偏移:0.000 官方偏移:0.000 速度:1.26 奖励:-2.481 详情:未检测到车道线，允许继续尝试
2025-05-03 17:01:47,673 - INFO - Ep4 Step31 Action:23 模型偏移:0.000 官方偏移:0.000 速度:1.25 奖励:-2.392 详情:未检测到车道线，允许继续尝试
2025-05-03 17:01:48,926 - INFO - Ep4 Step32 Action:24 模型偏移:0.000 官方偏移:0.000 速度:1.25 奖励:-2.525 详情:未检测到车道线，允许继续尝试
2025-05-03 17:01:50,139 - INFO - Ep4 Step33 Action:12 模型偏移:0.000 官方偏移:0.000 速度:1.25 奖励:-2.445 详情:未检测到车道线，允许继续尝试
2025-05-03 17:01:51,152 - INFO - Ep4 Step34 Action:26 模型偏移:0.000 官方偏移:0.000 速度:1.29 奖励:-2.360 详情:未检测到车道线，允许继续尝试
2025-05-03 17:01:52,332 - INFO - Ep4 Step35 Action:19 模型偏移:0.000 官方偏移:0.000 速度:1.30 奖励:-2.085 详情:未检测到车道线，允许继续尝试
2025-05-03 17:01:53,483 - INFO - Ep4 Step36 Action:5 模型偏移:0.000 官方偏移:0.000 速度:1.30 奖励:-2.026 详情:未检测到车道线，允许继续尝试
2025-05-03 17:01:54,621 - INFO - Ep4 Step37 Action:20 模型偏移:0.000 官方偏移:0.000 速度:1.30 奖励:-2.168 详情:未检测到车道线，允许继续尝试
2025-05-03 17:01:55,536 - INFO - Ep4 Step38 Action:20 模型偏移:0.000 官方偏移:0.000 速度:1.31 奖励:-2.107 详情:未检测到车道线，允许继续尝试
2025-05-03 17:01:57,147 - INFO - Ep4 Step39 Action:11 模型偏移:0.000 官方偏移:0.000 速度:1.32 奖励:-1.859 详情:未检测到车道线，允许继续尝试
2025-05-03 17:01:58,402 - INFO - Ep4 Step40 Action:7 模型偏移:0.000 官方偏移:0.000 速度:1.32 奖励:-1.814 详情:未检测到车道线，允许继续尝试
2025-05-03 17:01:59,866 - INFO - Ep4 Step41 Action:7 模型偏移:0.000 官方偏移:0.000 速度:1.32 奖励:-1.953 详情:未检测到车道线，允许继续尝试
2025-05-03 17:02:00,931 - INFO - Ep4 Step42 Action:13 模型偏移:0.000 官方偏移:0.000 速度:1.32 奖励:-1.902 详情:未检测到车道线，允许继续尝试
2025-05-03 17:02:02,225 - INFO - Ep4 Step43 Action:14 模型偏移:0.000 官方偏移:0.000 速度:1.32 奖励:-1.871 详情:未检测到车道线，允许继续尝试
2025-05-03 17:02:03,633 - INFO - Ep4 Step44 Action:10 模型偏移:0.000 官方偏移:0.000 速度:1.38 奖励:-2.421 详情:未检测到车道线，允许继续尝试
2025-05-03 17:02:04,945 - INFO - Ep4 Step45 Action:25 模型偏移:0.000 官方偏移:0.000 速度:1.54 奖励:-0.770 详情:未检测到车道线，允许继续尝试
2025-05-03 17:02:05,985 - INFO - Ep4 Step46 Action:20 模型偏移:0.000 官方偏移:0.000 速度:1.62 奖励:-0.693 详情:居中奖励:-0.67|速度过低-0.2|距离奖励:+0.00|偏离过大-2|动态归一化:-0.69|超时15秒自动复位
2025-05-03 17:02:05,985 - INFO - Episode 4/2000 总奖励: -74.39 平均奖励(10): -16.31 epsilon: 0.545
2025-05-03 17:02:12,476 - INFO - Ep5 Step1 Action:15 模型偏移:0.000 官方偏移:0.000 速度:0.24 奖励:0.720 详情:居中奖励:0.76|速度过低-0.2|修正偏移+0.5|动态归一化:0.72
2025-05-03 17:02:13,274 - INFO - Ep5 Step2 Action:15 模型偏移:0.000 官方偏移:0.000 速度:0.24 奖励:0.540 详情:居中奖励:0.76|速度过低-0.2|距离奖励:+0.00|动态归一化:0.54
2025-05-03 17:02:13,845 - INFO - Ep5 Step3 Action:15 模型偏移:0.000 官方偏移:0.000 速度:0.24 奖励:0.541 详情:居中奖励:0.76|速度过低-0.2|距离奖励:+0.00|动态归一化:0.54
2025-05-03 17:02:14,806 - INFO - Ep5 Step4 Action:15 模型偏移:0.000 官方偏移:0.000 速度:0.24 奖励:0.863 详情:居中奖励:0.76|速度适中+0.2|距离奖励:+0.00|修正偏移+0.5|动态归一化:0.86
2025-05-03 17:02:15,670 - INFO - Ep5 Step5 Action:15 模型偏移:0.000 官方偏移:0.000 速度:0.24 奖励:0.873 详情:居中奖励:0.76|速度适中+0.2|距离奖励:+0.03|修正偏移+0.5|动态归一化:0.87
2025-05-03 17:02:16,663 - INFO - Ep5 Step6 Action:15 模型偏移:0.000 官方偏移:0.000 速度:0.24 奖励:0.759 详情:居中奖励:0.76|速度过低-0.2|距离奖励:+0.12|修正偏移+0.5|动态归一化:0.76
2025-05-03 17:02:17,516 - INFO - Ep5 Step7 Action:15 模型偏移:0.000 官方偏移:0.000 速度:0.24 奖励:0.544 详情:居中奖励:0.76|速度过低-0.2|距离奖励:+0.02|动态归一化:0.54
2025-05-03 17:02:18,503 - INFO - Ep5 Step8 Action:15 模型偏移:0.000 官方偏移:0.000 速度:0.24 奖励:0.537 详情:居中奖励:0.76|速度过低-0.2|距离奖励:+0.00|动态归一化:0.54
2025-05-03 17:02:19,275 - INFO - Ep5 Step9 Action:15 模型偏移:0.000 官方偏移:0.000 速度:0.24 奖励:0.537 详情:居中奖励:0.76|速度过低-0.2|距离奖励:+0.00|动态归一化:0.54
2025-05-03 17:02:20,085 - INFO - Ep5 Step10 Action:15 模型偏移:0.000 官方偏移:0.000 速度:0.24 奖励:0.537 详情:居中奖励:0.76|速度过低-0.2|距离奖励:+0.00|动态归一化:0.54
2025-05-03 17:02:21,058 - INFO - Ep5 Step11 Action:6 模型偏移:0.000 官方偏移:0.000 速度:0.24 奖励:0.538 详情:居中奖励:0.76|速度过低-0.2|距离奖励:+0.00|动态归一化:0.54
2025-05-03 17:02:22,505 - INFO - Ep5 Step12 Action:20 模型偏移:0.000 官方偏移:0.000 速度:0.24 奖励:0.816 详情:居中奖励:0.81|距离奖励:+0.02|修正偏移+0.5|动态归一化:0.82|超时15秒自动复位
2025-05-03 17:02:23,361 - INFO - Ep5 Step13 Action:20 模型偏移:0.000 官方偏移:0.000 速度:0.19 奖励:0.933 详情:居中奖励:0.92|速度适中+0.2|距离奖励:+0.05|修正偏移+0.5|动态归一化:0.93|超时15秒自动复位
2025-05-03 17:02:24,452 - INFO - Ep5 Step14 Action:17 模型偏移:0.000 官方偏移:0.000 速度:0.08 奖励:0.802 详情:居中奖励:0.96|速度过低-0.2|距离奖励:+0.05|修正偏移+0.5|动态归一化:0.80|超时15秒自动复位
2025-05-03 17:02:25,070 - INFO - Ep5 Step15 Action:27 模型偏移:0.000 官方偏移:0.000 速度:0.04 奖励:0.782 详情:居中奖励:0.96|速度过低-0.2|距离奖励:+0.00|修正偏移+0.5|动态归一化:0.78|超时15秒自动复位
2025-05-03 17:02:26,204 - INFO - Ep5 Step16 Action:27 模型偏移:0.000 官方偏移:0.000 速度:0.04 奖励:0.602 详情:居中奖励:0.96|速度过低-0.2|距离奖励:+0.00|动态归一化:0.60|超时15秒自动复位
2025-05-03 17:02:27,497 - INFO - Ep5 Step17 Action:27 模型偏移:0.000 官方偏移:0.000 速度:0.04 奖励:0.601 详情:居中奖励:0.96|速度过低-0.2|距离奖励:+0.00|动态归一化:0.60|超时15秒自动复位
2025-05-03 17:02:28,962 - INFO - Ep5 Step18 Action:27 模型偏移:0.000 官方偏移:0.000 速度:0.04 奖励:0.600 详情:居中奖励:0.96|速度过低-0.2|距离奖励:+0.00|动态归一化:0.60|超时15秒自动复位
2025-05-03 17:02:29,929 - INFO - Ep5 Step19 Action:27 模型偏移:0.000 官方偏移:0.000 速度:0.04 奖励:0.599 详情:居中奖励:0.96|速度过低-0.2|距离奖励:+0.00|动态归一化:0.60|超时15秒自动复位
2025-05-03 17:02:30,994 - INFO - Ep5 Step20 Action:27 模型偏移:0.000 官方偏移:0.000 速度:0.04 奖励:0.598 详情:居中奖励:0.96|速度过低-0.2|距离奖励:+0.00|动态归一化:0.60|超时15秒自动复位
2025-05-03 17:02:30,994 - INFO - Episode 5/2000 总奖励: 13.32 平均奖励(10): -10.39 epsilon: 0.493
2025-05-03 17:02:38,003 - INFO - Ep6 Step1 Action:15 模型偏移:0.000 官方偏移:0.000 速度:0.24 奖励:0.526 详情:居中奖励:0.76|速度过低-0.2|动态归一化:0.53
2025-05-03 17:02:39,679 - INFO - Ep6 Step2 Action:15 模型偏移:0.000 官方偏移:0.000 速度:0.24 奖励:0.526 详情:居中奖励:0.76|速度过低-0.2|距离奖励:+0.00|动态归一化:0.53
2025-05-03 17:02:40,096 - INFO - Ep6 Step3 Action:15 模型偏移:0.000 官方偏移:0.000 速度:0.24 奖励:0.526 详情:居中奖励:0.76|速度过低-0.2|距离奖励:+0.00|动态归一化:0.53
2025-05-03 17:02:41,302 - INFO - Ep6 Step4 Action:15 模型偏移:0.000 官方偏移:0.000 速度:0.24 奖励:0.526 详情:居中奖励:0.76|速度过低-0.2|距离奖励:+0.00|动态归一化:0.53
2025-05-03 17:02:42,817 - INFO - Ep6 Step5 Action:15 模型偏移:0.000 官方偏移:0.000 速度:0.24 奖励:0.853 详情:居中奖励:0.76|速度适中+0.2|距离奖励:+0.03|修正偏移+0.5|动态归一化:0.85
2025-05-03 17:02:44,032 - INFO - Ep6 Step6 Action:15 模型偏移:0.000 官方偏移:0.000 速度:0.24 奖励:0.736 详情:居中奖励:0.76|速度过低-0.2|距离奖励:+0.11|修正偏移+0.5|动态归一化:0.74
2025-05-03 17:02:45,535 - INFO - Ep6 Step7 Action:15 模型偏移:0.000 官方偏移:0.000 速度:0.24 奖励:0.524 详情:居中奖励:0.76|速度过低-0.2|距离奖励:+0.04|动态归一化:0.52
2025-05-03 17:02:46,837 - INFO - Ep6 Step8 Action:15 模型偏移:0.000 官方偏移:0.000 速度:0.24 奖励:0.511 详情:居中奖励:0.76|速度过低-0.2|距离奖励:+0.00|动态归一化:0.51
2025-05-03 17:02:48,380 - INFO - Ep6 Step9 Action:15 模型偏移:0.000 官方偏移:0.000 速度:0.24 奖励:0.511 详情:居中奖励:0.76|速度过低-0.2|距离奖励:+0.00|动态归一化:0.51|超时15秒自动复位
2025-05-03 17:02:49,920 - INFO - Ep6 Step10 Action:15 模型偏移:0.000 官方偏移:0.000 速度:0.24 奖励:0.511 详情:居中奖励:0.76|速度过低-0.2|距离奖励:+0.00|动态归一化:0.51|超时15秒自动复位
2025-05-03 17:02:51,064 - INFO - Ep6 Step11 Action:22 模型偏移:0.000 官方偏移:0.000 速度:0.24 奖励:0.763 详情:居中奖励:0.78|距离奖励:+0.00|修正偏移+0.5|动态归一化:0.76|超时15秒自动复位
2025-05-03 17:02:52,528 - INFO - Ep6 Step12 Action:7 模型偏移:0.000 官方偏移:0.000 速度:0.22 奖励:0.693 详情:居中奖励:0.78|速度过低-0.2|距离奖励:+0.01|修正偏移+0.5|动态归一化:0.69|超时15秒自动复位
2025-05-03 17:02:53,714 - INFO - Ep6 Step13 Action:22 模型偏移:0.000 官方偏移:0.000 速度:0.22 奖励:0.762 详情:居中奖励:0.79|距离奖励:+0.00|修正偏移+0.5|动态归一化:0.76|超时15秒自动复位
2025-05-03 17:02:55,272 - INFO - Ep6 Step14 Action:20 模型偏移:0.000 官方偏移:0.000 速度:0.21 奖励:0.875 详情:居中奖励:0.90|速度适中+0.2|距离奖励:+0.03|修正偏移+0.5|动态归一化:0.87|超时15秒自动复位
2025-05-03 17:02:56,825 - INFO - Ep6 Step15 Action:20 模型偏移:0.000 官方偏移:0.000 速度:0.10 奖励:0.683 详情:居中奖励:0.82|速度适中+0.2|距离奖励:+0.07|动态归一化:0.68|超时15秒自动复位
2025-05-03 17:02:59,296 - INFO - Ep6 Step16 Action:10 模型偏移:0.000 官方偏移:0.000 速度:0.18 奖励:0.662 详情:居中奖励:0.72|速度适中+0.2|距离奖励:+0.12|动态归一化:0.66|超时15秒自动复位
2025-05-03 17:03:01,534 - INFO - Ep6 Step17 Action:10 模型偏移:0.000 官方偏移:0.000 速度:0.28 奖励:0.593 详情:居中奖励:0.61|距离奖励:+0.24|动态归一化:0.59|超时15秒自动复位
2025-05-03 17:03:03,414 - INFO - Ep6 Step18 Action:24 模型偏移:0.000 官方偏移:0.000 速度:0.39 奖励:-1.252 详情:未检测到车道线，允许继续尝试
2025-05-03 17:03:05,242 - INFO - Ep6 Step19 Action:14 模型偏移:0.000 官方偏移:0.000 速度:0.41 奖励:0.788 详情:未检测到车道线，允许继续尝试
2025-05-03 17:03:06,843 - INFO - Ep6 Step20 Action:10 模型偏移:0.000 官方偏移:0.000 速度:0.09 奖励:0.480 详情:未检测到车道线，允许继续尝试
2025-05-03 17:03:10,156 - INFO - Ep6 Step21 Action:24 模型偏移:0.000 官方偏移:0.000 速度:0.47 奖励:-1.572 详情:未检测到车道线，允许继续尝试
2025-05-03 17:03:12,412 - INFO - Ep6 Step22 Action:22 模型偏移:0.000 官方偏移:0.000 速度:1.30 奖励:-1.428 详情:未检测到车道线，允许继续尝试
2025-05-03 17:03:14,556 - INFO - Ep6 Step23 Action:6 模型偏移:0.000 官方偏移:0.000 速度:1.29 奖励:-1.447 详情:未检测到车道线，允许继续尝试
2025-05-03 17:03:16,542 - INFO - Ep6 Step24 Action:6 模型偏移:0.000 官方偏移:0.000 速度:1.29 奖励:-1.418 详情:未检测到车道线，允许继续尝试
2025-05-03 17:03:18,341 - INFO - Ep6 Step25 Action:26 模型偏移:0.000 官方偏移:0.000 速度:1.29 奖励:-1.389 详情:未检测到车道线，允许继续尝试
2025-05-03 17:03:19,868 - INFO - Ep6 Step26 Action:6 模型偏移:0.000 官方偏移:0.000 速度:1.29 奖励:-1.361 详情:未检测到车道线，允许继续尝试
2025-05-03 17:03:21,349 - INFO - Ep6 Step27 Action:6 模型偏移:0.000 官方偏移:0.000 速度:1.29 奖励:-1.335 详情:未检测到车道线，允许继续尝试
2025-05-03 17:03:22,874 - INFO - Ep6 Step28 Action:10 模型偏移:0.000 官方偏移:0.000 速度:1.28 奖励:-1.308 详情:未检测到车道线，允许继续尝试
2025-05-03 17:03:24,317 - INFO - Ep6 Step29 Action:10 模型偏移:0.000 官方偏移:0.000 速度:1.28 奖励:-1.282 详情:未检测到车道线，允许继续尝试
2025-05-03 17:03:25,828 - INFO - Ep6 Step30 Action:10 模型偏移:0.000 官方偏移:0.000 速度:1.28 奖励:-1.257 详情:未检测到车道线，允许继续尝试
2025-05-03 17:03:27,951 - INFO - Ep6 Step31 Action:0 模型偏移:0.000 官方偏移:0.000 速度:1.27 奖励:-1.867 详情:未检测到车道线，允许继续尝试
2025-05-03 17:03:29,512 - INFO - Ep6 Step32 Action:10 模型偏移:0.000 官方偏移:0.000 速度:1.27 奖励:-1.192 详情:未检测到车道线，允许继续尝试
2025-05-03 17:03:30,940 - INFO - Ep6 Step33 Action:10 模型偏移:0.000 官方偏移:0.000 速度:1.27 奖励:-1.170 详情:未检测到车道线，允许继续尝试
2025-05-03 17:03:32,450 - INFO - Ep6 Step34 Action:10 模型偏移:0.000 官方偏移:0.000 速度:1.26 奖励:-1.141 详情:未检测到车道线，允许继续尝试
2025-05-03 17:03:34,066 - INFO - Ep6 Step35 Action:10 模型偏移:0.000 官方偏移:0.000 速度:1.24 奖励:-1.119 详情:未检测到车道线，允许继续尝试
2025-05-03 17:03:35,995 - INFO - Ep6 Step36 Action:10 模型偏移:0.000 官方偏移:0.000 速度:1.23 奖励:-1.097 详情:未检测到车道线，允许继续尝试
2025-05-03 17:03:37,494 - INFO - Ep6 Step37 Action:19 模型偏移:0.000 官方偏移:0.000 速度:1.23 奖励:-1.234 详情:未检测到车道线，允许继续尝试
2025-05-03 17:03:38,980 - INFO - Ep6 Step38 Action:10 模型偏移:0.000 官方偏移:0.000 速度:1.23 奖励:-1.054 详情:未检测到车道线，允许继续尝试
2025-05-03 17:03:40,502 - INFO - Ep6 Step39 Action:21 模型偏移:0.000 官方偏移:0.000 速度:1.22 奖励:-1.035 详情:未检测到车道线，允许继续尝试
2025-05-03 17:03:41,760 - INFO - Ep6 Step40 Action:10 模型偏移:0.000 官方偏移:0.000 速度:1.22 奖励:-1.015 详情:未检测到车道线，允许继续尝试
2025-05-03 17:03:43,320 - INFO - Ep6 Step41 Action:15 模型偏移:0.000 官方偏移:0.000 速度:1.22 奖励:-0.997 详情:未检测到车道线，允许继续尝试
2025-05-03 17:03:44,891 - INFO - Ep6 Step42 Action:10 模型偏移:0.000 官方偏移:0.000 速度:1.22 奖励:-1.602 详情:未检测到车道线，允许继续尝试
2025-05-03 17:03:46,223 - INFO - Ep6 Step43 Action:24 模型偏移:0.000 官方偏移:0.000 速度:1.21 奖励:-0.947 详情:未检测到车道线，允许继续尝试
2025-05-03 17:03:46,983 - INFO - Ep6 Step44 Action:1 模型偏移:0.000 官方偏移:0.000 速度:1.21 奖励:-1.087 详情:未检测到车道线，允许继续尝试
2025-05-03 17:03:48,116 - INFO - Ep6 Step45 Action:10 模型偏移:0.000 官方偏移:0.000 速度:1.21 奖励:-0.910 详情:未检测到车道线，允许继续尝试
2025-05-03 17:03:49,306 - INFO - Ep6 Step46 Action:10 模型偏移:0.000 官方偏移:0.000 速度:1.21 奖励:-0.892 详情:未检测到车道线，允许继续尝试
2025-05-03 17:03:50,683 - INFO - Ep6 Step47 Action:12 模型偏移:0.000 官方偏移:0.000 速度:1.21 奖励:-0.875 详情:未检测到车道线，允许继续尝试
2025-05-03 17:03:52,116 - INFO - Ep6 Step48 Action:18 模型偏移:0.000 官方偏移:0.000 速度:1.20 奖励:-0.859 详情:未检测到车道线，允许继续尝试
2025-05-03 17:03:53,181 - INFO - Ep6 Step49 Action:18 模型偏移:0.000 官方偏移:0.000 速度:1.20 奖励:-0.842 详情:未检测到车道线，允许继续尝试
2025-05-03 17:03:54,579 - INFO - Ep6 Step50 Action:10 模型偏移:0.000 官方偏移:0.000 速度:1.20 奖励:-0.824 详情:未检测到车道线，允许继续尝试
2025-05-03 17:03:55,923 - INFO - Ep6 Step51 Action:10 模型偏移:0.000 官方偏移:0.000 速度:1.20 奖励:-0.807 详情:未检测到车道线，允许继续尝试
2025-05-03 17:03:57,243 - INFO - Ep6 Step52 Action:23 模型偏移:0.000 官方偏移:0.000 速度:1.19 奖励:0.807 详情:未检测到车道线，允许继续尝试
2025-05-03 17:03:58,590 - INFO - Ep6 Step53 Action:10 模型偏移:0.000 官方偏移:0.000 速度:1.19 奖励:-1.440 详情:未检测到车道线，允许继续尝试
2025-05-03 17:04:00,274 - INFO - Ep6 Step54 Action:14 模型偏移:0.000 官方偏移:0.000 速度:1.19 奖励:-0.792 详情:未检测到车道线，允许继续尝试
2025-05-03 17:04:02,623 - INFO - Ep6 Step55 Action:13 模型偏移:0.000 官方偏移:0.000 速度:1.18 奖励:0.818 详情:未检测到车道线，允许继续尝试
2025-05-03 17:04:03,266 - INFO - Ep6 Step56 Action:6 模型偏移:0.000 官方偏移:0.000 速度:1.18 奖励:-0.842 详情:未检测到车道线，允许继续尝试
2025-05-03 17:04:03,473 - INFO - Ep6 Step57 Action:14 模型偏移:0.000 官方偏移:0.000 速度:1.18 奖励:-1.006 详情:未检测到车道线，允许继续尝试
2025-05-03 17:04:03,681 - INFO - Ep6 Step58 Action:14 模型偏移:0.000 官方偏移:0.000 速度:1.18 奖励:-0.841 详情:未检测到车道线，允许继续尝试
2025-05-03 17:04:03,880 - INFO - Ep6 Step59 Action:14 模型偏移:0.000 官方偏移:0.000 速度:1.18 奖励:-0.841 详情:未检测到车道线，允许继续尝试
2025-05-03 17:04:04,065 - INFO - Ep6 Step60 Action:14 模型偏移:0.000 官方偏移:0.000 速度:1.18 奖励:-0.841 详情:未检测到车道线，允许继续尝试
2025-05-03 17:04:04,271 - INFO - Ep6 Step61 Action:14 模型偏移:0.000 官方偏移:0.000 速度:1.18 奖励:-0.841 详情:未检测到车道线，允许继续尝试
2025-05-03 17:04:04,480 - INFO - Ep6 Step62 Action:14 模型偏移:0.000 官方偏移:0.000 速度:1.18 奖励:-0.841 详情:未检测到车道线，允许继续尝试
2025-05-03 17:04:04,679 - INFO - Ep6 Step63 Action:14 模型偏移:0.000 官方偏移:0.000 速度:1.18 奖励:-0.844 详情:未检测到车道线，允许继续尝试
2025-05-03 17:04:04,879 - INFO - Ep6 Step64 Action:0 模型偏移:0.000 官方偏移:0.000 速度:1.18 奖励:-1.493 详情:未检测到车道线，允许继续尝试
2025-05-03 17:04:05,089 - INFO - Ep6 Step65 Action:14 模型偏移:0.000 官方偏移:0.000 速度:1.18 奖励:-0.832 详情:未检测到车道线，允许继续尝试
2025-05-03 17:04:05,301 - INFO - Ep6 Step66 Action:1 模型偏移:0.000 官方偏移:0.000 速度:1.17 奖励:0.802 详情:未检测到车道线，允许继续尝试
2025-05-03 17:04:05,504 - INFO - Ep6 Step67 Action:14 模型偏移:0.000 官方偏移:0.000 速度:1.17 奖励:-1.017 详情:未检测到车道线，允许继续尝试
2025-05-03 17:04:05,718 - INFO - Ep6 Step68 Action:29 模型偏移:0.000 官方偏移:0.000 速度:1.17 奖励:0.784 详情:未检测到车道线，允许继续尝试
2025-05-03 17:04:05,932 - INFO - Ep6 Step69 Action:0 模型偏移:0.000 官方偏移:0.000 速度:1.17 奖励:-0.871 详情:未检测到车道线，允许继续尝试
2025-05-03 17:04:06,149 - INFO - Ep6 Step70 Action:1 模型偏移:0.000 官方偏移:0.000 速度:1.17 奖励:-0.872 详情:未检测到车道线，允许继续尝试
2025-05-03 17:04:06,363 - INFO - Ep6 Step71 Action:15 模型偏移:0.000 官方偏移:0.000 速度:1.17 奖励:0.603 详情:未检测到车道线，允许继续尝试
2025-05-03 17:04:06,555 - INFO - Ep6 Step72 Action:21 模型偏移:0.000 官方偏移:0.000 速度:1.17 奖励:0.587 详情:未检测到车道线，允许继续尝试
2025-05-03 17:04:06,760 - INFO - Ep6 Step73 Action:15 模型偏移:0.000 官方偏移:0.000 速度:1.17 奖励:0.573 详情:未检测到车道线，允许继续尝试
2025-05-03 17:04:06,970 - INFO - Ep6 Step74 Action:15 模型偏移:0.000 官方偏移:0.000 速度:1.17 奖励:0.559 详情:未检测到车道线，允许继续尝试
2025-05-03 17:04:07,164 - INFO - Ep6 Step75 Action:22 模型偏移:0.000 官方偏移:0.000 速度:1.17 奖励:-1.598 详情:未检测到车道线，允许继续尝试
2025-05-03 17:04:07,376 - INFO - Ep6 Step76 Action:29 模型偏移:0.000 官方偏移:0.000 速度:1.17 奖励:-0.938 详情:未检测到车道线，允许继续尝试
2025-05-03 17:04:07,581 - INFO - Ep6 Step77 Action:1 模型偏移:0.000 官方偏移:0.000 速度:1.17 奖励:-1.105 详情:未检测到车道线，允许继续尝试
2025-05-03 17:04:07,781 - INFO - Ep6 Step78 Action:29 模型偏移:0.000 官方偏移:0.000 速度:1.17 奖励:0.543 详情:未检测到车道线，允许继续尝试
2025-05-03 17:04:07,989 - INFO - Ep6 Step79 Action:29 模型偏移:0.000 官方偏移:0.000 速度:1.17 奖励:0.534 详情:未检测到车道线，允许继续尝试
2025-05-03 17:04:08,201 - INFO - Ep6 Step80 Action:29 模型偏移:0.000 官方偏移:0.000 速度:1.17 奖励:0.524 详情:未检测到车道线，允许继续尝试
2025-05-03 17:04:08,423 - INFO - Ep6 Step81 Action:29 模型偏移:0.000 官方偏移:0.000 速度:1.17 奖励:0.532 详情:未检测到车道线，允许继续尝试
2025-05-03 17:04:08,629 - INFO - Ep6 Step82 Action:1 模型偏移:0.000 官方偏移:0.000 速度:1.17 奖励:0.536 详情:未检测到车道线，允许继续尝试
2025-05-03 17:04:08,824 - INFO - Ep6 Step83 Action:0 模型偏移:0.000 官方偏移:0.000 速度:1.17 奖励:-0.965 详情:未检测到车道线，允许继续尝试
2025-05-03 17:04:09,017 - INFO - Ep6 Step84 Action:29 模型偏移:0.000 官方偏移:0.000 速度:1.17 奖励:0.733 详情:未检测到车道线，允许继续尝试
2025-05-03 17:04:09,243 - INFO - Ep6 Step85 Action:29 模型偏移:0.000 官方偏移:0.000 速度:1.17 奖励:0.574 详情:未检测到车道线，允许继续尝试
2025-05-03 17:04:09,443 - INFO - Ep6 Step86 Action:29 模型偏移:0.000 官方偏移:0.000 速度:1.17 奖励:-0.097 详情:未检测到车道线，允许继续尝试
2025-05-03 17:04:09,646 - INFO - Ep6 Step87 Action:17 模型偏移:0.000 官方偏移:0.000 速度:1.17 奖励:0.766 详情:未检测到车道线，允许继续尝试
2025-05-03 17:04:09,856 - INFO - Ep6 Step88 Action:29 模型偏移:0.000 官方偏移:0.000 速度:1.17 奖励:0.599 详情:未检测到车道线，允许继续尝试
2025-05-03 17:04:10,065 - INFO - Ep6 Step89 Action:29 模型偏移:0.000 官方偏移:0.000 速度:1.17 奖励:0.604 详情:未检测到车道线，允许继续尝试
2025-05-03 17:04:10,281 - INFO - Ep6 Step90 Action:29 模型偏移:0.000 官方偏移:0.000 速度:1.17 奖励:0.610 详情:未检测到车道线，允许继续尝试
