2025-05-03 16:45:43,097 - INFO - 训练开始
2025-05-03 16:45:55,906 - INFO - Ep1 Step1 Action:2 模型偏移:0.000 官方偏移:0.000 速度:0.24 奖励:0.000 详情:距离奖励:0.00|居中奖励:0.76|速度过低-0.2|动态归一化:0.00
2025-05-03 16:45:56,119 - INFO - Ep1 Step2 Action:2 模型偏移:0.000 官方偏移:0.000 速度:0.24 奖励:1.000 详情:距离奖励:0.00|居中奖励:0.76|速度过低-0.2|动态归一化:1.00
2025-05-03 16:45:56,350 - INFO - Ep1 Step3 Action:2 模型偏移:0.000 官方偏移:0.000 速度:0.24 奖励:0.920 详情:距离奖励:0.00|居中奖励:0.76|速度过低-0.2|动态归一化:0.92
2025-05-03 16:45:56,584 - INFO - Ep1 Step4 Action:2 模型偏移:0.000 官方偏移:0.000 速度:0.24 奖励:1.181 详情:距离奖励:0.00|居中奖励:0.76|速度过低-0.2|动态归一化:1.18
2025-05-03 16:45:56,801 - INFO - Ep1 Step5 Action:2 模型偏移:0.000 官方偏移:0.000 速度:0.24 奖励:0.943 详情:距离奖励:0.00|居中奖励:0.76|速度过低-0.2|动态归一化:0.94
2025-05-03 16:45:57,028 - INFO - Ep1 Step6 Action:2 模型偏移:0.000 官方偏移:0.000 速度:0.24 奖励:1.126 详情:距离奖励:0.00|居中奖励:0.76|速度过低-0.2|动态归一化:1.13
2025-05-03 16:45:57,236 - INFO - Ep1 Step7 Action:2 模型偏移:0.000 官方偏移:0.000 速度:0.24 奖励:2.449 详情:距离奖励:0.01|居中奖励:0.76|修正偏移+0.5|动态归一化:2.45
2025-05-03 16:45:57,454 - INFO - Ep1 Step8 Action:2 模型偏移:0.000 官方偏移:0.000 速度:0.24 奖励:2.040 详情:距离奖励:0.05|居中奖励:0.76|速度适中+0.2|修正偏移+0.5|动态归一化:2.04
2025-05-03 16:45:57,674 - INFO - Ep1 Step9 Action:2 模型偏移:0.000 官方偏移:0.000 速度:0.24 奖励:1.668 详情:距离奖励:0.11|居中奖励:0.76|速度适中+0.2|修正偏移+0.5|动态归一化:1.67
2025-05-03 16:45:57,890 - INFO - Ep1 Step10 Action:2 模型偏移:0.000 官方偏移:0.000 速度:0.24 奖励:1.501 详情:距离奖励:0.17|居中奖励:0.76|速度适中+0.2|修正偏移+0.5|动态归一化:1.50
2025-05-03 16:45:58,112 - INFO - Ep1 Step11 Action:2 模型偏移:0.000 官方偏移:0.000 速度:0.24 奖励:1.423 详情:距离奖励:0.25|居中奖励:0.76|速度适中+0.2|修正偏移+0.5|动态归一化:1.42
2025-05-03 16:45:58,326 - INFO - Ep1 Step12 Action:2 模型偏移:0.000 官方偏移:0.000 速度:0.24 奖励:1.393 详情:距离奖励:0.34|居中奖励:0.76|速度适中+0.2|修正偏移+0.5|动态归一化:1.39
2025-05-03 16:45:58,531 - INFO - Ep1 Step13 Action:2 模型偏移:0.000 官方偏移:0.000 速度:0.24 奖励:1.384 详情:距离奖励:0.44|居中奖励:0.76|速度适中+0.2|修正偏移+0.5|动态归一化:1.38
2025-05-03 16:45:58,748 - INFO - Ep1 Step14 Action:2 模型偏移:0.000 官方偏移:0.000 速度:0.24 奖励:1.405 详情:距离奖励:0.55|居中奖励:0.76|速度适中+0.2|修正偏移+0.5|动态归一化:1.41
2025-05-03 16:45:58,951 - INFO - Ep1 Step15 Action:2 模型偏移:0.000 官方偏移:0.000 速度:0.24 奖励:1.422 详情:距离奖励:0.65|居中奖励:0.76|速度适中+0.2|修正偏移+0.5|动态归一化:1.42
2025-05-03 16:45:59,170 - INFO - Ep1 Step16 Action:2 模型偏移:0.000 官方偏移:0.000 速度:0.24 奖励:1.460 详情:距离奖励:0.78|居中奖励:0.76|速度适中+0.2|修正偏移+0.5|动态归一化:1.46
2025-05-03 16:45:59,387 - INFO - Ep1 Step17 Action:2 模型偏移:0.000 官方偏移:0.000 速度:0.24 奖励:1.249 详情:距离奖励:0.91|居中奖励:0.76|修正偏移+0.5|动态归一化:1.25
2025-05-03 16:45:59,589 - INFO - Ep1 Step18 Action:2 模型偏移:0.000 官方偏移:0.000 速度:0.24 奖励:1.338 详情:距离奖励:1.04|居中奖励:0.76|修正偏移+0.5|动态归一化:1.34
2025-05-03 16:45:59,781 - INFO - Ep1 Step19 Action:2 模型偏移:0.000 官方偏移:0.000 速度:0.24 奖励:1.413 详情:距离奖励:1.17|居中奖励:0.76|修正偏移+0.5|动态归一化:1.41
2025-05-03 16:45:59,976 - INFO - Ep1 Step20 Action:2 模型偏移:0.000 官方偏移:0.000 速度:0.24 奖励:1.496 详情:距离奖励:1.33|居中奖励:0.76|修正偏移+0.5|动态归一化:1.50
2025-05-03 16:46:00,170 - INFO - Ep1 Step21 Action:2 模型偏移:0.000 官方偏移:0.000 速度:0.24 奖励:1.307 详情:距离奖励:1.46|居中奖励:0.76|速度过快-0.2|修正偏移+0.5|动态归一化:1.31
2025-05-03 16:46:00,385 - INFO - Ep1 Step22 Action:2 模型偏移:0.000 官方偏移:0.000 速度:0.24 奖励:1.455 详情:距离奖励:1.65|居中奖励:0.76|速度过快-0.2|修正偏移+0.5|动态归一化:1.45
2025-05-03 16:46:00,569 - INFO - Ep1 Step23 Action:2 模型偏移:0.000 官方偏移:0.000 速度:0.24 奖励:1.528 详情:距离奖励:1.79|居中奖励:0.76|速度过快-0.2|修正偏移+0.5|动态归一化:1.53
2025-05-03 16:46:00,756 - INFO - Ep1 Step24 Action:2 模型偏移:0.000 官方偏移:0.000 速度:0.24 奖励:1.608 详情:距离奖励:1.96|居中奖励:0.76|速度过快-0.2|修正偏移+0.5|动态归一化:1.61
2025-05-03 16:46:00,941 - INFO - Ep1 Step25 Action:2 模型偏移:0.000 官方偏移:0.000 速度:0.24 奖励:1.681 详情:距离奖励:2.13|居中奖励:0.77|速度过快-0.2|修正偏移+0.5|动态归一化:1.68
2025-05-03 16:46:01,127 - INFO - Ep1 Step26 Action:2 模型偏移:0.000 官方偏移:0.000 速度:0.23 奖励:1.738 详情:距离奖励:2.31|居中奖励:0.77|速度过快-0.2|修正偏移+0.5|动态归一化:1.74
2025-05-03 16:46:01,315 - INFO - Ep1 Step27 Action:2 模型偏移:0.000 官方偏移:0.000 速度:0.23 奖励:1.809 详情:距离奖励:2.51|居中奖励:0.77|速度过快-0.2|修正偏移+0.5|动态归一化:1.81
2025-05-03 16:46:01,505 - INFO - Ep1 Step28 Action:2 模型偏移:0.000 官方偏移:0.000 速度:0.23 奖励:1.844 详情:距离奖励:2.69|居中奖励:0.77|速度过快-0.2|修正偏移+0.5|动态归一化:1.84
2025-05-03 16:46:01,701 - INFO - Ep1 Step29 Action:2 模型偏移:0.000 官方偏移:0.000 速度:0.23 奖励:1.876 详情:距离奖励:2.88|居中奖励:0.77|速度过快-0.2|修正偏移+0.5|动态归一化:1.88
2025-05-03 16:46:01,892 - INFO - Ep1 Step30 Action:2 模型偏移:0.000 官方偏移:0.000 速度:0.23 奖励:1.937 详情:距离奖励:3.12|居中奖励:0.77|速度过快-0.2|修正偏移+0.5|动态归一化:1.94
2025-05-03 16:46:02,087 - INFO - Ep1 Step31 Action:4 模型偏移:0.000 官方偏移:0.000 速度:0.23 奖励:2.049 详情:距离奖励:3.32|居中奖励:0.89|速度过快-0.2|修正偏移+0.5|动态归一化:2.05
2025-05-03 16:46:02,290 - INFO - Ep1 Step32 Action:3 模型偏移:0.000 官方偏移:0.000 速度:0.11 奖励:1.618 详情:距离奖励:3.55|居中奖励:0.80|速度过快-0.2|动态归一化:1.62
2025-05-03 16:46:02,490 - INFO - Ep1 Step33 Action:2 模型偏移:0.000 官方偏移:0.000 速度:0.20 奖励:1.338 详情:距离奖励:3.77|居中奖励:0.32|速度过快-0.2|动态归一化:1.34
2025-05-03 16:46:02,679 - INFO - Ep1 Step34 Action:3 模型偏移:0.000 官方偏移:0.000 速度:0.68 奖励:1.102 详情:距离奖励:3.99|居中奖励:-0.14|速度过快-0.2|动态归一化:1.10
2025-05-03 16:46:02,870 - INFO - Ep1 Step35 Action:2 模型偏移:0.000 官方偏移:0.000 速度:1.14 奖励:-0.845 详情:距离奖励:4.23|居中奖励:-0.70|速度过快-0.2|偏离过大-2|动态归一化:-0.85
2025-05-03 16:46:02,870 - INFO - Episode 1/2000 总奖励: 48.86 平均奖励(10): 48.86 epsilon: 1.000
2025-05-03 16:46:03,738 - INFO - Ep2 Step1 Action:2 模型偏移:0.000 官方偏移:0.000 速度:0.24 奖励:-0.881 详情:距离奖励:0.00|居中奖励:0.76|修正偏移+0.5|动态归一化:-0.88
2025-05-03 16:46:03,959 - INFO - Ep2 Step2 Action:2 模型偏移:0.000 官方偏移:0.000 速度:0.24 奖励:-1.412 详情:距离奖励:0.01|居中奖励:0.76|速度过低-0.2|动态归一化:-1.41
2025-05-03 16:46:04,170 - INFO - Ep2 Step3 Action:2 模型偏移:0.000 官方偏移:0.000 速度:0.24 奖励:-1.358 详情:距离奖励:0.01|居中奖励:0.76|速度过低-0.2|动态归一化:-1.36
2025-05-03 16:46:04,379 - INFO - Ep2 Step4 Action:2 模型偏移:0.000 官方偏移:0.000 速度:0.24 奖励:-1.309 详情:距离奖励:0.01|居中奖励:0.76|速度过低-0.2|动态归一化:-1.31
2025-05-03 16:46:04,582 - INFO - Ep2 Step5 Action:2 模型偏移:0.000 官方偏移:0.000 速度:0.24 奖励:-1.265 详情:距离奖励:0.01|居中奖励:0.76|速度过低-0.2|动态归一化:-1.27
2025-05-03 16:46:04,785 - INFO - Ep2 Step6 Action:2 模型偏移:0.000 官方偏移:0.000 速度:0.24 奖励:-1.226 详情:距离奖励:0.01|居中奖励:0.76|速度过低-0.2|动态归一化:-1.23
2025-05-03 16:46:04,991 - INFO - Ep2 Step7 Action:2 模型偏移:0.000 官方偏移:0.000 速度:0.24 奖励:-1.190 详情:距离奖励:0.01|居中奖励:0.76|速度过低-0.2|动态归一化:-1.19
2025-05-03 16:46:05,192 - INFO - Ep2 Step8 Action:2 模型偏移:0.000 官方偏移:0.000 速度:0.24 奖励:-1.157 详情:距离奖励:0.01|居中奖励:0.76|速度过低-0.2|动态归一化:-1.16
2025-05-03 16:46:05,394 - INFO - Ep2 Step9 Action:2 模型偏移:0.000 官方偏移:0.000 速度:0.24 奖励:-1.127 详情:距离奖励:0.01|居中奖励:0.76|速度过低-0.2|动态归一化:-1.13
2025-05-03 16:46:05,589 - INFO - Ep2 Step10 Action:2 模型偏移:0.000 官方偏移:0.000 速度:0.24 奖励:-1.099 详情:距离奖励:0.01|居中奖励:0.76|速度过低-0.2|动态归一化:-1.10
2025-05-03 16:46:05,802 - INFO - Ep2 Step11 Action:2 模型偏移:0.000 官方偏移:0.000 速度:0.24 奖励:-1.073 详情:距离奖励:0.01|居中奖励:0.76|速度过低-0.2|动态归一化:-1.07
2025-05-03 16:46:06,010 - INFO - Ep2 Step12 Action:2 模型偏移:0.000 官方偏移:0.000 速度:0.24 奖励:-1.049 详情:距离奖励:0.01|居中奖励:0.76|速度过低-0.2|动态归一化:-1.05
2025-05-03 16:46:06,229 - INFO - Ep2 Step13 Action:2 模型偏移:0.000 官方偏移:0.000 速度:0.24 奖励:-1.026 详情:距离奖励:0.01|居中奖励:0.76|速度过低-0.2|动态归一化:-1.03
2025-05-03 16:46:06,442 - INFO - Ep2 Step14 Action:2 模型偏移:0.000 官方偏移:0.000 速度:0.24 奖励:-1.005 详情:距离奖励:0.01|居中奖励:0.76|速度过低-0.2|动态归一化:-1.00
2025-05-03 16:46:06,650 - INFO - Ep2 Step15 Action:2 模型偏移:0.000 官方偏移:0.000 速度:0.24 奖励:-0.985 详情:距离奖励:0.01|居中奖励:0.76|速度过低-0.2|动态归一化:-0.98
2025-05-03 16:46:06,870 - INFO - Ep2 Step16 Action:2 模型偏移:0.000 官方偏移:0.000 速度:0.24 奖励:-0.966 详情:距离奖励:0.01|居中奖励:0.76|速度过低-0.2|动态归一化:-0.97
2025-05-03 16:46:07,090 - INFO - Ep2 Step17 Action:2 模型偏移:0.000 官方偏移:0.000 速度:0.24 奖励:-0.948 详情:距离奖励:0.01|居中奖励:0.76|速度过低-0.2|动态归一化:-0.95
2025-05-03 16:46:07,304 - INFO - Ep2 Step18 Action:2 模型偏移:0.000 官方偏移:0.000 速度:0.24 奖励:-0.931 详情:距离奖励:0.01|居中奖励:0.76|速度过低-0.2|动态归一化:-0.93
2025-05-03 16:46:07,509 - INFO - Ep2 Step19 Action:2 模型偏移:0.000 官方偏移:0.000 速度:0.24 奖励:-0.915 详情:距离奖励:0.01|居中奖励:0.76|速度过低-0.2|动态归一化:-0.92
2025-05-03 16:46:07,715 - INFO - Ep2 Step20 Action:2 模型偏移:0.000 官方偏移:0.000 速度:0.24 奖励:-0.900 详情:距离奖励:0.01|居中奖励:0.76|速度过低-0.2|动态归一化:-0.90
2025-05-03 16:46:07,923 - INFO - Ep2 Step21 Action:2 模型偏移:0.000 官方偏移:0.000 速度:0.24 奖励:-0.886 详情:距离奖励:0.01|居中奖励:0.76|速度过低-0.2|动态归一化:-0.89
2025-05-03 16:46:08,127 - INFO - Ep2 Step22 Action:2 模型偏移:0.000 官方偏移:0.000 速度:0.24 奖励:-0.131 详情:距离奖励:0.05|居中奖励:0.76|速度适中+0.2|修正偏移+0.5|动态归一化:-0.13
2025-05-03 16:46:08,331 - INFO - Ep2 Step23 Action:2 模型偏移:0.000 官方偏移:0.000 速度:0.24 奖励:-0.074 详情:距离奖励:0.12|居中奖励:0.76|速度适中+0.2|修正偏移+0.5|动态归一化:-0.07
2025-05-03 16:46:08,538 - INFO - Ep2 Step24 Action:2 模型偏移:0.000 官方偏移:0.000 速度:0.24 奖励:-0.018 详情:距离奖励:0.19|居中奖励:0.76|速度适中+0.2|修正偏移+0.5|动态归一化:-0.02
2025-05-03 16:46:08,771 - INFO - Ep2 Step25 Action:2 模型偏移:0.000 官方偏移:0.000 速度:0.24 奖励:0.087 详情:距离奖励:0.32|居中奖励:0.76|速度适中+0.2|修正偏移+0.5|动态归一化:0.09
2025-05-03 16:46:08,970 - INFO - Ep2 Step26 Action:2 模型偏移:0.000 官方偏移:0.000 速度:0.24 奖励:0.161 详情:距离奖励:0.41|居中奖励:0.76|速度适中+0.2|修正偏移+0.5|动态归一化:0.16
2025-05-03 16:46:09,177 - INFO - Ep2 Step27 Action:2 模型偏移:0.000 官方偏移:0.000 速度:0.24 奖励:0.253 详情:距离奖励:0.52|居中奖励:0.76|速度适中+0.2|修正偏移+0.5|动态归一化:0.25
2025-05-03 16:46:09,381 - INFO - Ep2 Step28 Action:2 模型偏移:0.000 官方偏移:0.000 速度:0.24 奖励:0.189 详情:距离奖励:0.65|居中奖励:0.76|修正偏移+0.5|动态归一化:0.19
2025-05-03 16:46:09,578 - INFO - Ep2 Step29 Action:2 模型偏移:0.000 官方偏移:0.000 速度:0.24 奖励:0.280 详情:距离奖励:0.76|居中奖励:0.76|修正偏移+0.5|动态归一化:0.28
2025-05-03 16:46:09,786 - INFO - Ep2 Step30 Action:2 模型偏移:0.000 官方偏移:0.000 速度:0.24 奖励:0.397 详情:距离奖励:0.90|居中奖励:0.76|修正偏移+0.5|动态归一化:0.40
2025-05-03 16:46:09,994 - INFO - Ep2 Step31 Action:1 模型偏移:0.000 官方偏移:0.000 速度:0.24 奖励:0.042 详情:距离奖励:1.05|居中奖励:0.70|动态归一化:0.04
2025-05-03 16:46:10,215 - INFO - Ep2 Step32 Action:2 模型偏移:0.000 官方偏移:0.000 速度:0.30 奖励:0.093 详情:距离奖励:1.20|居中奖励:0.61|动态归一化:0.09
2025-05-03 16:46:10,425 - INFO - Ep2 Step33 Action:3 模型偏移:0.000 官方偏移:0.000 速度:0.39 奖励:0.056 详情:距离奖励:1.38|居中奖励:0.59|速度过快-0.2|动态归一化:0.06
2025-05-03 16:46:10,628 - INFO - Ep2 Step34 Action:0 模型偏移:0.000 官方偏移:0.000 速度:0.41 奖励:0.155 详情:距离奖励:1.56|居中奖励:0.52|速度过快-0.2|动态归一化:0.16
2025-05-03 16:46:10,832 - INFO - Ep2 Step35 Action:0 模型偏移:0.000 官方偏移:0.000 速度:0.48 奖励:-3.833 详情:距离奖励:1.73|居中奖励:0.25|速度过快-0.2|车道入侵-5|动态归一化:-3.83
2025-05-03 16:46:10,833 - INFO - Episode 2/2000 总奖励: -25.05 平均奖励(10): 11.90 epsilon: 1.000
2025-05-03 16:46:11,707 - INFO - Ep3 Step1 Action:2 模型偏移:0.000 官方偏移:0.000 速度:0.24 奖励:-0.449 详情:距离奖励:0.00|居中奖励:0.76|速度过低-0.2|修正偏移+0.5|动态归一化:-0.45
2025-05-03 16:46:11,923 - INFO - Ep3 Step2 Action:2 模型偏移:0.000 官方偏移:0.000 速度:0.24 奖励:-0.834 详情:距离奖励:0.00|居中奖励:0.76|速度过低-0.2|动态归一化:-0.83
2025-05-03 16:46:12,145 - INFO - Ep3 Step3 Action:2 模型偏移:0.000 官方偏移:0.000 速度:0.24 奖励:-0.824 详情:距离奖励:0.00|居中奖励:0.76|速度过低-0.2|动态归一化:-0.82
2025-05-03 16:46:12,356 - INFO - Ep3 Step4 Action:2 模型偏移:0.000 官方偏移:0.000 速度:0.24 奖励:-0.814 详情:距离奖励:0.00|居中奖励:0.76|速度过低-0.2|动态归一化:-0.81
2025-05-03 16:46:12,564 - INFO - Ep3 Step5 Action:2 模型偏移:0.000 官方偏移:0.000 速度:0.24 奖励:-0.804 详情:距离奖励:0.00|居中奖励:0.76|速度过低-0.2|动态归一化:-0.80
2025-05-03 16:46:12,780 - INFO - Ep3 Step6 Action:2 模型偏移:0.000 官方偏移:0.000 速度:0.24 奖励:-0.795 详情:距离奖励:0.00|居中奖励:0.76|速度过低-0.2|动态归一化:-0.80
2025-05-03 16:46:12,987 - INFO - Ep3 Step7 Action:2 模型偏移:0.000 官方偏移:0.000 速度:0.24 奖励:-0.787 详情:距离奖励:0.00|居中奖励:0.76|速度过低-0.2|动态归一化:-0.79
2025-05-03 16:46:13,201 - INFO - Ep3 Step8 Action:2 模型偏移:0.000 官方偏移:0.000 速度:0.24 奖励:-0.779 详情:距离奖励:0.00|居中奖励:0.76|速度过低-0.2|动态归一化:-0.78
2025-05-03 16:46:13,406 - INFO - Ep3 Step9 Action:2 模型偏移:0.000 官方偏移:0.000 速度:0.24 奖励:-0.771 详情:距离奖励:0.00|居中奖励:0.76|速度过低-0.2|动态归一化:-0.77
2025-05-03 16:46:13,614 - INFO - Ep3 Step10 Action:2 模型偏移:0.000 官方偏移:0.000 速度:0.24 奖励:-0.763 详情:距离奖励:0.00|居中奖励:0.76|速度过低-0.2|动态归一化:-0.76
2025-05-03 16:46:13,818 - INFO - Ep3 Step11 Action:2 模型偏移:0.000 官方偏移:0.000 速度:0.24 奖励:-0.756 详情:距离奖励:0.00|居中奖励:0.76|速度过低-0.2|动态归一化:-0.76
2025-05-03 16:46:14,035 - INFO - Ep3 Step12 Action:2 模型偏移:0.000 官方偏移:0.000 速度:0.24 奖励:-0.748 详情:距离奖励:0.00|居中奖励:0.76|速度过低-0.2|动态归一化:-0.75
2025-05-03 16:46:14,255 - INFO - Ep3 Step13 Action:2 模型偏移:0.000 官方偏移:0.000 速度:0.24 奖励:-0.741 详情:距离奖励:0.00|居中奖励:0.76|速度过低-0.2|动态归一化:-0.74
2025-05-03 16:46:14,479 - INFO - Ep3 Step14 Action:2 模型偏移:0.000 官方偏移:0.000 速度:0.24 奖励:-0.735 详情:距离奖励:0.00|居中奖励:0.76|速度过低-0.2|动态归一化:-0.73
2025-05-03 16:46:14,693 - INFO - Ep3 Step15 Action:2 模型偏移:0.000 官方偏移:0.000 速度:0.24 奖励:-0.728 详情:距离奖励:0.00|居中奖励:0.76|速度过低-0.2|动态归一化:-0.73
2025-05-03 16:46:14,912 - INFO - Ep3 Step16 Action:2 模型偏移:0.000 官方偏移:0.000 速度:0.24 奖励:-0.721 详情:距离奖励:0.00|居中奖励:0.76|速度过低-0.2|动态归一化:-0.72
2025-05-03 16:46:15,128 - INFO - Ep3 Step17 Action:2 模型偏移:0.000 官方偏移:0.000 速度:0.24 奖励:-0.715 详情:距离奖励:0.00|居中奖励:0.76|速度过低-0.2|动态归一化:-0.72
2025-05-03 16:46:15,349 - INFO - Ep3 Step18 Action:2 模型偏移:0.000 官方偏移:0.000 速度:0.24 奖励:-0.709 详情:距离奖励:0.00|居中奖励:0.76|速度过低-0.2|动态归一化:-0.71
2025-05-03 16:46:15,616 - INFO - Ep3 Step19 Action:2 模型偏移:0.000 官方偏移:0.000 速度:0.24 奖励:-0.703 详情:距离奖励:0.00|居中奖励:0.76|速度过低-0.2|动态归一化:-0.70
2025-05-03 16:46:15,870 - INFO - Ep3 Step20 Action:2 模型偏移:0.000 官方偏移:0.000 速度:0.24 奖励:-0.697 详情:距离奖励:0.00|居中奖励:0.76|速度过低-0.2|动态归一化:-0.70
2025-05-03 16:46:16,140 - INFO - Ep3 Step21 Action:2 模型偏移:0.000 官方偏移:0.000 速度:0.24 奖励:-0.692 详情:距离奖励:0.00|居中奖励:0.76|速度过低-0.2|动态归一化:-0.69
2025-05-03 16:46:16,404 - INFO - Ep3 Step22 Action:2 模型偏移:0.000 官方偏移:0.000 速度:0.24 奖励:-0.106 详情:距离奖励:0.00|居中奖励:0.76|修正偏移+0.5|动态归一化:-0.11
2025-05-03 16:46:16,648 - INFO - Ep3 Step23 Action:2 模型偏移:0.000 官方偏移:0.000 速度:0.24 奖励:0.082 详情:距离奖励:0.03|居中奖励:0.76|速度适中+0.2|修正偏移+0.5|动态归一化:0.08
2025-05-03 16:46:16,886 - INFO - Ep3 Step24 Action:2 模型偏移:0.000 官方偏移:0.000 速度:0.24 奖励:0.110 详情:距离奖励:0.06|居中奖励:0.76|速度适中+0.2|修正偏移+0.5|动态归一化:0.11
2025-05-03 16:46:17,124 - INFO - Ep3 Step25 Action:2 模型偏移:0.000 官方偏移:0.000 速度:0.24 奖励:0.142 详情:距离奖励:0.10|居中奖励:0.76|速度适中+0.2|修正偏移+0.5|动态归一化:0.14
2025-05-03 16:46:17,400 - INFO - Ep3 Step26 Action:2 模型偏移:0.000 官方偏移:0.000 速度:0.24 奖励:0.177 详情:距离奖励:0.14|居中奖励:0.76|速度适中+0.2|修正偏移+0.5|动态归一化:0.18
2025-05-03 16:46:17,768 - INFO - Ep3 Step27 Action:2 模型偏移:0.000 官方偏移:0.000 速度:0.24 奖励:0.254 详情:距离奖励:0.23|居中奖励:0.76|速度适中+0.2|修正偏移+0.5|动态归一化:0.25
2025-05-03 16:46:17,998 - INFO - Ep3 Step28 Action:2 模型偏移:0.000 官方偏移:0.000 速度:0.24 奖励:0.295 详情:距离奖励:0.28|居中奖励:0.76|速度适中+0.2|修正偏移+0.5|动态归一化:0.29
2025-05-03 16:46:18,257 - INFO - Ep3 Step29 Action:2 模型偏移:0.000 官方偏移:0.000 速度:0.24 奖励:0.421 详情:距离奖励:0.43|居中奖励:0.76|速度适中+0.2|修正偏移+0.5|动态归一化:0.42
2025-05-03 16:46:18,504 - INFO - Ep3 Step30 Action:2 模型偏移:0.000 官方偏移:0.000 速度:0.24 奖励:0.506 详情:距离奖励:0.53|居中奖励:0.76|速度适中+0.2|修正偏移+0.5|动态归一化:0.51
2025-05-03 16:46:18,758 - INFO - Ep3 Step31 Action:3 模型偏移:0.000 官方偏移:0.000 速度:0.24 奖励:0.681 详情:距离奖励:0.70|居中奖励:0.81|速度适中+0.2|修正偏移+0.5|动态归一化:0.68
2025-05-03 16:46:19,004 - INFO - Ep3 Step32 Action:3 模型偏移:0.000 官方偏移:0.000 速度:0.19 奖励:0.746 详情:距离奖励:0.82|居中奖励:0.98|修正偏移+0.5|动态归一化:0.75
2025-05-03 16:46:19,265 - INFO - Ep3 Step33 Action:3 模型偏移:0.000 官方偏移:0.000 速度:0.02 奖励:0.327 详情:距离奖励:1.02|居中奖励:0.82|动态归一化:0.33
2025-05-03 16:46:19,508 - INFO - Ep3 Step34 Action:2 模型偏移:0.000 官方偏移:0.000 速度:0.18 奖励:0.146 详情:距离奖励:1.15|居中奖励:0.49|动态归一化:0.15
2025-05-03 16:46:19,763 - INFO - Ep3 Step35 Action:2 模型偏移:0.000 官方偏移:0.000 速度:0.51 奖励:-3.896 详情:距离奖励:1.38|居中奖励:0.25|车道入侵-5|动态归一化:-3.90
2025-05-03 16:46:19,764 - INFO - Episode 3/2000 总奖励: -15.68 平均奖励(10): 2.71 epsilon: 1.000
2025-05-03 16:46:20,831 - INFO - Ep4 Step1 Action:2 模型偏移:0.000 官方偏移:0.000 速度:0.24 奖励:-0.307 详情:距离奖励:0.00|居中奖励:0.76|速度过低-0.2|修正偏移+0.5|动态归一化:-0.31
2025-05-03 16:46:21,075 - INFO - Ep4 Step2 Action:2 模型偏移:0.000 官方偏移:0.000 速度:0.24 奖励:-0.700 详情:距离奖励:0.01|居中奖励:0.76|速度过低-0.2|动态归一化:-0.70
2025-05-03 16:46:21,312 - INFO - Ep4 Step3 Action:2 模型偏移:0.000 官方偏移:0.000 速度:0.24 奖励:-0.690 详情:距离奖励:0.01|居中奖励:0.76|速度过低-0.2|动态归一化:-0.69
2025-05-03 16:46:21,545 - INFO - Ep4 Step4 Action:2 模型偏移:0.000 官方偏移:0.000 速度:0.24 奖励:-0.680 详情:距离奖励:0.01|居中奖励:0.76|速度过低-0.2|动态归一化:-0.68
2025-05-03 16:46:21,779 - INFO - Ep4 Step5 Action:2 模型偏移:0.000 官方偏移:0.000 速度:0.24 奖励:-0.669 详情:距离奖励:0.01|居中奖励:0.76|速度过低-0.2|动态归一化:-0.67
2025-05-03 16:46:22,019 - INFO - Ep4 Step6 Action:2 模型偏移:0.000 官方偏移:0.000 速度:0.24 奖励:-0.659 详情:距离奖励:0.01|居中奖励:0.76|速度过低-0.2|动态归一化:-0.66
2025-05-03 16:46:22,250 - INFO - Ep4 Step7 Action:2 模型偏移:0.000 官方偏移:0.000 速度:0.24 奖励:-0.648 详情:距离奖励:0.01|居中奖励:0.76|速度过低-0.2|动态归一化:-0.65
2025-05-03 16:46:22,489 - INFO - Ep4 Step8 Action:2 模型偏移:0.000 官方偏移:0.000 速度:0.24 奖励:-0.636 详情:距离奖励:0.01|居中奖励:0.76|速度过低-0.2|动态归一化:-0.64
2025-05-03 16:46:22,741 - INFO - Ep4 Step9 Action:2 模型偏移:0.000 官方偏移:0.000 速度:0.24 奖励:-0.624 详情:距离奖励:0.01|居中奖励:0.76|速度过低-0.2|动态归一化:-0.62
2025-05-03 16:46:22,971 - INFO - Ep4 Step10 Action:2 模型偏移:0.000 官方偏移:0.000 速度:0.24 奖励:-0.612 详情:距离奖励:0.01|居中奖励:0.76|速度过低-0.2|动态归一化:-0.61
2025-05-03 16:46:23,203 - INFO - Ep4 Step11 Action:2 模型偏移:0.000 官方偏移:0.000 速度:0.24 奖励:-0.599 详情:距离奖励:0.01|居中奖励:0.76|速度过低-0.2|动态归一化:-0.60
2025-05-03 16:46:23,440 - INFO - Ep4 Step12 Action:2 模型偏移:0.000 官方偏移:0.000 速度:0.24 奖励:-0.190 详情:距离奖励:0.01|居中奖励:0.76|速度过低-0.2|修正偏移+0.5|动态归一化:-0.19
2025-05-03 16:46:23,680 - INFO - Ep4 Step13 Action:2 模型偏移:0.000 官方偏移:0.000 速度:0.24 奖励:0.181 详情:距离奖励:0.06|居中奖励:0.76|速度适中+0.2|修正偏移+0.5|动态归一化:0.18
2025-05-03 16:46:23,911 - INFO - Ep4 Step14 Action:2 模型偏移:0.000 官方偏移:0.000 速度:0.24 奖励:0.258 详情:距离奖励:0.15|居中奖励:0.76|速度适中+0.2|修正偏移+0.5|动态归一化:0.26
2025-05-03 16:46:24,160 - INFO - Ep4 Step15 Action:2 模型偏移:0.000 官方偏移:0.000 速度:0.24 奖励:0.344 详情:距离奖励:0.24|居中奖励:0.76|速度适中+0.2|修正偏移+0.5|动态归一化:0.34
2025-05-03 16:46:24,396 - INFO - Ep4 Step16 Action:2 模型偏移:0.000 官方偏移:0.000 速度:0.24 奖励:0.468 详情:距离奖励:0.39|居中奖励:0.76|速度适中+0.2|修正偏移+0.5|动态归一化:0.47
2025-05-03 16:46:24,627 - INFO - Ep4 Step17 Action:2 模型偏移:0.000 官方偏移:0.000 速度:0.24 奖励:0.563 详情:距离奖励:0.49|居中奖励:0.76|速度适中+0.2|修正偏移+0.5|动态归一化:0.56
2025-05-03 16:46:24,869 - INFO - Ep4 Step18 Action:2 模型偏移:0.000 官方偏移:0.000 速度:0.24 奖励:0.704 详情:距离奖励:0.65|居中奖励:0.76|速度适中+0.2|修正偏移+0.5|动态归一化:0.70
2025-05-03 16:46:25,116 - INFO - Ep4 Step19 Action:2 模型偏移:0.000 官方偏移:0.000 速度:0.24 奖励:0.657 详情:距离奖励:0.78|居中奖励:0.76|修正偏移+0.5|动态归一化:0.66
2025-05-03 16:46:25,371 - INFO - Ep4 Step20 Action:2 模型偏移:0.000 官方偏移:0.000 速度:0.24 奖励:0.829 详情:距离奖励:0.96|居中奖励:0.76|修正偏移+0.5|动态归一化:0.83
2025-05-03 16:46:25,601 - INFO - Ep4 Step21 Action:2 模型偏移:0.000 官方偏移:0.000 速度:0.24 奖励:0.971 详情:距离奖励:1.11|居中奖励:0.76|修正偏移+0.5|动态归一化:0.97
2025-05-03 16:46:25,860 - INFO - Ep4 Step22 Action:2 模型偏移:0.000 官方偏移:0.000 速度:0.24 奖励:1.011 详情:距离奖励:1.32|居中奖励:0.76|速度过快-0.2|修正偏移+0.5|动态归一化:1.01
2025-05-03 16:46:26,078 - INFO - Ep4 Step23 Action:2 模型偏移:0.000 官方偏移:0.000 速度:0.24 奖励:1.186 详情:距离奖励:1.49|居中奖励:0.76|速度过快-0.2|修正偏移+0.5|动态归一化:1.19
2025-05-03 16:46:26,297 - INFO - Ep4 Step24 Action:2 模型偏移:0.000 官方偏移:0.000 速度:0.24 奖励:1.389 详情:距离奖励:1.67|居中奖励:0.76|速度过快-0.2|修正偏移+0.5|动态归一化:1.39
2025-05-03 16:46:26,523 - INFO - Ep4 Step25 Action:2 模型偏移:0.000 官方偏移:0.000 速度:0.24 奖励:1.614 详情:距离奖励:1.87|居中奖励:0.76|速度过快-0.2|修正偏移+0.5|动态归一化:1.61
2025-05-03 16:46:26,735 - INFO - Ep4 Step26 Action:2 模型偏移:0.000 官方偏移:0.000 速度:0.24 奖励:1.882 详情:距离奖励:2.08|居中奖励:0.77|速度过快-0.2|修正偏移+0.5|动态归一化:1.88
2025-05-03 16:46:26,960 - INFO - Ep4 Step27 Action:2 模型偏移:0.000 官方偏移:0.000 速度:0.23 奖励:2.125 详情:距离奖励:2.29|居中奖励:0.77|速度过快-0.2|修正偏移+0.5|动态归一化:2.13
2025-05-03 16:46:27,173 - INFO - Ep4 Step28 Action:2 模型偏移:0.000 官方偏移:0.000 速度:0.23 奖励:2.356 详情:距离奖励:2.50|居中奖励:0.77|速度过快-0.2|修正偏移+0.5|动态归一化:2.36
2025-05-03 16:46:27,395 - INFO - Ep4 Step29 Action:2 模型偏移:0.000 官方偏移:0.000 速度:0.23 奖励:2.558 详情:距离奖励:2.72|居中奖励:0.77|速度过快-0.2|修正偏移+0.5|动态归一化:2.56
2025-05-03 16:46:27,637 - INFO - Ep4 Step30 Action:2 模型偏移:0.000 官方偏移:0.000 速度:0.23 奖励:2.725 详情:距离奖励:3.03|居中奖励:0.77|速度过快-0.2|修正偏移+0.5|动态归一化:2.73
2025-05-03 16:46:27,866 - INFO - Ep4 Step31 Action:0 模型偏移:0.000 官方偏移:0.000 速度:0.23 奖励:2.136 详情:距离奖励:3.27|居中奖励:0.48|速度过快-0.2|动态归一化:2.14
2025-05-03 16:46:28,111 - INFO - Ep4 Step32 Action:2 模型偏移:0.000 官方偏移:0.000 速度:0.52 奖励:1.905 详情:距离奖励:3.50|居中奖励:0.05|速度过快-0.2|动态归一化:1.90
2025-05-03 16:46:28,361 - INFO - Ep4 Step33 Action:4 模型偏移:0.000 官方偏移:0.000 速度:0.95 奖励:1.792 详情:距离奖励:3.84|居中奖励:-0.35|速度过快-0.2|动态归一化:1.79
2025-05-03 16:46:28,573 - INFO - Ep4 Step34 Action:2 模型偏移:0.000 官方偏移:0.000 速度:1.35 奖励:1.917 详情:距离奖励:4.08|居中奖励:-0.39|速度过快-0.2|动态归一化:1.92
2025-05-03 16:46:28,795 - INFO - Ep4 Step35 Action:4 模型偏移:0.000 官方偏移:0.000 速度:1.39 奖励:2.570 详情:距离奖励:4.33|居中奖励:-0.25|速度过快-0.2|修正偏移+0.5|动态归一化:2.57
2025-05-03 16:46:29,019 - INFO - Ep4 Step36 Action:0 模型偏移:0.000 官方偏移:0.000 速度:1.25 奖励:-1.201 详情:距离奖励:4.60|居中奖励:-0.01|速度过快-0.2|修正偏移+0.5|车道入侵-5|动态归一化:-1.20
2025-05-03 16:46:29,019 - INFO - Episode 4/2000 总奖励: 23.93 平均奖励(10): 8.01 epsilon: 1.000
2025-05-03 16:46:30,119 - INFO - Ep5 Step1 Action:2 模型偏移:0.000 官方偏移:0.000 速度:0.24 奖励:-0.226 详情:距离奖励:0.00|居中奖励:0.76|速度过低-0.2|修正偏移+0.5|动态归一化:-0.23
2025-05-03 16:46:30,370 - INFO - Ep5 Step2 Action:2 模型偏移:0.000 官方偏移:0.000 速度:0.24 奖励:-0.646 详情:距离奖励:0.00|居中奖励:0.76|速度过低-0.2|动态归一化:-0.65
2025-05-03 16:46:30,675 - INFO - Ep5 Step3 Action:2 模型偏移:0.000 官方偏移:0.000 速度:0.24 奖励:-0.645 详情:距离奖励:0.00|居中奖励:0.76|速度过低-0.2|动态归一化:-0.65
2025-05-03 16:46:30,935 - INFO - Ep5 Step4 Action:2 模型偏移:0.000 官方偏移:0.000 速度:0.24 奖励:-0.644 详情:距离奖励:0.00|居中奖励:0.76|速度过低-0.2|动态归一化:-0.64
2025-05-03 16:46:31,210 - INFO - Ep5 Step5 Action:2 模型偏移:0.000 官方偏移:0.000 速度:0.24 奖励:-0.644 详情:距离奖励:0.00|居中奖励:0.76|速度过低-0.2|动态归一化:-0.64
2025-05-03 16:46:31,460 - INFO - Ep5 Step6 Action:2 模型偏移:0.000 官方偏移:0.000 速度:0.24 奖励:-0.643 详情:距离奖励:0.00|居中奖励:0.76|速度过低-0.2|动态归一化:-0.64
2025-05-03 16:46:31,744 - INFO - Ep5 Step7 Action:2 模型偏移:0.000 官方偏移:0.000 速度:0.24 奖励:-0.643 详情:距离奖励:0.00|居中奖励:0.76|速度过低-0.2|动态归一化:-0.64
2025-05-03 16:46:32,012 - INFO - Ep5 Step8 Action:2 模型偏移:0.000 官方偏移:0.000 速度:0.24 奖励:-0.643 详情:距离奖励:0.00|居中奖励:0.76|速度过低-0.2|动态归一化:-0.64
2025-05-03 16:46:32,271 - INFO - Ep5 Step9 Action:2 模型偏移:0.000 官方偏移:0.000 速度:0.24 奖励:-0.643 详情:距离奖励:0.00|居中奖励:0.76|速度过低-0.2|动态归一化:-0.64
2025-05-03 16:46:32,517 - INFO - Ep5 Step10 Action:2 模型偏移:0.000 官方偏移:0.000 速度:0.24 奖励:-0.643 详情:距离奖励:0.00|居中奖励:0.76|速度过低-0.2|动态归一化:-0.64
2025-05-03 16:46:32,767 - INFO - Ep5 Step11 Action:2 模型偏移:0.000 官方偏移:0.000 速度:0.24 奖励:-0.643 详情:距离奖励:0.00|居中奖励:0.76|速度过低-0.2|动态归一化:-0.64
2025-05-03 16:46:33,040 - INFO - Ep5 Step12 Action:2 模型偏移:0.000 官方偏移:0.000 速度:0.24 奖励:-0.643 详情:距离奖励:0.00|居中奖励:0.76|速度过低-0.2|动态归一化:-0.64
2025-05-03 16:46:33,323 - INFO - Ep5 Step13 Action:2 模型偏移:0.000 官方偏移:0.000 速度:0.24 奖励:-0.643 详情:距离奖励:0.00|居中奖励:0.76|速度过低-0.2|动态归一化:-0.64
2025-05-03 16:46:33,604 - INFO - Ep5 Step14 Action:2 模型偏移:0.000 官方偏移:0.000 速度:0.24 奖励:-0.643 详情:距离奖励:0.00|居中奖励:0.76|速度过低-0.2|动态归一化:-0.64
2025-05-03 16:46:33,886 - INFO - Ep5 Step15 Action:2 模型偏移:0.000 官方偏移:0.000 速度:0.24 奖励:-0.643 详情:距离奖励:0.00|居中奖励:0.76|速度过低-0.2|动态归一化:-0.64
2025-05-03 16:46:34,151 - INFO - Ep5 Step16 Action:2 模型偏移:0.000 官方偏移:0.000 速度:0.24 奖励:-0.634 详情:距离奖励:0.00|居中奖励:0.76|速度过低-0.2|动态归一化:-0.63
2025-05-03 16:46:34,385 - INFO - Ep5 Step17 Action:2 模型偏移:0.000 官方偏移:0.000 速度:0.24 奖励:-0.624 详情:距离奖励:0.00|居中奖励:0.76|速度过低-0.2|动态归一化:-0.62
2025-05-03 16:46:34,647 - INFO - Ep5 Step18 Action:2 模型偏移:0.000 官方偏移:0.000 速度:0.24 奖励:-0.614 详情:距离奖励:0.00|居中奖励:0.76|速度过低-0.2|动态归一化:-0.61
2025-05-03 16:46:34,916 - INFO - Ep5 Step19 Action:2 模型偏移:0.000 官方偏移:0.000 速度:0.24 奖励:0.149 详情:距离奖励:0.01|居中奖励:0.76|速度适中+0.2|修正偏移+0.5|动态归一化:0.15
2025-05-03 16:46:35,160 - INFO - Ep5 Step20 Action:2 模型偏移:0.000 官方偏移:0.000 速度:0.24 奖励:0.204 详情:距离奖励:0.07|居中奖励:0.76|速度适中+0.2|修正偏移+0.5|动态归一化:0.20
2025-05-03 16:46:35,412 - INFO - Ep5 Step21 Action:2 模型偏移:0.000 官方偏移:0.000 速度:0.24 奖励:0.241 详情:距离奖励:0.11|居中奖励:0.76|速度适中+0.2|修正偏移+0.5|动态归一化:0.24
2025-05-03 16:46:35,669 - INFO - Ep5 Step22 Action:2 模型偏移:0.000 官方偏移:0.000 速度:0.24 奖励:0.279 详情:距离奖励:0.16|居中奖励:0.76|速度适中+0.2|修正偏移+0.5|动态归一化:0.28
2025-05-03 16:46:35,908 - INFO - Ep5 Step23 Action:2 模型偏移:0.000 官方偏移:0.000 速度:0.24 奖励:0.359 详情:距离奖励:0.25|居中奖励:0.76|速度适中+0.2|修正偏移+0.5|动态归一化:0.36
2025-05-03 16:46:36,168 - INFO - Ep5 Step24 Action:2 模型偏移:0.000 官方偏移:0.000 速度:0.24 奖励:0.404 详情:距离奖励:0.30|居中奖励:0.76|速度适中+0.2|修正偏移+0.5|动态归一化:0.40
2025-05-03 16:46:36,440 - INFO - Ep5 Step25 Action:2 模型偏移:0.000 官方偏移:0.000 速度:0.24 奖励:0.489 详情:距离奖励:0.40|居中奖励:0.76|速度适中+0.2|修正偏移+0.5|动态归一化:0.49
2025-05-03 16:46:36,722 - INFO - Ep5 Step26 Action:2 模型偏移:0.000 官方偏移:0.000 速度:0.24 奖励:0.531 详情:距离奖励:0.45|居中奖励:0.76|速度适中+0.2|修正偏移+0.5|动态归一化:0.53
2025-05-03 16:46:36,987 - INFO - Ep5 Step27 Action:2 模型偏移:0.000 官方偏移:0.000 速度:0.24 奖励:0.573 详情:距离奖励:0.50|居中奖励:0.76|速度适中+0.2|修正偏移+0.5|动态归一化:0.57
2025-05-03 16:46:37,251 - INFO - Ep5 Step28 Action:2 模型偏移:0.000 官方偏移:0.000 速度:0.24 奖励:0.663 详情:距离奖励:0.61|居中奖励:0.76|速度适中+0.2|修正偏移+0.5|动态归一化:0.66
2025-05-03 16:46:37,483 - INFO - Ep5 Step29 Action:2 模型偏移:0.000 官方偏移:0.000 速度:0.24 奖励:0.594 详情:距离奖励:0.73|居中奖励:0.76|修正偏移+0.5|动态归一化:0.59
2025-05-03 16:46:37,714 - INFO - Ep5 Step30 Action:2 模型偏移:0.000 官方偏移:0.000 速度:0.24 奖励:0.690 详情:距离奖励:0.85|居中奖励:0.76|修正偏移+0.5|动态归一化:0.69
2025-05-03 16:46:37,945 - INFO - Ep5 Step31 Action:4 模型偏移:0.000 官方偏移:0.000 速度:0.24 奖励:0.933 详情:距离奖励:0.97|居中奖励:0.93|修正偏移+0.5|动态归一化:0.93
2025-05-03 16:46:38,193 - INFO - Ep5 Step32 Action:3 模型偏移:0.000 官方偏移:0.000 速度:0.07 奖励:0.577 详情:距离奖励:1.17|居中奖励:0.85|动态归一化:0.58
2025-05-03 16:46:38,437 - INFO - Ep5 Step33 Action:0 模型偏移:0.000 官方偏移:0.000 速度:0.15 奖励:0.499 详情:距离奖励:1.31|居中奖励:0.63|动态归一化:0.50
2025-05-03 16:46:38,684 - INFO - Ep5 Step34 Action:3 模型偏移:0.000 官方偏移:0.000 速度:0.37 奖励:0.428 详情:距离奖励:1.54|居中奖励:0.54|速度过快-0.2|动态归一化:0.43
2025-05-03 16:46:38,905 - INFO - Ep5 Step35 Action:4 模型偏移:0.000 官方偏移:0.000 速度:0.46 奖励:-3.971 详情:距离奖励:1.69|居中奖励:0.11|速度过快-0.2|车道入侵-5|动态归一化:-3.97
2025-05-03 16:46:38,905 - INFO - Episode 5/2000 总奖励: -7.47 平均奖励(10): 4.92 epsilon: 1.000
2025-05-03 16:46:40,139 - INFO - Ep6 Step1 Action:2 模型偏移:0.000 官方偏移:0.000 速度:0.24 奖励:-0.260 详情:距离奖励:0.00|居中奖励:0.76|速度过低-0.2|修正偏移+0.5|动态归一化:-0.26
2025-05-03 16:46:40,389 - INFO - Ep6 Step2 Action:2 模型偏移:0.000 官方偏移:0.000 速度:0.24 奖励:-0.677 详情:距离奖励:0.00|居中奖励:0.76|速度过低-0.2|动态归一化:-0.68
2025-05-03 16:46:40,677 - INFO - Ep6 Step3 Action:2 模型偏移:0.000 官方偏移:0.000 速度:0.24 奖励:-0.676 详情:距离奖励:0.00|居中奖励:0.76|速度过低-0.2|动态归一化:-0.68
2025-05-03 16:46:40,911 - INFO - Ep6 Step4 Action:2 模型偏移:0.000 官方偏移:0.000 速度:0.24 奖励:-0.676 详情:距离奖励:0.00|居中奖励:0.76|速度过低-0.2|动态归一化:-0.68
2025-05-03 16:46:41,154 - INFO - Ep6 Step5 Action:2 模型偏移:0.000 官方偏移:0.000 速度:0.24 奖励:-0.675 详情:距离奖励:0.00|居中奖励:0.76|速度过低-0.2|动态归一化:-0.67
2025-05-03 16:46:41,374 - INFO - Ep6 Step6 Action:2 模型偏移:0.000 官方偏移:0.000 速度:0.24 奖励:-0.675 详情:距离奖励:0.00|居中奖励:0.76|速度过低-0.2|动态归一化:-0.67
2025-05-03 16:46:41,633 - INFO - Ep6 Step7 Action:2 模型偏移:0.000 官方偏移:0.000 速度:0.24 奖励:-0.675 详情:距离奖励:0.00|居中奖励:0.76|速度过低-0.2|动态归一化:-0.67
2025-05-03 16:46:41,876 - INFO - Ep6 Step8 Action:2 模型偏移:0.000 官方偏移:0.000 速度:0.24 奖励:-0.675 详情:距离奖励:0.00|居中奖励:0.76|速度过低-0.2|动态归一化:-0.67
2025-05-03 16:46:42,125 - INFO - Ep6 Step9 Action:2 模型偏移:0.000 官方偏移:0.000 速度:0.24 奖励:-0.675 详情:距离奖励:0.00|居中奖励:0.76|速度过低-0.2|动态归一化:-0.67
2025-05-03 16:46:42,385 - INFO - Ep6 Step10 Action:2 模型偏移:0.000 官方偏移:0.000 速度:0.24 奖励:-0.675 详情:距离奖励:0.00|居中奖励:0.76|速度过低-0.2|动态归一化:-0.67
2025-05-03 16:46:42,623 - INFO - Ep6 Step11 Action:2 模型偏移:0.000 官方偏移:0.000 速度:0.24 奖励:-0.675 详情:距离奖励:0.00|居中奖励:0.76|速度过低-0.2|动态归一化:-0.67
2025-05-03 16:46:42,869 - INFO - Ep6 Step12 Action:2 模型偏移:0.000 官方偏移:0.000 速度:0.24 奖励:-0.096 详情:距离奖励:0.00|居中奖励:0.76|修正偏移+0.5|动态归一化:-0.10
2025-05-03 16:46:43,112 - INFO - Ep6 Step13 Action:2 模型偏移:0.000 官方偏移:0.000 速度:0.24 奖励:0.088 详情:距离奖励:0.03|居中奖励:0.76|速度适中+0.2|修正偏移+0.5|动态归一化:0.09
2025-05-03 16:46:43,359 - INFO - Ep6 Step14 Action:2 模型偏移:0.000 官方偏移:0.000 速度:0.24 奖励:0.167 详情:距离奖励:0.14|居中奖励:0.76|速度适中+0.2|修正偏移+0.5|动态归一化:0.17
2025-05-03 16:46:43,595 - INFO - Ep6 Step15 Action:2 模型偏移:0.000 官方偏移:0.000 速度:0.24 奖励:0.265 详情:距离奖励:0.26|居中奖励:0.76|速度适中+0.2|修正偏移+0.5|动态归一化:0.26
2025-05-03 16:46:43,832 - INFO - Ep6 Step16 Action:2 模型偏移:0.000 官方偏移:0.000 速度:0.24 奖励:0.338 详情:距离奖励:0.35|居中奖励:0.76|速度适中+0.2|修正偏移+0.5|动态归一化:0.34
2025-05-03 16:46:44,089 - INFO - Ep6 Step17 Action:2 模型偏移:0.000 官方偏移:0.000 速度:0.24 奖励:0.455 详情:距离奖励:0.50|居中奖励:0.76|速度适中+0.2|修正偏移+0.5|动态归一化:0.45
2025-05-03 16:46:44,315 - INFO - Ep6 Step18 Action:2 模型偏移:0.000 官方偏移:0.000 速度:0.24 奖励:0.534 详情:距离奖励:0.60|居中奖励:0.76|速度适中+0.2|修正偏移+0.5|动态归一化:0.53
2025-05-03 16:46:44,550 - INFO - Ep6 Step19 Action:2 模型偏移:0.000 官方偏移:0.000 速度:0.24 奖励:0.502 详情:距离奖励:0.77|居中奖励:0.76|修正偏移+0.5|动态归一化:0.50
2025-05-03 16:46:44,808 - INFO - Ep6 Step20 Action:2 模型偏移:0.000 官方偏移:0.000 速度:0.24 奖励:0.596 详情:距离奖励:0.88|居中奖励:0.76|修正偏移+0.5|动态归一化:0.60
2025-05-03 16:46:45,048 - INFO - Ep6 Step21 Action:2 模型偏移:0.000 官方偏移:0.000 速度:0.24 奖励:0.754 详情:距离奖励:1.08|居中奖励:0.76|修正偏移+0.5|动态归一化:0.75
2025-05-03 16:46:45,287 - INFO - Ep6 Step22 Action:2 模型偏移:0.000 官方偏移:0.000 速度:0.24 奖励:0.857 详情:距离奖励:1.22|居中奖励:0.76|修正偏移+0.5|动态归一化:0.86
2025-05-03 16:46:45,532 - INFO - Ep6 Step23 Action:2 模型偏移:0.000 官方偏移:0.000 速度:0.24 奖励:0.867 详情:距离奖励:1.44|居中奖励:0.76|速度过快-0.2|修正偏移+0.5|动态归一化:0.87
2025-05-03 16:46:45,782 - INFO - Ep6 Step24 Action:2 模型偏移:0.000 官方偏移:0.000 速度:0.24 奖励:0.988 详情:距离奖励:1.59|居中奖励:0.76|速度过快-0.2|修正偏移+0.5|动态归一化:0.99
2025-05-03 16:46:46,011 - INFO - Ep6 Step25 Action:2 模型偏移:0.000 官方偏移:0.000 速度:0.24 奖励:1.192 详情:距离奖励:1.85|居中奖励:0.76|速度过快-0.2|修正偏移+0.5|动态归一化:1.19
2025-05-03 16:46:46,207 - INFO - Ep6 Step26 Action:2 模型偏移:0.000 官方偏移:0.000 速度:0.24 奖励:1.321 详情:距离奖励:2.03|居中奖励:0.76|速度过快-0.2|修正偏移+0.5|动态归一化:1.32
2025-05-03 16:46:46,409 - INFO - Ep6 Step27 Action:2 模型偏移:0.000 官方偏移:0.000 速度:0.24 奖励:1.448 详情:距离奖励:2.22|居中奖励:0.77|速度过快-0.2|修正偏移+0.5|动态归一化:1.45
2025-05-03 16:46:46,602 - INFO - Ep6 Step28 Action:2 模型偏移:0.000 官方偏移:0.000 速度:0.23 奖励:1.569 详情:距离奖励:2.41|居中奖励:0.77|速度过快-0.2|修正偏移+0.5|动态归一化:1.57
2025-05-03 16:46:46,795 - INFO - Ep6 Step29 Action:2 模型偏移:0.000 官方偏移:0.000 速度:0.23 奖励:1.774 详情:距离奖励:2.59|居中奖励:0.77|速度过快-0.2|修正偏移+0.5|动态归一化:1.77
2025-05-03 16:46:46,985 - INFO - Ep6 Step30 Action:2 模型偏移:0.000 官方偏移:0.000 速度:0.23 奖励:1.880 详情:距离奖励:2.78|居中奖励:0.77|速度过快-0.2|修正偏移+0.5|动态归一化:1.88
2025-05-03 16:46:47,172 - INFO - Ep6 Step31 Action:2 模型偏移:0.000 官方偏移:0.000 速度:0.23 奖励:1.982 详情:距离奖励:2.97|居中奖励:0.77|速度过快-0.2|修正偏移+0.5|动态归一化:1.98
2025-05-03 16:46:47,393 - INFO - Ep6 Step32 Action:4 模型偏移:0.000 官方偏移:0.000 速度:0.23 奖励:2.170 详情:距离奖励:3.18|居中奖励:0.88|速度过快-0.2|修正偏移+0.5|动态归一化:2.17
2025-05-03 16:46:47,609 - INFO - Ep6 Step33 Action:2 模型偏移:0.000 官方偏移:0.000 速度:0.12 奖励:1.786 详情:距离奖励:3.39|居中奖励:0.76|速度过快-0.2|动态归一化:1.79
