2025-05-03 16:32:03,056 - INFO - 训练开始
2025-05-03 16:32:14,972 - INFO - Ep1 Step1 Action:15 模型偏移:0.000 官方偏移:0.000 速度:0.24 奖励:0.000 详情:距离奖励:0.00|居中奖励:0.76|速度过低-0.2|动态归一化:0.00
2025-05-03 16:32:15,191 - INFO - Ep1 Step2 Action:15 模型偏移:0.000 官方偏移:0.000 速度:0.24 奖励:1.000 详情:距离奖励:0.00|居中奖励:0.76|速度过低-0.2|动态归一化:1.00
2025-05-03 16:32:15,409 - INFO - Ep1 Step3 Action:15 模型偏移:0.000 官方偏移:0.000 速度:0.24 奖励:1.092 详情:距离奖励:0.00|居中奖励:0.76|速度过低-0.2|动态归一化:1.09
2025-05-03 16:32:15,629 - INFO - Ep1 Step4 Action:15 模型偏移:0.000 官方偏移:0.000 速度:0.24 奖励:0.923 详情:距离奖励:0.00|居中奖励:0.76|速度过低-0.2|动态归一化:0.92
2025-05-03 16:32:15,845 - INFO - Ep1 Step5 Action:15 模型偏移:0.000 官方偏移:0.000 速度:0.24 奖励:0.920 详情:距离奖励:0.00|居中奖励:0.76|速度过低-0.2|动态归一化:0.92
2025-05-03 16:32:16,060 - INFO - Ep1 Step6 Action:15 模型偏移:0.000 官方偏移:0.000 速度:0.24 奖励:1.254 详情:距离奖励:0.00|居中奖励:0.76|速度过低-0.2|动态归一化:1.25
2025-05-03 16:32:16,266 - INFO - Ep1 Step7 Action:15 模型偏移:0.000 官方偏移:0.000 速度:0.24 奖励:1.353 详情:距离奖励:0.00|居中奖励:0.76|速度过低-0.2|动态归一化:1.35
2025-05-03 16:32:16,466 - INFO - Ep1 Step8 Action:15 模型偏移:0.000 官方偏移:0.000 速度:0.24 奖励:1.380 详情:距离奖励:0.00|居中奖励:0.76|速度过低-0.2|动态归一化:1.38
2025-05-03 16:32:16,675 - INFO - Ep1 Step9 Action:15 模型偏移:0.000 官方偏移:0.000 速度:0.24 奖励:1.335 详情:距离奖励:0.00|居中奖励:0.76|速度过低-0.2|动态归一化:1.33
2025-05-03 16:32:16,888 - INFO - Ep1 Step10 Action:15 模型偏移:0.000 官方偏移:0.000 速度:0.24 奖励:1.292 详情:距离奖励:0.00|居中奖励:0.76|速度过低-0.2|动态归一化:1.29
2025-05-03 16:32:17,093 - INFO - Ep1 Step11 Action:18 模型偏移:0.000 官方偏移:0.000 速度:0.24 奖励:-3.162 详情:距离奖励:0.00|居中奖励:0.76|速度过低-0.2|修正偏移+0.5|卡死-2|动态归一化:-3.16
2025-05-03 16:32:17,093 - INFO - Episode 1/2000 总奖励: 7.39 平均奖励(10): 7.39 epsilon: 1.000
2025-05-03 16:32:18,071 - INFO - Ep2 Step1 Action:15 模型偏移:0.000 官方偏移:0.000 速度:0.24 奖励:0.301 详情:距离奖励:0.00|居中奖励:0.76|速度过低-0.2|动态归一化:0.30
2025-05-03 16:32:18,274 - INFO - Ep2 Step2 Action:15 模型偏移:0.000 官方偏移:0.000 速度:0.24 奖励:0.297 详情:距离奖励:0.00|居中奖励:0.76|速度过低-0.2|动态归一化:0.30
2025-05-03 16:32:18,477 - INFO - Ep2 Step3 Action:15 模型偏移:0.000 官方偏移:0.000 速度:0.24 奖励:0.286 详情:距离奖励:0.00|居中奖励:0.76|速度过低-0.2|动态归一化:0.29
2025-05-03 16:32:18,679 - INFO - Ep2 Step4 Action:15 模型偏移:0.000 官方偏移:0.000 速度:0.24 奖励:0.278 详情:距离奖励:0.01|居中奖励:0.76|速度过低-0.2|动态归一化:0.28
2025-05-03 16:32:18,881 - INFO - Ep2 Step5 Action:15 模型偏移:0.000 官方偏移:0.000 速度:0.24 奖励:0.270 详情:距离奖励:0.01|居中奖励:0.76|速度过低-0.2|动态归一化:0.27
2025-05-03 16:32:19,084 - INFO - Ep2 Step6 Action:15 模型偏移:0.000 官方偏移:0.000 速度:0.24 奖励:0.263 详情:距离奖励:0.01|居中奖励:0.76|速度过低-0.2|动态归一化:0.26
2025-05-03 16:32:19,290 - INFO - Ep2 Step7 Action:15 模型偏移:0.000 官方偏移:0.000 速度:0.24 奖励:0.255 详情:距离奖励:0.01|居中奖励:0.76|速度过低-0.2|动态归一化:0.26
2025-05-03 16:32:19,493 - INFO - Ep2 Step8 Action:15 模型偏移:0.000 官方偏移:0.000 速度:0.24 奖励:0.248 详情:距离奖励:0.01|居中奖励:0.76|速度过低-0.2|动态归一化:0.25
2025-05-03 16:32:19,703 - INFO - Ep2 Step9 Action:15 模型偏移:0.000 官方偏移:0.000 速度:0.24 奖励:0.242 详情:距离奖励:0.01|居中奖励:0.76|速度过低-0.2|动态归一化:0.24
2025-05-03 16:32:19,916 - INFO - Ep2 Step10 Action:15 模型偏移:0.000 官方偏移:0.000 速度:0.24 奖励:0.236 详情:距离奖励:0.01|居中奖励:0.76|速度过低-0.2|动态归一化:0.24
2025-05-03 16:32:20,119 - INFO - Ep2 Step11 Action:2 模型偏移:0.000 官方偏移:0.000 速度:0.24 奖励:0.230 详情:距离奖励:0.01|居中奖励:0.76|速度过低-0.2|动态归一化:0.23
2025-05-03 16:32:20,331 - INFO - Ep2 Step12 Action:21 模型偏移:0.000 官方偏移:0.000 速度:0.24 奖励:-3.701 详情:距离奖励:0.01|居中奖励:0.76|速度过低-0.2|卡死-2|动态归一化:-3.70
2025-05-03 16:32:20,331 - INFO - Episode 2/2000 总奖励: -0.79 平均奖励(10): 3.30 epsilon: 1.000
2025-05-03 16:32:21,965 - INFO - Ep3 Step1 Action:15 模型偏移:0.000 官方偏移:0.000 速度:0.24 奖励:0.293 详情:距离奖励:0.00|居中奖励:0.76|速度过低-0.2|动态归一化:0.29
2025-05-03 16:32:22,210 - INFO - Ep3 Step2 Action:15 模型偏移:0.000 官方偏移:0.000 速度:0.24 奖励:0.288 详情:距离奖励:0.00|居中奖励:0.76|速度过低-0.2|动态归一化:0.29
2025-05-03 16:32:22,418 - INFO - Ep3 Step3 Action:15 模型偏移:0.000 官方偏移:0.000 速度:0.24 奖励:0.284 详情:距离奖励:0.00|居中奖励:0.76|速度过低-0.2|动态归一化:0.28
2025-05-03 16:32:23,832 - INFO - Ep3 Step4 Action:15 模型偏移:0.000 官方偏移:0.000 速度:0.24 奖励:0.280 详情:距离奖励:0.00|居中奖励:0.76|速度过低-0.2|动态归一化:0.28
2025-05-03 16:32:24,032 - INFO - Ep3 Step5 Action:15 模型偏移:0.000 官方偏移:0.000 速度:0.24 奖励:0.275 详情:距离奖励:0.00|居中奖励:0.76|速度过低-0.2|动态归一化:0.27
2025-05-03 16:32:24,239 - INFO - Ep3 Step6 Action:15 模型偏移:0.000 官方偏移:0.000 速度:0.24 奖励:0.269 详情:距离奖励:0.00|居中奖励:0.76|速度过低-0.2|动态归一化:0.27
2025-05-03 16:32:24,455 - INFO - Ep3 Step7 Action:15 模型偏移:0.000 官方偏移:0.000 速度:0.24 奖励:0.265 详情:距离奖励:0.00|居中奖励:0.76|速度过低-0.2|动态归一化:0.26
2025-05-03 16:32:24,650 - INFO - Ep3 Step8 Action:15 模型偏移:0.000 官方偏移:0.000 速度:0.24 奖励:0.260 详情:距离奖励:0.00|居中奖励:0.76|速度过低-0.2|动态归一化:0.26
2025-05-03 16:32:24,858 - INFO - Ep3 Step9 Action:15 模型偏移:0.000 官方偏移:0.000 速度:0.24 奖励:0.256 详情:距离奖励:0.00|居中奖励:0.76|速度过低-0.2|动态归一化:0.26
2025-05-03 16:32:25,069 - INFO - Ep3 Step10 Action:15 模型偏移:0.000 官方偏移:0.000 速度:0.24 奖励:0.251 详情:距离奖励:0.00|居中奖励:0.76|速度过低-0.2|动态归一化:0.25
2025-05-03 16:32:25,284 - INFO - Ep3 Step11 Action:4 模型偏移:0.000 官方偏移:0.000 速度:0.24 奖励:-3.505 详情:距离奖励:0.00|居中奖励:0.76|速度过低-0.2|卡死-2|动态归一化:-3.51
2025-05-03 16:32:25,285 - INFO - Episode 3/2000 总奖励: -0.78 平均奖励(10): 1.94 epsilon: 1.000
2025-05-03 16:32:26,639 - INFO - Ep4 Step1 Action:15 模型偏移:0.000 官方偏移:0.000 速度:0.24 奖励:0.299 详情:距离奖励:0.00|居中奖励:0.76|速度过低-0.2|动态归一化:0.30
2025-05-03 16:32:26,859 - INFO - Ep4 Step2 Action:15 模型偏移:0.000 官方偏移:0.000 速度:0.24 奖励:0.294 详情:距离奖励:0.00|居中奖励:0.76|速度过低-0.2|动态归一化:0.29
2025-05-03 16:32:27,076 - INFO - Ep4 Step3 Action:15 模型偏移:0.000 官方偏移:0.000 速度:0.24 奖励:0.293 详情:距离奖励:0.00|居中奖励:0.76|速度过低-0.2|动态归一化:0.29
2025-05-03 16:32:27,302 - INFO - Ep4 Step4 Action:15 模型偏移:0.000 官方偏移:0.000 速度:0.24 奖励:0.290 详情:距离奖励:0.00|居中奖励:0.76|速度过低-0.2|动态归一化:0.29
2025-05-03 16:32:27,507 - INFO - Ep4 Step5 Action:15 模型偏移:0.000 官方偏移:0.000 速度:0.24 奖励:0.286 详情:距离奖励:0.00|居中奖励:0.76|速度过低-0.2|动态归一化:0.29
2025-05-03 16:32:27,716 - INFO - Ep4 Step6 Action:15 模型偏移:0.000 官方偏移:0.000 速度:0.24 奖励:0.283 详情:距离奖励:0.00|居中奖励:0.76|速度过低-0.2|动态归一化:0.28
2025-05-03 16:32:27,926 - INFO - Ep4 Step7 Action:15 模型偏移:0.000 官方偏移:0.000 速度:0.24 奖励:0.279 详情:距离奖励:0.00|居中奖励:0.76|速度过低-0.2|动态归一化:0.28
2025-05-03 16:32:28,138 - INFO - Ep4 Step8 Action:15 模型偏移:0.000 官方偏移:0.000 速度:0.24 奖励:0.275 详情:距离奖励:0.00|居中奖励:0.76|速度过低-0.2|动态归一化:0.28
2025-05-03 16:32:28,364 - INFO - Ep4 Step9 Action:15 模型偏移:0.000 官方偏移:0.000 速度:0.24 奖励:0.272 详情:距离奖励:0.00|居中奖励:0.76|速度过低-0.2|动态归一化:0.27
2025-05-03 16:32:28,579 - INFO - Ep4 Step10 Action:15 模型偏移:0.000 官方偏移:0.000 速度:0.24 奖励:0.269 详情:距离奖励:0.00|居中奖励:0.76|速度过低-0.2|动态归一化:0.27
2025-05-03 16:32:28,796 - INFO - Ep4 Step11 Action:13 模型偏移:0.000 官方偏移:0.000 速度:0.24 奖励:0.265 详情:距离奖励:0.00|居中奖励:0.76|速度过低-0.2|动态归一化:0.27
2025-05-03 16:32:29,033 - INFO - Ep4 Step12 Action:18 模型偏移:0.000 官方偏移:0.000 速度:0.24 奖励:-3.453 详情:距离奖励:0.00|居中奖励:0.76|速度过低-0.2|卡死-2|动态归一化:-3.45
2025-05-03 16:32:29,033 - INFO - Episode 4/2000 总奖励: -0.35 平均奖励(10): 1.37 epsilon: 1.000
