2025-05-03 17:39:09,255 - INFO - 训练开始
2025-05-03 17:40:03,554 - INFO - Episode 1/2000 步数:196 奖励:91.62 平均奖励(10):91.62 用时:42.7s 退出原因:车道入侵
2025-05-03 17:40:23,107 - INFO - Episode 2/2000 步数:84 奖励:38.87 平均奖励(10):38.87 用时:18.7s 退出原因:车道入侵
2025-05-03 17:40:37,230 - INFO - Episode 3/2000 步数:60 奖励:24.11 平均奖励(10):24.11 用时:13.3s 退出原因:车道入侵
2025-05-03 17:40:43,721 - INFO - Episode 4/2000 步数:26 奖励:10.26 平均奖励(10):10.26 用时:5.8s 退出原因:车道入侵
2025-05-03 17:40:59,127 - INFO - Episode 5/2000 步数:59 奖励:33.53 平均奖励(10):33.53 用时:14.3s 退出原因:车道入侵
2025-05-03 17:41:14,413 - INFO - Episode 6/2000 步数:56 奖励:37.05 平均奖励(10):37.05 用时:14.5s 退出原因:车道入侵
2025-05-03 17:41:32,146 - INFO - Episode 7/2000 步数:48 奖励:24.36 平均奖励(10):24.36 用时:16.8s 退出原因:车道入侵
2025-05-03 17:41:40,605 - INFO - Episode 8/2000 步数:34 奖励:19.60 平均奖励(10):19.60 用时:7.4s 退出原因:车道入侵
2025-05-03 17:42:06,986 - INFO - Episode 9/2000 步数:120 奖励:84.32 平均奖励(10):84.32 用时:25.5s 退出原因:偏离过大
2025-05-03 17:42:19,512 - INFO - Episode 10/2000 步数:53 奖励:36.46 平均奖励(10):36.46 用时:11.6s 退出原因:车道入侵
2025-05-03 17:42:25,359 - INFO - Episode 11/2000 步数:23 奖励:10.88 平均奖励(10):40.02 用时:5.0s 退出原因:车道入侵
2025-05-03 17:42:34,087 - INFO - Episode 12/2000 步数:36 奖励:19.34 平均奖励(10):31.94 用时:7.9s 退出原因:车道入侵
2025-05-03 17:42:42,398 - INFO - Episode 13/2000 步数:33 奖励:16.91 平均奖励(10):29.99 用时:7.2s 退出原因:车道入侵
2025-05-03 17:42:51,247 - INFO - Episode 14/2000 步数:36 奖励:21.38 平均奖励(10):29.27 用时:7.9s 退出原因:车道入侵
2025-05-03 17:42:56,454 - INFO - Episode 15/2000 步数:20 奖励:5.55 平均奖励(10):30.38 用时:4.4s 退出原因:车道入侵
2025-05-03 17:43:04,536 - INFO - Episode 16/2000 步数:33 奖励:17.80 平均奖励(10):27.59 用时:7.2s 退出原因:车道入侵
2025-05-03 17:43:10,810 - INFO - Episode 17/2000 步数:25 奖励:12.82 平均奖励(10):25.66 用时:5.4s 退出原因:车道入侵
2025-05-03 17:43:17,312 - INFO - Episode 18/2000 步数:26 奖励:10.36 平均奖励(10):24.51 用时:5.6s 退出原因:车道入侵
2025-05-03 17:44:01,867 - INFO - Episode 19/2000 步数:200 奖励:52.02 平均奖励(10):23.58 用时:43.4s 退出原因:
2025-05-03 17:44:10,787 - INFO - Episode 20/2000 步数:37 奖励:22.26 平均奖励(10):20.35 用时:8.0s 退出原因:车道入侵
2025-05-03 17:44:18,151 - INFO - Episode 21/2000 步数:28 奖励:10.08 平均奖励(10):18.93 用时:6.1s 退出原因:车道入侵
2025-05-03 17:44:25,229 - INFO - Episode 22/2000 步数:28 奖励:16.13 平均奖励(10):18.85 用时:6.0s 退出原因:车道入侵
2025-05-03 17:44:33,457 - INFO - Episode 23/2000 步数:34 奖励:18.75 平均奖励(10):18.53 用时:7.2s 退出原因:车道入侵
2025-05-03 17:44:41,555 - INFO - Episode 24/2000 步数:32 奖励:17.50 平均奖励(10):18.72 用时:6.9s 退出原因:车道入侵
2025-05-03 17:44:49,932 - INFO - Episode 25/2000 步数:35 奖励:20.45 平均奖励(10):18.33 用时:7.6s 退出原因:车道入侵
2025-05-03 17:45:32,809 - INFO - Episode 26/2000 步数:200 奖励:-1009.60 平均奖励(10):19.82 用时:42.0s 退出原因:
2025-05-03 17:45:49,853 - INFO - Episode 27/2000 步数:74 奖励:32.67 平均奖励(10):-82.92 用时:16.0s 退出原因:车道入侵
2025-05-03 17:45:57,688 - INFO - Episode 28/2000 步数:33 奖励:17.55 平均奖励(10):-80.94 用时:7.1s 退出原因:车道入侵
2025-05-03 17:46:04,959 - INFO - Episode 29/2000 步数:30 奖励:14.86 平均奖励(10):-80.22 用时:6.5s 退出原因:车道入侵
2025-05-03 17:46:48,088 - INFO - Episode 30/2000 步数:200 奖励:-285.45 平均奖励(10):-83.93 用时:42.3s 退出原因:
2025-05-03 17:46:54,114 - INFO - Episode 31/2000 步数:23 奖励:10.50 平均奖励(10):-114.70 用时:4.9s 退出原因:车道入侵
2025-05-03 17:47:00,090 - INFO - Episode 32/2000 步数:23 奖励:7.86 平均奖励(10):-114.66 用时:5.1s 退出原因:车道入侵
2025-05-03 17:47:15,341 - INFO - Episode 33/2000 步数:67 奖励:29.79 平均奖励(10):-115.49 用时:14.5s 退出原因:车道入侵
2025-05-03 17:47:25,860 - INFO - Episode 34/2000 步数:45 奖励:25.93 平均奖励(10):-114.39 用时:9.7s 退出原因:车道入侵
2025-05-03 17:47:46,900 - INFO - Episode 35/2000 步数:93 奖励:70.34 平均奖励(10):-113.54 用时:20.2s 退出原因:车道入侵
2025-05-03 17:47:58,605 - INFO - Episode 36/2000 步数:49 奖励:32.86 平均奖励(10):-108.55 用时:10.8s 退出原因:车道入侵
2025-05-03 17:48:12,114 - INFO - Episode 37/2000 步数:58 奖励:47.13 平均奖励(10):-4.31 用时:12.6s 退出原因:车道入侵
2025-05-03 17:48:54,564 - INFO - Episode 38/2000 步数:200 奖励:-235.17 平均奖励(10):-2.86 用时:41.5s 退出原因:
2025-05-03 17:49:12,945 - INFO - Episode 39/2000 步数:82 奖励:67.63 平均奖励(10):-28.13 用时:17.6s 退出原因:车道入侵
2025-05-03 17:49:33,025 - INFO - Episode 40/2000 步数:90 奖励:61.82 平均奖励(10):-22.86 用时:19.4s 退出原因:车道入侵
2025-05-03 17:50:16,274 - INFO - Episode 41/2000 步数:200 奖励:99.79 平均奖励(10):11.87 用时:42.4s 退出原因:
2025-05-03 17:50:58,861 - INFO - Episode 42/2000 步数:194 奖励:101.81 平均奖励(10):20.80 用时:41.8s 退出原因:车道入侵
2025-05-03 17:51:41,256 - INFO - Episode 43/2000 步数:200 奖励:85.21 平均奖励(10):30.19 用时:41.5s 退出原因:
2025-05-03 17:52:18,200 - INFO - Episode 44/2000 步数:168 奖励:57.78 平均奖励(10):35.73 用时:36.2s 退出原因:车道入侵
2025-05-03 17:53:01,880 - INFO - Episode 45/2000 步数:200 奖励:79.63 平均奖励(10):38.92 用时:42.9s 退出原因:
2025-05-03 17:53:46,012 - INFO - Episode 46/2000 步数:200 奖励:62.06 平均奖励(10):39.85 用时:43.3s 退出原因:
2025-05-03 17:53:53,102 - INFO - Episode 47/2000 步数:29 奖励:12.34 平均奖励(10):42.77 用时:6.3s 退出原因:车道入侵
2025-05-03 17:53:58,021 - INFO - Episode 48/2000 步数:20 奖励:8.66 平均奖励(10):39.29 用时:4.2s 退出原因:车道入侵
2025-05-03 17:54:40,688 - INFO - Episode 49/2000 步数:200 奖励:60.07 平均奖励(10):63.67 用时:41.9s 退出原因:
2025-05-03 17:55:23,333 - INFO - Episode 50/2000 步数:200 奖励:34.56 平均奖励(10):62.92 用时:41.9s 退出原因:
2025-05-03 17:55:41,813 - INFO - Episode 51/2000 步数:81 奖励:39.27 平均奖励(10):60.19 用时:17.5s 退出原因:车道入侵
2025-05-03 17:55:56,237 - INFO - Episode 52/2000 步数:63 奖励:31.59 平均奖励(10):54.14 用时:13.7s 退出原因:车道入侵
2025-05-03 17:56:38,582 - INFO - Episode 53/2000 步数:200 奖励:-724.58 平均奖励(10):47.12 用时:41.6s 退出原因:
2025-05-03 17:56:45,988 - INFO - Episode 54/2000 步数:31 奖励:14.76 平均奖励(10):-33.86 用时:6.7s 退出原因:车道入侵
2025-05-03 17:56:53,772 - INFO - Episode 55/2000 步数:31 奖励:14.18 平均奖励(10):-38.16 用时:6.6s 退出原因:车道入侵
2025-05-03 17:57:04,055 - INFO - Episode 56/2000 步数:44 奖励:18.96 平均奖励(10):-44.71 用时:9.5s 退出原因:车道入侵
2025-05-03 17:57:17,001 - INFO - Episode 57/2000 步数:58 奖励:26.32 平均奖励(10):-49.02 用时:12.3s 退出原因:车道入侵
2025-05-03 17:57:59,746 - INFO - Episode 58/2000 步数:200 奖励:61.53 平均奖励(10):-47.62 用时:42.0s 退出原因:
2025-05-03 17:58:06,350 - INFO - Episode 59/2000 步数:28 奖励:12.40 平均奖励(10):-42.33 用时:6.0s 退出原因:车道入侵
2025-05-03 17:58:11,379 - INFO - Episode 60/2000 步数:20 奖励:8.79 平均奖励(10):-47.10 用时:4.2s 退出原因:车道入侵
2025-05-03 17:58:42,487 - INFO - Episode 61/2000 步数:143 奖励:102.65 平均奖励(10):-49.68 用时:30.3s 退出原因:到达终点
2025-05-03 17:58:50,199 - INFO - Episode 62/2000 步数:33 奖励:14.97 平均奖励(10):-43.34 用时:7.1s 退出原因:车道入侵
2025-05-03 17:59:32,496 - INFO - Episode 63/2000 步数:200 奖励:-130.03 平均奖励(10):-45.00 用时:41.5s 退出原因:
2025-05-03 17:59:47,739 - INFO - Episode 64/2000 步数:68 奖励:24.95 平均奖励(10):14.45 用时:14.6s 退出原因:车道入侵
2025-05-03 18:00:30,736 - INFO - Episode 65/2000 步数:200 奖励:54.53 平均奖励(10):15.47 用时:42.4s 退出原因:
2025-05-03 18:01:14,724 - INFO - Episode 66/2000 步数:200 奖励:51.12 平均奖励(10):19.51 用时:43.2s 退出原因:
2025-05-03 18:01:24,751 - INFO - Episode 67/2000 步数:44 奖励:17.42 平均奖励(10):22.72 用时:9.4s 退出原因:车道入侵
2025-05-03 18:01:30,472 - INFO - Episode 68/2000 步数:24 奖励:10.65 平均奖励(10):21.83 用时:5.1s 退出原因:车道入侵
2025-05-03 18:01:45,403 - INFO - Episode 69/2000 步数:67 奖励:24.22 平均奖励(10):16.74 用时:14.2s 退出原因:车道入侵
2025-05-03 18:02:10,864 - INFO - Episode 70/2000 步数:118 奖励:102.94 平均奖励(10):17.93 用时:24.8s 退出原因:车道入侵
2025-05-03 18:02:21,594 - INFO - Episode 71/2000 步数:47 奖励:31.59 平均奖励(10):27.34 用时:10.1s 退出原因:车道入侵
2025-05-03 18:03:03,068 - INFO - Episode 72/2000 步数:200 奖励:-248.17 平均奖励(10):20.23 用时:40.2s 退出原因:
2025-05-03 18:03:30,649 - INFO - Episode 73/2000 步数:130 奖励:-430.12 平均奖励(10):-6.08 用时:27.0s 退出原因:车道入侵
2025-05-03 18:04:12,612 - INFO - Episode 74/2000 步数:200 奖励:89.70 平均奖励(10):-36.09 用时:41.3s 退出原因:
2025-05-03 18:04:22,217 - INFO - Episode 75/2000 步数:41 奖励:21.25 平均奖励(10):-29.61 用时:8.9s 退出原因:车道入侵
2025-05-03 18:04:45,157 - INFO - Episode 76/2000 步数:104 奖励:50.52 平均奖励(10):-32.94 用时:22.2s 退出原因:车道入侵
2025-05-03 18:04:54,429 - INFO - Episode 77/2000 步数:40 奖励:23.69 平均奖励(10):-33.00 用时:8.4s 退出原因:车道入侵
2025-05-03 18:05:36,880 - INFO - Episode 78/2000 步数:200 奖励:56.67 平均奖励(10):-32.38 用时:41.4s 退出原因:
2025-05-03 18:06:20,273 - INFO - Episode 79/2000 步数:200 奖励:55.43 平均奖励(10):-27.77 用时:42.8s 退出原因:
2025-05-03 18:06:33,381 - INFO - Episode 80/2000 步数:58 奖励:20.98 平均奖励(10):-24.65 用时:12.5s 退出原因:车道入侵
2025-05-03 18:06:45,707 - INFO - Episode 81/2000 步数:54 奖励:19.32 平均奖励(10):-32.85 用时:11.6s 退出原因:车道入侵
2025-05-03 18:06:58,938 - INFO - Episode 82/2000 步数:58 奖励:22.35 平均奖励(10):-34.07 用时:12.6s 退出原因:车道入侵
2025-05-03 18:07:03,798 - INFO - Episode 83/2000 步数:20 奖励:9.26 平均奖励(10):-7.02 用时:4.2s 退出原因:车道入侵
2025-05-03 18:07:16,702 - INFO - Episode 84/2000 步数:58 奖励:26.17 平均奖励(10):36.92 用时:12.3s 退出原因:车道入侵
2025-05-03 18:07:27,170 - INFO - Episode 85/2000 步数:46 奖励:14.66 平均奖励(10):30.56 用时:9.8s 退出原因:车道入侵
2025-05-03 18:07:55,444 - INFO - Episode 86/2000 步数:135 奖励:-267.62 平均奖励(10):29.91 用时:27.6s 退出原因:车道入侵
2025-05-03 18:08:03,620 - INFO - Episode 87/2000 步数:35 奖励:16.75 平均奖励(10):-1.91 用时:7.4s 退出原因:车道入侵
2025-05-03 18:08:08,948 - INFO - Episode 88/2000 步数:20 奖励:8.44 平均奖励(10):-2.60 用时:4.3s 退出原因:车道入侵
2025-05-03 18:08:15,304 - INFO - Episode 89/2000 步数:27 奖励:11.06 平均奖励(10):-7.43 用时:5.7s 退出原因:车道入侵
2025-05-03 18:08:23,401 - INFO - Episode 90/2000 步数:34 奖励:15.83 平均奖励(10):-11.86 用时:7.4s 退出原因:车道入侵
