2025-05-03 16:36:25,532 - INFO - 训练开始
2025-05-03 16:36:37,074 - INFO - Ep1 Step1 Action:2 模型偏移:0.000 官方偏移:0.000 速度:0.24 奖励:0.000 详情:距离奖励:0.00|居中奖励:0.76|速度过低-0.2|动态归一化:0.00
2025-05-03 16:36:37,291 - INFO - Ep1 Step2 Action:2 模型偏移:0.000 官方偏移:0.000 速度:0.24 奖励:1.000 详情:距离奖励:0.00|居中奖励:0.76|速度过低-0.2|动态归一化:1.00
2025-05-03 16:36:37,506 - INFO - Ep1 Step3 Action:2 模型偏移:0.000 官方偏移:0.000 速度:0.24 奖励:0.969 详情:距离奖励:0.00|居中奖励:0.76|速度过低-0.2|动态归一化:0.97
2025-05-03 16:36:37,734 - INFO - Ep1 Step4 Action:2 模型偏移:0.000 官方偏移:0.000 速度:0.24 奖励:0.779 详情:距离奖励:0.00|居中奖励:0.76|速度过低-0.2|动态归一化:0.78
2025-05-03 16:36:37,965 - INFO - Ep1 Step5 Action:2 模型偏移:0.000 官方偏移:0.000 速度:0.24 奖励:0.895 详情:距离奖励:0.00|居中奖励:0.76|速度过低-0.2|动态归一化:0.89
2025-05-03 16:36:38,182 - INFO - Ep1 Step6 Action:2 模型偏移:0.000 官方偏移:0.000 速度:0.24 奖励:0.883 详情:距离奖励:0.00|居中奖励:0.76|速度过低-0.2|动态归一化:0.88
2025-05-03 16:36:38,408 - INFO - Ep1 Step7 Action:2 模型偏移:0.000 官方偏移:0.000 速度:0.24 奖励:2.449 详情:距离奖励:0.00|居中奖励:0.76|修正偏移+0.5|动态归一化:2.45
2025-05-03 16:36:38,625 - INFO - Ep1 Step8 Action:2 模型偏移:0.000 官方偏移:0.000 速度:0.24 奖励:2.037 详情:距离奖励:0.04|居中奖励:0.76|速度适中+0.2|修正偏移+0.5|动态归一化:2.04
2025-05-03 16:36:38,845 - INFO - Ep1 Step9 Action:2 模型偏移:0.000 官方偏移:0.000 速度:0.24 奖励:1.665 详情:距离奖励:0.09|居中奖励:0.76|速度适中+0.2|修正偏移+0.5|动态归一化:1.66
2025-05-03 16:36:39,074 - INFO - Ep1 Step10 Action:2 模型偏移:0.000 官方偏移:0.000 速度:0.24 奖励:1.488 详情:距离奖励:0.15|居中奖励:0.76|速度适中+0.2|修正偏移+0.5|动态归一化:1.49
2025-05-03 16:36:39,296 - INFO - Ep1 Step11 Action:2 模型偏移:0.000 官方偏移:0.000 速度:0.24 奖励:1.430 详情:距离奖励:0.24|居中奖励:0.76|速度适中+0.2|修正偏移+0.5|动态归一化:1.43
2025-05-03 16:36:39,517 - INFO - Ep1 Step12 Action:2 模型偏移:0.000 官方偏移:0.000 速度:0.24 奖励:1.383 详情:距离奖励:0.32|居中奖励:0.76|速度适中+0.2|修正偏移+0.5|动态归一化:1.38
2025-05-03 16:36:39,737 - INFO - Ep1 Step13 Action:2 模型偏移:0.000 官方偏移:0.000 速度:0.24 奖励:1.402 详情:距离奖励:0.43|居中奖励:0.76|速度适中+0.2|修正偏移+0.5|动态归一化:1.40
2025-05-03 16:36:39,950 - INFO - Ep1 Step14 Action:2 模型偏移:0.000 官方偏移:0.000 速度:0.24 奖励:1.419 详情:距离奖励:0.54|居中奖励:0.76|速度适中+0.2|修正偏移+0.5|动态归一化:1.42
2025-05-03 16:36:40,813 - INFO - Ep1 Step15 Action:2 模型偏移:0.000 官方偏移:0.000 速度:0.24 奖励:1.684 详情:距离奖励:1.04|居中奖励:0.76|修正偏移+0.5|动态归一化:1.68
2025-05-03 16:36:41,033 - INFO - Ep1 Step16 Action:2 模型偏移:0.000 官方偏移:0.000 速度:0.24 奖励:1.671 详情:距离奖励:1.18|居中奖励:0.76|修正偏移+0.5|动态归一化:1.67
2025-05-03 16:36:41,236 - INFO - Ep1 Step17 Action:2 模型偏移:0.000 官方偏移:0.000 速度:0.24 奖励:1.676 详情:距离奖励:1.33|居中奖励:0.76|修正偏移+0.5|动态归一化:1.68
2025-05-03 16:36:41,418 - INFO - Ep1 Step18 Action:2 模型偏移:0.000 官方偏移:0.000 速度:0.24 奖励:1.456 详情:距离奖励:1.48|居中奖励:0.76|速度过快-0.2|修正偏移+0.5|动态归一化:1.46
2025-05-03 16:36:41,618 - INFO - Ep1 Step19 Action:2 模型偏移:0.000 官方偏移:0.000 速度:0.24 奖励:1.515 详情:距离奖励:1.63|居中奖励:0.76|速度过快-0.2|修正偏移+0.5|动态归一化:1.51
2025-05-03 16:36:41,829 - INFO - Ep1 Step20 Action:2 模型偏移:0.000 官方偏移:0.000 速度:0.24 奖励:1.590 详情:距离奖励:1.81|居中奖励:0.76|速度过快-0.2|修正偏移+0.5|动态归一化:1.59
2025-05-03 16:36:42,014 - INFO - Ep1 Step21 Action:2 模型偏移:0.000 官方偏移:0.000 速度:0.24 奖励:1.637 详情:距离奖励:1.98|居中奖励:0.76|速度过快-0.2|修正偏移+0.5|动态归一化:1.64
2025-05-03 16:36:42,201 - INFO - Ep1 Step22 Action:2 模型偏移:0.000 官方偏移:0.000 速度:0.24 奖励:1.677 详情:距离奖励:2.15|居中奖励:0.77|速度过快-0.2|修正偏移+0.5|动态归一化:1.68
2025-05-03 16:36:42,398 - INFO - Ep1 Step23 Action:2 模型偏移:0.000 官方偏移:0.000 速度:0.23 奖励:1.735 详情:距离奖励:2.36|居中奖励:0.77|速度过快-0.2|修正偏移+0.5|动态归一化:1.73
2025-05-03 16:36:42,604 - INFO - Ep1 Step24 Action:2 模型偏移:0.000 官方偏移:0.000 速度:0.23 奖励:1.765 详情:距离奖励:2.55|居中奖励:0.77|速度过快-0.2|修正偏移+0.5|动态归一化:1.76
2025-05-03 16:36:42,791 - INFO - Ep1 Step25 Action:2 模型偏移:0.000 官方偏移:0.000 速度:0.23 奖励:1.799 详情:距离奖励:2.75|居中奖励:0.77|速度过快-0.2|修正偏移+0.5|动态归一化:1.80
2025-05-03 16:36:42,982 - INFO - Ep1 Step26 Action:2 模型偏移:0.000 官方偏移:0.000 速度:0.23 奖励:1.818 详情:距离奖励:2.95|居中奖励:0.77|速度过快-0.2|修正偏移+0.5|动态归一化:1.82
2025-05-03 16:36:43,171 - INFO - Ep1 Step27 Action:2 模型偏移:0.000 官方偏移:0.000 速度:0.23 奖励:1.842 详情:距离奖励:3.16|居中奖励:0.77|速度过快-0.2|修正偏移+0.5|动态归一化:1.84
2025-05-03 16:36:43,377 - INFO - Ep1 Step28 Action:2 模型偏移:0.000 官方偏移:0.000 速度:0.23 奖励:1.869 详情:距离奖励:3.38|居中奖励:0.77|速度过快-0.2|修正偏移+0.5|动态归一化:1.87
2025-05-03 16:36:43,588 - INFO - Ep1 Step29 Action:2 模型偏移:0.000 官方偏移:0.000 速度:0.23 奖励:1.899 详情:距离奖励:3.62|居中奖励:0.77|速度过快-0.2|修正偏移+0.5|动态归一化:1.90
2025-05-03 16:36:43,789 - INFO - Ep1 Step30 Action:2 模型偏移:0.000 官方偏移:0.000 速度:0.23 奖励:1.915 详情:距离奖励:3.86|居中奖励:0.77|速度过快-0.2|修正偏移+0.5|动态归一化:1.92
2025-05-03 16:36:44,005 - INFO - Ep1 Step31 Action:2 模型偏移:0.000 官方偏移:0.000 速度:0.23 奖励:1.947 详情:距离奖励:4.13|居中奖励:0.77|速度过快-0.2|修正偏移+0.5|动态归一化:1.95
2025-05-03 16:36:44,230 - INFO - Ep1 Step32 Action:1 模型偏移:0.000 官方偏移:0.000 速度:0.23 奖励:1.616 详情:距离奖励:4.40|居中奖励:0.67|速度过快-0.2|动态归一化:1.62
2025-05-03 16:36:44,431 - INFO - Ep1 Step33 Action:3 模型偏移:0.000 官方偏移:0.000 速度:0.33 奖励:1.603 详情:距离奖励:4.64|居中奖励:0.54|速度过快-0.2|动态归一化:1.60
2025-05-03 16:36:44,645 - INFO - Ep1 Step34 Action:2 模型偏移:0.000 官方偏移:0.000 速度:0.46 奖励:1.642 详情:距离奖励:4.93|居中奖励:0.46|速度过快-0.2|动态归一化:1.64
2025-05-03 16:36:44,864 - INFO - Ep1 Step35 Action:4 模型偏移:0.000 官方偏移:0.000 速度:0.54 奖励:7.046 详情:距离奖励:5.22|居中奖励:0.54|速度过快-0.2|修正偏移+0.5|动态归一化:2.05|到达终点+5
2025-05-03 16:36:44,864 - INFO - Episode 1/2000 总奖励: 59.20 平均奖励(10): 59.20 epsilon: 1.000
2025-05-03 16:36:45,686 - INFO - Ep2 Step1 Action:2 模型偏移:0.000 官方偏移:0.000 速度:0.24 奖励:-1.055 详情:距离奖励:0.00|居中奖励:0.76|速度过低-0.2|修正偏移+0.5|动态归一化:-1.05
2025-05-03 16:36:45,896 - INFO - Ep2 Step2 Action:2 模型偏移:0.000 官方偏移:0.000 速度:0.24 奖励:-1.307 详情:距离奖励:0.02|居中奖励:0.76|速度过低-0.2|动态归一化:-1.31
2025-05-03 16:36:46,105 - INFO - Ep2 Step3 Action:2 模型偏移:0.000 官方偏移:0.000 速度:0.24 奖励:-1.260 详情:距离奖励:0.02|居中奖励:0.76|速度过低-0.2|动态归一化:-1.26
2025-05-03 16:36:46,308 - INFO - Ep2 Step4 Action:2 模型偏移:0.000 官方偏移:0.000 速度:0.24 奖励:-1.219 详情:距离奖励:0.02|居中奖励:0.76|速度过低-0.2|动态归一化:-1.22
2025-05-03 16:36:46,529 - INFO - Ep2 Step5 Action:2 模型偏移:0.000 官方偏移:0.000 速度:0.24 奖励:-1.181 详情:距离奖励:0.02|居中奖励:0.76|速度过低-0.2|动态归一化:-1.18
2025-05-03 16:36:46,734 - INFO - Ep2 Step6 Action:2 模型偏移:0.000 官方偏移:0.000 速度:0.24 奖励:-1.147 详情:距离奖励:0.02|居中奖励:0.76|速度过低-0.2|动态归一化:-1.15
2025-05-03 16:36:46,923 - INFO - Ep2 Step7 Action:2 模型偏移:0.000 官方偏移:0.000 速度:0.24 奖励:-1.116 详情:距离奖励:0.02|居中奖励:0.76|速度过低-0.2|动态归一化:-1.12
2025-05-03 16:36:47,129 - INFO - Ep2 Step8 Action:2 模型偏移:0.000 官方偏移:0.000 速度:0.24 奖励:-1.087 详情:距离奖励:0.02|居中奖励:0.76|速度过低-0.2|动态归一化:-1.09
2025-05-03 16:36:47,333 - INFO - Ep2 Step9 Action:2 模型偏移:0.000 官方偏移:0.000 速度:0.24 奖励:-1.060 详情:距离奖励:0.02|居中奖励:0.76|速度过低-0.2|动态归一化:-1.06
2025-05-03 16:36:47,537 - INFO - Ep2 Step10 Action:2 模型偏移:0.000 官方偏移:0.000 速度:0.24 奖励:-1.036 详情:距离奖励:0.02|居中奖励:0.76|速度过低-0.2|动态归一化:-1.04
2025-05-03 16:36:47,742 - INFO - Ep2 Step11 Action:2 模型偏移:0.000 官方偏移:0.000 速度:0.24 奖励:-1.013 详情:距离奖励:0.02|居中奖励:0.76|速度过低-0.2|动态归一化:-1.01
2025-05-03 16:36:47,944 - INFO - Ep2 Step12 Action:2 模型偏移:0.000 官方偏移:0.000 速度:0.24 奖励:-0.991 详情:距离奖励:0.02|居中奖励:0.76|速度过低-0.2|动态归一化:-0.99
2025-05-03 16:36:48,144 - INFO - Ep2 Step13 Action:2 模型偏移:0.000 官方偏移:0.000 速度:0.24 奖励:-0.971 详情:距离奖励:0.02|居中奖励:0.76|速度过低-0.2|动态归一化:-0.97
2025-05-03 16:36:48,346 - INFO - Ep2 Step14 Action:2 模型偏移:0.000 官方偏移:0.000 速度:0.24 奖励:-0.952 详情:距离奖励:0.02|居中奖励:0.76|速度过低-0.2|动态归一化:-0.95
2025-05-03 16:36:48,549 - INFO - Ep2 Step15 Action:2 模型偏移:0.000 官方偏移:0.000 速度:0.24 奖励:-0.934 详情:距离奖励:0.02|居中奖励:0.76|速度过低-0.2|动态归一化:-0.93
2025-05-03 16:36:48,758 - INFO - Ep2 Step16 Action:2 模型偏移:0.000 官方偏移:0.000 速度:0.24 奖励:-0.917 详情:距离奖励:0.02|居中奖励:0.76|速度过低-0.2|动态归一化:-0.92
2025-05-03 16:36:49,708 - INFO - Ep2 Step17 Action:2 模型偏移:0.000 官方偏移:0.000 速度:0.24 奖励:-0.901 详情:距离奖励:0.02|居中奖励:0.76|速度过低-0.2|动态归一化:-0.90
2025-05-03 16:36:49,905 - INFO - Ep2 Step18 Action:2 模型偏移:0.000 官方偏移:0.000 速度:0.24 奖励:-0.885 详情:距离奖励:0.02|居中奖励:0.76|速度过低-0.2|动态归一化:-0.89
2025-05-03 16:36:50,112 - INFO - Ep2 Step19 Action:2 模型偏移:0.000 官方偏移:0.000 速度:0.24 奖励:-0.871 详情:距离奖励:0.02|居中奖励:0.76|速度过低-0.2|动态归一化:-0.87
2025-05-03 16:36:50,317 - INFO - Ep2 Step20 Action:2 模型偏移:0.000 官方偏移:0.000 速度:0.24 奖励:-0.562 详情:距离奖励:0.02|居中奖励:0.76|速度过低-0.2|修正偏移+0.5|动态归一化:-0.56
2025-05-03 16:36:50,532 - INFO - Ep2 Step21 Action:2 模型偏移:0.000 官方偏移:0.000 速度:0.24 奖励:-0.315 详情:距离奖励:0.02|居中奖励:0.76|速度适中+0.2|修正偏移+0.5|动态归一化:-0.32
2025-05-03 16:36:50,746 - INFO - Ep2 Step22 Action:2 模型偏移:0.000 官方偏移:0.000 速度:0.24 奖励:-0.300 详情:距离奖励:0.04|居中奖励:0.76|速度适中+0.2|修正偏移+0.5|动态归一化:-0.30
2025-05-03 16:36:50,940 - INFO - Ep2 Step23 Action:2 模型偏移:0.000 官方偏移:0.000 速度:0.24 奖励:-0.277 详情:距离奖励:0.08|居中奖励:0.76|速度适中+0.2|修正偏移+0.5|动态归一化:-0.28
2025-05-03 16:36:51,153 - INFO - Ep2 Step24 Action:2 模型偏移:0.000 官方偏移:0.000 速度:0.24 奖励:-0.251 详情:距离奖励:0.11|居中奖励:0.76|速度适中+0.2|修正偏移+0.5|动态归一化:-0.25
2025-05-03 16:36:51,357 - INFO - Ep2 Step25 Action:2 模型偏移:0.000 官方偏移:0.000 速度:0.24 奖励:-0.223 详情:距离奖励:0.16|居中奖励:0.76|速度适中+0.2|修正偏移+0.5|动态归一化:-0.22
2025-05-03 16:36:51,560 - INFO - Ep2 Step26 Action:2 模型偏移:0.000 官方偏移:0.000 速度:0.24 奖励:-0.193 详情:距离奖励:0.20|居中奖励:0.76|速度适中+0.2|修正偏移+0.5|动态归一化:-0.19
2025-05-03 16:36:51,784 - INFO - Ep2 Step27 Action:2 模型偏移:0.000 官方偏移:0.000 速度:0.24 奖励:-0.099 详情:距离奖励:0.35|居中奖励:0.76|速度适中+0.2|修正偏移+0.5|动态归一化:-0.10
2025-05-03 16:36:52,008 - INFO - Ep2 Step28 Action:2 模型偏移:0.000 官方偏移:0.000 速度:0.24 奖励:-0.036 详情:距离奖励:0.44|居中奖励:0.76|速度适中+0.2|修正偏移+0.5|动态归一化:-0.04
2025-05-03 16:36:52,265 - INFO - Ep2 Step29 Action:2 模型偏移:0.000 官方偏移:0.000 速度:0.24 奖励:0.044 详情:距离奖励:0.57|居中奖励:0.76|速度适中+0.2|修正偏移+0.5|动态归一化:0.04
2025-05-03 16:36:52,477 - INFO - Ep2 Step30 Action:2 模型偏移:0.000 官方偏移:0.000 速度:0.24 奖励:0.015 详情:距离奖励:0.72|居中奖励:0.76|修正偏移+0.5|动态归一化:0.01
2025-05-03 16:36:52,694 - INFO - Ep2 Step31 Action:3 模型偏移:0.000 官方偏移:0.000 速度:0.24 奖励:0.149 详情:距离奖励:0.87|居中奖励:0.82|修正偏移+0.5|动态归一化:0.15
2025-05-03 16:36:52,919 - INFO - Ep2 Step32 Action:0 模型偏移:0.000 官方偏移:0.000 速度:0.18 奖励:-0.103 详情:距离奖励:1.01|居中奖励:0.80|动态归一化:-0.10
2025-05-03 16:36:53,131 - INFO - Ep2 Step33 Action:1 模型偏移:0.000 官方偏移:0.000 速度:0.20 奖励:-0.099 详情:距离奖励:1.17|居中奖励:0.64|动态归一化:-0.10
2025-05-03 16:36:53,332 - INFO - Ep2 Step34 Action:2 模型偏移:0.000 官方偏移:0.000 速度:0.36 奖励:-0.088 详情:距离奖励:1.33|居中奖励:0.50|动态归一化:-0.09
2025-05-03 16:36:53,533 - INFO - Ep2 Step35 Action:4 模型偏移:0.000 官方偏移:0.000 速度:0.50 奖励:-0.179 详情:距离奖励:1.49|居中奖励:0.40|速度过快-0.2|动态归一化:-0.18
2025-05-03 16:36:53,722 - INFO - Ep2 Step36 Action:4 模型偏移:0.000 官方偏移:0.000 速度:0.60 奖励:0.322 详情:距离奖励:1.65|居中奖励:0.48|速度过快-0.2|修正偏移+0.5|动态归一化:0.32
2025-05-03 16:36:53,915 - INFO - Ep2 Step37 Action:4 模型偏移:0.000 官方偏移:0.000 速度:0.52 奖励:0.630 详情:距离奖励:1.82|居中奖励:0.77|速度过快-0.2|修正偏移+0.5|动态归一化:0.63
2025-05-03 16:36:54,114 - INFO - Ep2 Step38 Action:2 模型偏移:0.000 官方偏移:0.000 速度:0.23 奖励:0.807 详情:距离奖励:2.00|居中奖励:0.85|速度过快-0.2|修正偏移+0.5|动态归一化:0.81
2025-05-03 16:36:54,297 - INFO - Ep2 Step39 Action:1 模型偏移:0.000 官方偏移:0.000 速度:0.15 奖励:0.372 详情:距离奖励:2.16|居中奖励:0.57|速度过快-0.2|动态归一化:0.37
2025-05-03 16:36:54,486 - INFO - Ep2 Step40 Action:0 模型偏移:0.000 官方偏移:0.000 速度:0.43 奖励:0.369 详情:距离奖励:2.35|居中奖励:0.39|速度过快-0.2|动态归一化:0.37
2025-05-03 16:36:54,694 - INFO - Ep2 Step41 Action:2 模型偏移:0.000 官方偏移:0.000 速度:0.61 奖励:0.956 详情:距离奖励:2.54|居中奖励:0.55|速度过快-0.2|修正偏移+0.5|动态归一化:0.96
2025-05-03 16:36:54,896 - INFO - Ep2 Step42 Action:0 模型偏移:0.000 官方偏移:0.000 速度:0.45 奖励:0.654 详情:距离奖励:2.77|居中奖励:0.40|速度过快-0.2|动态归一化:0.65
2025-05-03 16:36:55,097 - INFO - Ep2 Step43 Action:2 模型偏移:0.000 官方偏移:0.000 速度:0.60 奖励:1.262 详情:距离奖励:2.97|居中奖励:0.60|速度过快-0.2|修正偏移+0.5|动态归一化:1.26
2025-05-03 16:36:55,284 - INFO - Ep2 Step44 Action:3 模型偏移:0.000 官方偏移:0.000 速度:0.40 奖励:1.609 详情:距离奖励:3.17|居中奖励:0.94|速度过快-0.2|修正偏移+0.5|动态归一化:1.61
2025-05-03 16:36:55,508 - INFO - Ep2 Step45 Action:2 模型偏移:0.000 官方偏移:0.000 速度:0.06 奖励:1.325 详情:距离奖励:3.42|居中奖励:0.82|速度过快-0.2|动态归一化:1.32
2025-05-03 16:36:55,725 - INFO - Ep2 Step46 Action:2 模型偏移:0.000 官方偏移:0.000 速度:0.18 奖励:1.813 详情:距离奖励:3.67|居中奖励:0.85|速度过快-0.2|修正偏移+0.5|动态归一化:1.81
2025-05-03 16:36:55,946 - INFO - Ep2 Step47 Action:1 模型偏移:0.000 官方偏移:0.000 速度:0.15 奖励:1.974 详情:距离奖励:3.92|居中奖励:0.92|速度过快-0.2|修正偏移+0.5|动态归一化:1.97
2025-05-03 16:36:56,164 - INFO - Ep2 Step48 Action:4 模型偏移:0.000 官方偏移:0.000 速度:0.08 奖励:1.673 详情:距离奖励:4.18|居中奖励:0.77|速度过快-0.2|动态归一化:1.67
2025-05-03 16:36:56,381 - INFO - Ep2 Step49 Action:4 模型偏移:0.000 官方偏移:0.000 速度:0.23 奖励:2.226 详情:距离奖励:4.45|居中奖励:0.97|速度过快-0.2|修正偏移+0.5|动态归一化:2.23
2025-05-03 16:36:56,629 - INFO - Ep2 Step50 Action:0 模型偏移:0.000 官方偏移:0.000 速度:0.03 奖励:1.814 详情:距离奖励:4.71|居中奖励:0.65|速度过快-0.2|动态归一化:1.81
2025-05-03 16:36:56,842 - INFO - Ep2 Step51 Action:1 模型偏移:0.000 官方偏移:0.000 速度:0.35 奖励:1.882 详情:距离奖励:5.00|居中奖励:0.55|速度过快-0.2|动态归一化:1.88
2025-05-03 16:36:57,051 - INFO - Ep2 Step52 Action:0 模型偏移:0.000 官方偏移:0.000 速度:0.45 奖励:7.395 详情:距离奖励:5.29|居中奖励:0.74|速度过快-0.2|修正偏移+0.5|动态归一化:2.39|到达终点+5
2025-05-03 16:36:57,051 - INFO - Episode 2/2000 总奖励: 4.66 平均奖励(10): 31.93 epsilon: 0.887
2025-05-03 16:36:57,939 - INFO - Ep3 Step1 Action:2 模型偏移:0.000 官方偏移:0.000 速度:0.24 奖励:-0.787 详情:距离奖励:0.00|居中奖励:0.76|速度过低-0.2|修正偏移+0.5|动态归一化:-0.79
2025-05-03 16:36:58,180 - INFO - Ep3 Step2 Action:2 模型偏移:0.000 官方偏移:0.000 速度:0.24 奖励:-1.070 详情:距离奖励:0.01|居中奖励:0.76|速度过低-0.2|动态归一化:-1.07
2025-05-03 16:36:58,403 - INFO - Ep3 Step3 Action:2 模型偏移:0.000 官方偏移:0.000 速度:0.24 奖励:-1.057 详情:距离奖励:0.01|居中奖励:0.76|速度过低-0.2|动态归一化:-1.06
2025-05-03 16:36:58,619 - INFO - Ep3 Step4 Action:2 模型偏移:0.000 官方偏移:0.000 速度:0.24 奖励:-1.044 详情:距离奖励:0.01|居中奖励:0.76|速度过低-0.2|动态归一化:-1.04
2025-05-03 16:36:58,835 - INFO - Ep3 Step5 Action:2 模型偏移:0.000 官方偏移:0.000 速度:0.24 奖励:-1.032 详情:距离奖励:0.02|居中奖励:0.76|速度过低-0.2|动态归一化:-1.03
2025-05-03 16:36:59,050 - INFO - Ep3 Step6 Action:2 模型偏移:0.000 官方偏移:0.000 速度:0.24 奖励:-1.020 详情:距离奖励:0.02|居中奖励:0.76|速度过低-0.2|动态归一化:-1.02
2025-05-03 16:36:59,273 - INFO - Ep3 Step7 Action:2 模型偏移:0.000 官方偏移:0.000 速度:0.24 奖励:-1.009 详情:距离奖励:0.02|居中奖励:0.76|速度过低-0.2|动态归一化:-1.01
2025-05-03 16:36:59,500 - INFO - Ep3 Step8 Action:2 模型偏移:0.000 官方偏移:0.000 速度:0.24 奖励:-0.998 详情:距离奖励:0.02|居中奖励:0.76|速度过低-0.2|动态归一化:-1.00
2025-05-03 16:36:59,712 - INFO - Ep3 Step9 Action:2 模型偏移:0.000 官方偏移:0.000 速度:0.24 奖励:-0.988 详情:距离奖励:0.02|居中奖励:0.76|速度过低-0.2|动态归一化:-0.99
2025-05-03 16:36:59,935 - INFO - Ep3 Step10 Action:2 模型偏移:0.000 官方偏移:0.000 速度:0.24 奖励:-0.978 详情:距离奖励:0.02|居中奖励:0.76|速度过低-0.2|动态归一化:-0.98
2025-05-03 16:37:00,151 - INFO - Ep3 Step11 Action:2 模型偏移:0.000 官方偏移:0.000 速度:0.24 奖励:-0.968 详情:距离奖励:0.02|居中奖励:0.76|速度过低-0.2|动态归一化:-0.97
2025-05-03 16:37:00,382 - INFO - Ep3 Step12 Action:2 模型偏移:0.000 官方偏移:0.000 速度:0.24 奖励:-0.959 详情:距离奖励:0.02|居中奖励:0.76|速度过低-0.2|动态归一化:-0.96
2025-05-03 16:37:00,635 - INFO - Ep3 Step13 Action:2 模型偏移:0.000 官方偏移:0.000 速度:0.24 奖励:-0.950 详情:距离奖励:0.02|居中奖励:0.76|速度过低-0.2|动态归一化:-0.95
2025-05-03 16:37:00,860 - INFO - Ep3 Step14 Action:2 模型偏移:0.000 官方偏移:0.000 速度:0.24 奖励:-0.950 详情:距离奖励:0.02|居中奖励:0.76|速度过低-0.2|动态归一化:-0.95
2025-05-03 16:37:01,071 - INFO - Ep3 Step15 Action:2 模型偏移:0.000 官方偏移:0.000 速度:0.24 奖励:-0.950 详情:距离奖励:0.02|居中奖励:0.76|速度过低-0.2|动态归一化:-0.95
2025-05-03 16:37:01,295 - INFO - Ep3 Step16 Action:2 模型偏移:0.000 官方偏移:0.000 速度:0.24 奖励:-0.950 详情:距离奖励:0.02|居中奖励:0.76|速度过低-0.2|动态归一化:-0.95
2025-05-03 16:37:01,512 - INFO - Ep3 Step17 Action:2 模型偏移:0.000 官方偏移:0.000 速度:0.24 奖励:-0.652 详情:距离奖励:0.02|居中奖励:0.76|速度过低-0.2|修正偏移+0.5|动态归一化:-0.65
2025-05-03 16:37:01,767 - INFO - Ep3 Step18 Action:2 模型偏移:0.000 官方偏移:0.000 速度:0.24 奖励:-0.398 详情:距离奖励:0.05|居中奖励:0.76|速度适中+0.2|修正偏移+0.5|动态归一化:-0.40
2025-05-03 16:37:01,978 - INFO - Ep3 Step19 Action:2 模型偏移:0.000 官方偏移:0.000 速度:0.24 奖励:-0.348 详情:距离奖励:0.14|居中奖励:0.76|速度适中+0.2|修正偏移+0.5|动态归一化:-0.35
2025-05-03 16:37:02,229 - INFO - Ep3 Step20 Action:2 模型偏移:0.000 官方偏移:0.000 速度:0.24 奖励:-0.281 详情:距离奖励:0.25|居中奖励:0.76|速度适中+0.2|修正偏移+0.5|动态归一化:-0.28
2025-05-03 16:37:02,498 - INFO - Ep3 Step21 Action:2 模型偏移:0.000 官方偏移:0.000 速度:0.24 奖励:-0.229 详情:距离奖励:0.34|居中奖励:0.76|速度适中+0.2|修正偏移+0.5|动态归一化:-0.23
2025-05-03 16:37:02,724 - INFO - Ep3 Step22 Action:2 模型偏移:0.000 官方偏移:0.000 速度:0.24 奖励:-0.133 详情:距离奖励:0.50|居中奖励:0.76|速度适中+0.2|修正偏移+0.5|动态归一化:-0.13
2025-05-03 16:37:02,946 - INFO - Ep3 Step23 Action:2 模型偏移:0.000 官方偏移:0.000 速度:0.24 奖励:-0.061 详情:距离奖励:0.62|居中奖励:0.76|速度适中+0.2|修正偏移+0.5|动态归一化:-0.06
2025-05-03 16:37:03,186 - INFO - Ep3 Step24 Action:2 模型偏移:0.000 官方偏移:0.000 速度:0.24 奖励:-0.101 详情:距离奖励:0.76|居中奖励:0.76|修正偏移+0.5|动态归一化:-0.10
2025-05-03 16:37:03,405 - INFO - Ep3 Step25 Action:2 模型偏移:0.000 官方偏移:0.000 速度:0.24 奖励:-0.012 详情:距离奖励:0.91|居中奖励:0.76|修正偏移+0.5|动态归一化:-0.01
2025-05-03 16:37:03,621 - INFO - Ep3 Step26 Action:2 模型偏移:0.000 官方偏移:0.000 速度:0.24 奖励:0.079 详情:距离奖励:1.06|居中奖励:0.76|修正偏移+0.5|动态归一化:0.08
2025-05-03 16:37:03,842 - INFO - Ep3 Step27 Action:2 模型偏移:0.000 官方偏移:0.000 速度:0.24 奖励:0.167 详情:距离奖励:1.21|居中奖励:0.76|修正偏移+0.5|动态归一化:0.17
2025-05-03 16:37:04,059 - INFO - Ep3 Step28 Action:2 模型偏移:0.000 官方偏移:0.000 速度:0.24 奖励:0.169 详情:距离奖励:1.42|居中奖励:0.76|速度过快-0.2|修正偏移+0.5|动态归一化:0.17
2025-05-03 16:37:04,259 - INFO - Ep3 Step29 Action:2 模型偏移:0.000 官方偏移:0.000 速度:0.24 奖励:0.261 详情:距离奖励:1.57|居中奖励:0.76|速度过快-0.2|修正偏移+0.5|动态归一化:0.26
2025-05-03 16:37:04,476 - INFO - Ep3 Step30 Action:2 模型偏移:0.000 官方偏移:0.000 速度:0.24 奖励:0.363 详情:距离奖励:1.73|居中奖励:0.76|速度过快-0.2|修正偏移+0.5|动态归一化:0.36
2025-05-03 16:37:04,691 - INFO - Ep3 Step31 Action:0 模型偏移:0.000 官方偏移:0.000 速度:0.24 奖励:0.090 详情:距离奖励:1.95|居中奖励:0.60|速度过快-0.2|动态归一化:0.09
2025-05-03 16:37:04,879 - INFO - Ep3 Step32 Action:1 模型偏移:0.000 官方偏移:0.000 速度:0.40 奖励:0.017 详情:距离奖励:2.12|居中奖励:0.30|速度过快-0.2|动态归一化:0.02
2025-05-03 16:37:05,075 - INFO - Ep3 Step33 Action:0 模型偏移:0.000 官方偏移:0.000 速度:0.70 奖励:-0.141 详情:距离奖励:2.30|居中奖励:-0.14|速度过快-0.2|动态归一化:-0.14
2025-05-03 16:37:05,280 - INFO - Ep3 Step34 Action:2 模型偏移:0.000 官方偏移:0.000 速度:1.14 奖励:-1.621 详情:距离奖励:2.52|居中奖励:-0.83|速度过快-0.2|偏离过大-2|动态归一化:-1.62
2025-05-03 16:37:05,280 - INFO - Episode 3/2000 总奖励: -18.54 平均奖励(10): 15.11 epsilon: 0.748
2025-05-03 16:37:06,493 - INFO - Ep4 Step1 Action:2 模型偏移:0.000 官方偏移:0.000 速度:0.24 奖励:-0.653 详情:距离奖励:0.00|居中奖励:0.76|速度过低-0.2|修正偏移+0.5|动态归一化:-0.65
2025-05-03 16:37:06,739 - INFO - Ep4 Step2 Action:2 模型偏移:0.000 官方偏移:0.000 速度:0.24 奖励:-0.938 详情:距离奖励:0.00|居中奖励:0.76|速度过低-0.2|动态归一化:-0.94
2025-05-03 16:37:07,029 - INFO - Ep4 Step3 Action:2 模型偏移:0.000 官方偏移:0.000 速度:0.24 奖励:-0.919 详情:距离奖励:0.00|居中奖励:0.76|速度过低-0.2|动态归一化:-0.92
2025-05-03 16:37:07,300 - INFO - Ep4 Step4 Action:2 模型偏移:0.000 官方偏移:0.000 速度:0.24 奖励:-0.900 详情:距离奖励:0.00|居中奖励:0.76|速度过低-0.2|动态归一化:-0.90
2025-05-03 16:37:07,578 - INFO - Ep4 Step5 Action:2 模型偏移:0.000 官方偏移:0.000 速度:0.24 奖励:-0.882 详情:距离奖励:0.00|居中奖励:0.76|速度过低-0.2|动态归一化:-0.88
2025-05-03 16:37:07,824 - INFO - Ep4 Step6 Action:2 模型偏移:0.000 官方偏移:0.000 速度:0.24 奖励:-0.864 详情:距离奖励:0.00|居中奖励:0.76|速度过低-0.2|动态归一化:-0.86
2025-05-03 16:37:08,069 - INFO - Ep4 Step7 Action:2 模型偏移:0.000 官方偏移:0.000 速度:0.24 奖励:-0.847 详情:距离奖励:0.00|居中奖励:0.76|速度过低-0.2|动态归一化:-0.85
2025-05-03 16:37:08,347 - INFO - Ep4 Step8 Action:2 模型偏移:0.000 官方偏移:0.000 速度:0.24 奖励:-0.831 详情:距离奖励:0.00|居中奖励:0.76|速度过低-0.2|动态归一化:-0.83
2025-05-03 16:37:08,632 - INFO - Ep4 Step9 Action:2 模型偏移:0.000 官方偏移:0.000 速度:0.24 奖励:-0.816 详情:距离奖励:0.00|居中奖励:0.76|速度过低-0.2|动态归一化:-0.82
2025-05-03 16:37:08,863 - INFO - Ep4 Step10 Action:2 模型偏移:0.000 官方偏移:0.000 速度:0.24 奖励:-0.802 详情:距离奖励:0.00|居中奖励:0.76|速度过低-0.2|动态归一化:-0.80
2025-05-03 16:37:09,196 - INFO - Ep4 Step11 Action:2 模型偏移:0.000 官方偏移:0.000 速度:0.24 奖励:-0.788 详情:距离奖励:0.00|居中奖励:0.76|速度过低-0.2|动态归一化:-0.79
2025-05-03 16:37:09,444 - INFO - Ep4 Step12 Action:2 模型偏移:0.000 官方偏移:0.000 速度:0.24 奖励:-0.774 详情:距离奖励:0.00|居中奖励:0.76|速度过低-0.2|动态归一化:-0.77
2025-05-03 16:37:09,677 - INFO - Ep4 Step13 Action:2 模型偏移:0.000 官方偏移:0.000 速度:0.24 奖励:-0.762 详情:距离奖励:0.00|居中奖励:0.76|速度过低-0.2|动态归一化:-0.76
2025-05-03 16:37:09,895 - INFO - Ep4 Step14 Action:2 模型偏移:0.000 官方偏移:0.000 速度:0.24 奖励:-0.758 详情:距离奖励:0.00|居中奖励:0.76|速度过低-0.2|动态归一化:-0.76
