2025-05-03 16:42:57,711 - INFO - 训练开始
2025-05-03 16:43:09,360 - INFO - Ep1 Step1 Action:2 模型偏移:0.000 官方偏移:0.000 速度:0.24 奖励:0.000 详情:距离奖励:0.00|居中奖励:0.76|速度过低-0.2|动态归一化:0.00
2025-05-03 16:43:09,568 - INFO - Ep1 Step2 Action:2 模型偏移:0.000 官方偏移:0.000 速度:0.24 奖励:1.000 详情:距离奖励:0.00|居中奖励:0.76|速度过低-0.2|动态归一化:1.00
2025-05-03 16:43:09,785 - INFO - Ep1 Step3 Action:2 模型偏移:0.000 官方偏移:0.000 速度:0.24 奖励:0.833 详情:距离奖励:0.00|居中奖励:0.76|速度过低-0.2|动态归一化:0.83
2025-05-03 16:43:10,003 - INFO - Ep1 Step4 Action:2 模型偏移:0.000 官方偏移:0.000 速度:0.24 奖励:0.813 详情:距离奖励:0.00|居中奖励:0.76|速度过低-0.2|动态归一化:0.81
2025-05-03 16:43:10,220 - INFO - Ep1 Step5 Action:2 模型偏移:0.000 官方偏移:0.000 速度:0.24 奖励:1.250 详情:距离奖励:0.00|居中奖励:0.76|速度过低-0.2|动态归一化:1.25
2025-05-03 16:43:10,440 - INFO - Ep1 Step6 Action:2 模型偏移:0.000 官方偏移:0.000 速度:0.24 奖励:1.356 详情:距离奖励:0.00|居中奖励:0.76|速度过低-0.2|动态归一化:1.36
2025-05-03 16:43:10,659 - INFO - Ep1 Step7 Action:2 模型偏移:0.000 官方偏移:0.000 速度:0.24 奖励:2.449 详情:距离奖励:0.00|居中奖励:0.76|修正偏移+0.5|动态归一化:2.45
2025-05-03 16:43:10,882 - INFO - Ep1 Step8 Action:2 模型偏移:0.000 官方偏移:0.000 速度:0.24 奖励:2.032 详情:距离奖励:0.03|居中奖励:0.76|速度适中+0.2|修正偏移+0.5|动态归一化:2.03
2025-05-03 16:43:11,092 - INFO - Ep1 Step9 Action:2 模型偏移:0.000 官方偏移:0.000 速度:0.24 奖励:1.661 详情:距离奖励:0.09|居中奖励:0.76|速度适中+0.2|修正偏移+0.5|动态归一化:1.66
2025-05-03 16:43:11,304 - INFO - Ep1 Step10 Action:2 模型偏移:0.000 官方偏移:0.000 速度:0.24 奖励:1.496 详情:距离奖励:0.15|居中奖励:0.76|速度适中+0.2|修正偏移+0.5|动态归一化:1.50
2025-05-03 16:43:11,504 - INFO - Ep1 Step11 Action:2 模型偏移:0.000 官方偏移:0.000 速度:0.24 奖励:1.408 详情:距离奖励:0.22|居中奖励:0.76|速度适中+0.2|修正偏移+0.5|动态归一化:1.41
2025-05-03 16:43:11,706 - INFO - Ep1 Step12 Action:2 模型偏移:0.000 官方偏移:0.000 速度:0.24 奖励:1.369 详情:距离奖励:0.30|居中奖励:0.76|速度适中+0.2|修正偏移+0.5|动态归一化:1.37
2025-05-03 16:43:12,421 - INFO - Ep1 Step13 Action:2 模型偏移:0.000 官方偏移:0.000 速度:0.24 奖励:1.709 详情:距离奖励:0.65|居中奖励:0.76|速度适中+0.2|修正偏移+0.5|动态归一化:1.71
2025-05-03 16:43:12,637 - INFO - Ep1 Step14 Action:2 模型偏移:0.000 官方偏移:0.000 速度:0.24 奖励:1.643 详情:距离奖励:0.76|居中奖励:0.76|速度适中+0.2|修正偏移+0.5|动态归一化:1.64
2025-05-03 16:43:12,839 - INFO - Ep1 Step15 Action:2 模型偏移:0.000 官方偏移:0.000 速度:0.24 奖励:1.373 详情:距离奖励:0.89|居中奖励:0.76|修正偏移+0.5|动态归一化:1.37
2025-05-03 16:43:13,041 - INFO - Ep1 Step16 Action:2 模型偏移:0.000 官方偏移:0.000 速度:0.24 奖励:1.423 详情:距离奖励:1.02|居中奖励:0.76|修正偏移+0.5|动态归一化:1.42
2025-05-03 16:43:13,240 - INFO - Ep1 Step17 Action:2 模型偏移:0.000 官方偏移:0.000 速度:0.24 奖励:1.465 详情:距离奖励:1.16|居中奖励:0.76|修正偏移+0.5|动态归一化:1.47
2025-05-03 16:43:13,437 - INFO - Ep1 Step18 Action:2 模型偏移:0.000 官方偏移:0.000 速度:0.24 奖励:1.513 详情:距离奖励:1.30|居中奖励:0.76|修正偏移+0.5|动态归一化:1.51
2025-05-03 16:43:13,624 - INFO - Ep1 Step19 Action:2 模型偏移:0.000 官方偏移:0.000 速度:0.24 奖励:1.322 详情:距离奖励:1.44|居中奖励:0.76|速度过快-0.2|修正偏移+0.5|动态归一化:1.32
2025-05-03 16:43:13,809 - INFO - Ep1 Step20 Action:2 模型偏移:0.000 官方偏移:0.000 速度:0.24 奖励:1.408 详情:距离奖励:1.59|居中奖励:0.76|速度过快-0.2|修正偏移+0.5|动态归一化:1.41
2025-05-03 16:43:13,996 - INFO - Ep1 Step21 Action:2 模型偏移:0.000 官方偏移:0.000 速度:0.24 奖励:1.485 详情:距离奖励:1.75|居中奖励:0.76|速度过快-0.2|修正偏移+0.5|动态归一化:1.48
2025-05-03 16:43:14,221 - INFO - Ep1 Step22 Action:2 模型偏移:0.000 官方偏移:0.000 速度:0.24 奖励:1.594 详情:距离奖励:1.95|居中奖励:0.76|速度过快-0.2|修正偏移+0.5|动态归一化:1.59
2025-05-03 16:43:14,403 - INFO - Ep1 Step23 Action:2 模型偏移:0.000 官方偏移:0.000 速度:0.24 奖励:1.661 详情:距离奖励:2.13|居中奖励:0.77|速度过快-0.2|修正偏移+0.5|动态归一化:1.66
2025-05-03 16:43:14,588 - INFO - Ep1 Step24 Action:2 模型偏移:0.000 官方偏移:0.000 速度:0.23 奖励:1.711 详情:距离奖励:2.31|居中奖励:0.77|速度过快-0.2|修正偏移+0.5|动态归一化:1.71
2025-05-03 16:43:14,776 - INFO - Ep1 Step25 Action:2 模型偏移:0.000 官方偏移:0.000 速度:0.23 奖励:1.753 详情:距离奖励:2.49|居中奖励:0.77|速度过快-0.2|修正偏移+0.5|动态归一化:1.75
2025-05-03 16:43:14,966 - INFO - Ep1 Step26 Action:2 模型偏移:0.000 官方偏移:0.000 速度:0.23 奖励:1.782 详情:距离奖励:2.67|居中奖励:0.77|速度过快-0.2|修正偏移+0.5|动态归一化:1.78
2025-05-03 16:43:15,150 - INFO - Ep1 Step27 Action:2 模型偏移:0.000 官方偏移:0.000 速度:0.23 奖励:1.824 详情:距离奖励:2.88|居中奖励:0.77|速度过快-0.2|修正偏移+0.5|动态归一化:1.82
2025-05-03 16:43:15,341 - INFO - Ep1 Step28 Action:2 模型偏移:0.000 官方偏移:0.000 速度:0.23 奖励:1.866 详情:距离奖励:3.07|居中奖励:0.79|速度过快-0.2|修正偏移+0.5|动态归一化:1.87
2025-05-03 16:43:15,538 - INFO - Ep1 Step29 Action:2 模型偏移:0.000 官方偏移:0.000 速度:0.21 奖励:1.494 详情:距离奖励:3.29|居中奖励:0.77|速度过快-0.2|动态归一化:1.49
2025-05-03 16:43:15,741 - INFO - Ep1 Step30 Action:2 模型偏移:0.000 官方偏移:0.000 速度:0.23 奖励:1.969 详情:距离奖励:3.53|居中奖励:0.77|速度过快-0.2|修正偏移+0.5|动态归一化:1.97
2025-05-03 16:43:15,942 - INFO - Ep1 Step31 Action:3 模型偏移:0.000 官方偏移:0.000 速度:0.23 奖励:2.033 详情:距离奖励:3.76|居中奖励:0.84|速度过快-0.2|修正偏移+0.5|动态归一化:2.03
2025-05-03 16:43:16,147 - INFO - Ep1 Step32 Action:2 模型偏移:0.000 官方偏移:0.000 速度:0.16 奖励:2.135 详情:距离奖励:4.01|居中奖励:0.99|速度过快-0.2|修正偏移+0.5|动态归一化:2.14
2025-05-03 16:43:16,348 - INFO - Ep1 Step33 Action:4 模型偏移:0.000 官方偏移:0.000 速度:0.01 奖励:1.632 详情:距离奖励:4.24|居中奖励:0.71|速度过快-0.2|动态归一化:1.63
2025-05-03 16:43:16,553 - INFO - Ep1 Step34 Action:4 模型偏移:0.000 官方偏移:0.000 速度:0.29 奖励:-2.060 详情:距离奖励:4.48|居中奖励:0.15|速度过快-0.2|车道入侵-5|动态归一化:-2.06
2025-05-03 16:43:16,553 - INFO - Episode 1/2000 总奖励: 48.40 平均奖励(10): 48.40 epsilon: 1.000
2025-05-03 16:43:17,392 - INFO - Ep2 Step1 Action:2 模型偏移:0.000 官方偏移:0.000 速度:0.24 奖励:-0.780 详情:距离奖励:0.00|居中奖励:0.76|修正偏移+0.5|动态归一化:-0.78
2025-05-03 16:43:17,590 - INFO - Ep2 Step2 Action:2 模型偏移:0.000 官方偏移:0.000 速度:0.24 奖励:-1.213 详情:距离奖励:0.01|居中奖励:0.76|速度过低-0.2|动态归一化:-1.21
2025-05-03 16:43:17,799 - INFO - Ep2 Step3 Action:2 模型偏移:0.000 官方偏移:0.000 速度:0.24 奖励:-1.173 详情:距离奖励:0.01|居中奖励:0.76|速度过低-0.2|动态归一化:-1.17
2025-05-03 16:43:18,022 - INFO - Ep2 Step4 Action:2 模型偏移:0.000 官方偏移:0.000 速度:0.24 奖励:-1.137 详情:距离奖励:0.01|居中奖励:0.76|速度过低-0.2|动态归一化:-1.14
2025-05-03 16:43:18,231 - INFO - Ep2 Step5 Action:2 模型偏移:0.000 官方偏移:0.000 速度:0.24 奖励:-1.103 详情:距离奖励:0.01|居中奖励:0.76|速度过低-0.2|动态归一化:-1.10
2025-05-03 16:43:18,434 - INFO - Ep2 Step6 Action:2 模型偏移:0.000 官方偏移:0.000 速度:0.24 奖励:-1.073 详情:距离奖励:0.01|居中奖励:0.76|速度过低-0.2|动态归一化:-1.07
2025-05-03 16:43:18,639 - INFO - Ep2 Step7 Action:2 模型偏移:0.000 官方偏移:0.000 速度:0.24 奖励:-1.045 详情:距离奖励:0.01|居中奖励:0.76|速度过低-0.2|动态归一化:-1.04
2025-05-03 16:43:18,846 - INFO - Ep2 Step8 Action:2 模型偏移:0.000 官方偏移:0.000 速度:0.24 奖励:-1.019 详情:距离奖励:0.01|居中奖励:0.76|速度过低-0.2|动态归一化:-1.02
2025-05-03 16:43:19,046 - INFO - Ep2 Step9 Action:2 模型偏移:0.000 官方偏移:0.000 速度:0.24 奖励:-0.995 详情:距离奖励:0.01|居中奖励:0.76|速度过低-0.2|动态归一化:-1.00
2025-05-03 16:43:19,247 - INFO - Ep2 Step10 Action:2 模型偏移:0.000 官方偏移:0.000 速度:0.24 奖励:-0.973 详情:距离奖励:0.01|居中奖励:0.76|速度过低-0.2|动态归一化:-0.97
2025-05-03 16:43:19,479 - INFO - Ep2 Step11 Action:2 模型偏移:0.000 官方偏移:0.000 速度:0.24 奖励:-0.952 详情:距离奖励:0.01|居中奖励:0.76|速度过低-0.2|动态归一化:-0.95
2025-05-03 16:43:19,684 - INFO - Ep2 Step12 Action:2 模型偏移:0.000 官方偏移:0.000 速度:0.24 奖励:-0.933 详情:距离奖励:0.01|居中奖励:0.76|速度过低-0.2|动态归一化:-0.93
2025-05-03 16:43:19,888 - INFO - Ep2 Step13 Action:2 模型偏移:0.000 官方偏移:0.000 速度:0.24 奖励:-0.914 详情:距离奖励:0.01|居中奖励:0.76|速度过低-0.2|动态归一化:-0.91
2025-05-03 16:43:20,848 - INFO - Ep2 Step14 Action:2 模型偏移:0.000 官方偏移:0.000 速度:0.24 奖励:-0.897 详情:距离奖励:0.01|居中奖励:0.76|速度过低-0.2|动态归一化:-0.90
2025-05-03 16:43:21,047 - INFO - Ep2 Step15 Action:2 模型偏移:0.000 官方偏移:0.000 速度:0.24 奖励:-0.880 详情:距离奖励:0.01|居中奖励:0.76|速度过低-0.2|动态归一化:-0.88
2025-05-03 16:43:21,257 - INFO - Ep2 Step16 Action:2 模型偏移:0.000 官方偏移:0.000 速度:0.24 奖励:-0.865 详情:距离奖励:0.01|居中奖励:0.76|速度过低-0.2|动态归一化:-0.86
2025-05-03 16:43:21,463 - INFO - Ep2 Step17 Action:2 模型偏移:0.000 官方偏移:0.000 速度:0.24 奖励:-0.850 详情:距离奖励:0.01|居中奖励:0.76|速度过低-0.2|动态归一化:-0.85
2025-05-03 16:43:21,677 - INFO - Ep2 Step18 Action:2 模型偏移:0.000 官方偏移:0.000 速度:0.24 奖励:-0.836 详情:距离奖励:0.01|居中奖励:0.76|速度过低-0.2|动态归一化:-0.84
2025-05-03 16:43:21,883 - INFO - Ep2 Step19 Action:2 模型偏移:0.000 官方偏移:0.000 速度:0.24 奖励:-0.352 详情:距离奖励:0.01|居中奖励:0.76|修正偏移+0.5|动态归一化:-0.35
2025-05-03 16:43:22,098 - INFO - Ep2 Step20 Action:2 模型偏移:0.000 官方偏移:0.000 速度:0.24 奖励:-0.189 详情:距离奖励:0.05|居中奖励:0.76|速度适中+0.2|修正偏移+0.5|动态归一化:-0.19
2025-05-03 16:43:22,301 - INFO - Ep2 Step21 Action:2 模型偏移:0.000 官方偏移:0.000 速度:0.24 奖励:-0.163 详情:距离奖励:0.08|居中奖励:0.76|速度适中+0.2|修正偏移+0.5|动态归一化:-0.16
2025-05-03 16:43:22,503 - INFO - Ep2 Step22 Action:2 模型偏移:0.000 官方偏移:0.000 速度:0.24 奖励:-0.135 详情:距离奖励:0.12|居中奖励:0.76|速度适中+0.2|修正偏移+0.5|动态归一化:-0.13
2025-05-03 16:43:22,707 - INFO - Ep2 Step23 Action:2 模型偏移:0.000 官方偏移:0.000 速度:0.24 奖励:-0.104 详情:距离奖励:0.16|居中奖励:0.76|速度适中+0.2|修正偏移+0.5|动态归一化:-0.10
2025-05-03 16:43:22,913 - INFO - Ep2 Step24 Action:2 模型偏移:0.000 官方偏移:0.000 速度:0.24 奖励:-0.071 详情:距离奖励:0.21|居中奖励:0.76|速度适中+0.2|修正偏移+0.5|动态归一化:-0.07
2025-05-03 16:43:23,108 - INFO - Ep2 Step25 Action:2 模型偏移:0.000 官方偏移:0.000 速度:0.24 奖励:-0.037 详情:距离奖励:0.26|居中奖励:0.76|速度适中+0.2|修正偏移+0.5|动态归一化:-0.04
2025-05-03 16:43:23,315 - INFO - Ep2 Step26 Action:2 模型偏移:0.000 官方偏移:0.000 速度:0.24 奖励:-0.001 详情:距离奖励:0.30|居中奖励:0.76|速度适中+0.2|修正偏移+0.5|动态归一化:-0.00
2025-05-03 16:43:23,526 - INFO - Ep2 Step27 Action:2 模型偏移:0.000 官方偏移:0.000 速度:0.24 奖励:0.036 详情:距离奖励:0.36|居中奖励:0.76|速度适中+0.2|修正偏移+0.5|动态归一化:0.04
2025-05-03 16:43:23,721 - INFO - Ep2 Step28 Action:2 模型偏移:0.000 官方偏移:0.000 速度:0.24 奖励:0.111 详情:距离奖励:0.46|居中奖励:0.76|速度适中+0.2|修正偏移+0.5|动态归一化:0.11
2025-05-03 16:43:23,930 - INFO - Ep2 Step29 Action:2 模型偏移:0.000 官方偏移:0.000 速度:0.24 奖励:0.149 详情:距离奖励:0.51|居中奖励:0.76|速度适中+0.2|修正偏移+0.5|动态归一化:0.15
2025-05-03 16:43:24,136 - INFO - Ep2 Step30 Action:2 模型偏移:0.000 官方偏移:0.000 速度:0.24 奖励:0.188 详情:距离奖励:0.56|居中奖励:0.76|速度适中+0.2|修正偏移+0.5|动态归一化:0.19
2025-05-03 16:43:24,350 - INFO - Ep2 Step31 Action:1 模型偏移:0.000 官方偏移:0.000 速度:0.24 奖励:-0.157 详情:距离奖励:0.62|居中奖励:0.75|速度适中+0.2|动态归一化:-0.16
2025-05-03 16:43:24,550 - INFO - Ep2 Step32 Action:0 模型偏移:0.000 官方偏移:0.000 速度:0.25 奖励:-0.145 详情:距离奖励:0.68|居中奖励:0.71|速度适中+0.2|动态归一化:-0.15
2025-05-03 16:43:24,757 - INFO - Ep2 Step33 Action:4 模型偏移:0.000 官方偏移:0.000 速度:0.29 奖励:-0.279 详情:距离奖励:0.73|居中奖励:0.67|动态归一化:-0.28
2025-05-03 16:43:24,962 - INFO - Ep2 Step34 Action:4 模型偏移:0.000 官方偏移:0.000 速度:0.33 奖励:0.185 详情:距离奖励:0.79|居中奖励:0.71|修正偏移+0.5|动态归一化:0.18
2025-05-03 16:43:25,162 - INFO - Ep2 Step35 Action:2 模型偏移:0.000 官方偏移:0.000 速度:0.29 奖励:0.315 详情:距离奖励:0.92|居中奖励:0.75|修正偏移+0.5|动态归一化:0.31
2025-05-03 16:43:25,364 - INFO - Ep2 Step36 Action:3 模型偏移:0.000 官方偏移:0.000 速度:0.25 奖励:0.400 详情:距离奖励:0.99|居中奖励:0.80|修正偏移+0.5|动态归一化:0.40
2025-05-03 16:43:25,565 - INFO - Ep2 Step37 Action:4 模型偏移:0.000 官方偏移:0.000 速度:0.20 奖励:0.603 详情:距离奖励:1.05|居中奖励:1.00|修正偏移+0.5|动态归一化:0.60
2025-05-03 16:43:25,762 - INFO - Ep2 Step38 Action:2 模型偏移:0.000 官方偏移:0.000 速度:0.00 奖励:0.141 详情:距离奖励:1.25|居中奖励:0.72|动态归一化:0.14
2025-05-03 16:43:25,952 - INFO - Ep2 Step39 Action:1 模型偏移:0.000 官方偏移:0.000 速度:0.28 奖励:0.092 详情:距离奖励:1.39|居中奖励:0.52|动态归一化:0.09
2025-05-03 16:43:26,140 - INFO - Ep2 Step40 Action:4 模型偏移:0.000 官方偏移:0.000 速度:0.48 奖励:-3.733 详情:距离奖励:1.54|居中奖励:0.27|速度过快-0.2|车道入侵-5|动态归一化:-3.73
2025-05-03 16:43:26,140 - INFO - Episode 2/2000 总奖励: -20.78 平均奖励(10): 13.81 epsilon: 1.000
2025-05-03 16:43:27,166 - INFO - Ep3 Step1 Action:2 模型偏移:0.000 官方偏移:0.000 速度:0.24 奖励:-0.482 详情:距离奖励:0.00|居中奖励:0.76|速度过低-0.2|修正偏移+0.5|动态归一化:-0.48
2025-05-03 16:43:27,378 - INFO - Ep3 Step2 Action:2 模型偏移:0.000 官方偏移:0.000 速度:0.24 奖励:-0.837 详情:距离奖励:0.00|居中奖励:0.76|速度过低-0.2|动态归一化:-0.84
2025-05-03 16:43:27,595 - INFO - Ep3 Step3 Action:2 模型偏移:0.000 官方偏移:0.000 速度:0.24 奖励:-0.827 详情:距离奖励:0.00|居中奖励:0.76|速度过低-0.2|动态归一化:-0.83
2025-05-03 16:43:27,796 - INFO - Ep3 Step4 Action:2 模型偏移:0.000 官方偏移:0.000 速度:0.24 奖励:-0.818 详情:距离奖励:0.00|居中奖励:0.76|速度过低-0.2|动态归一化:-0.82
2025-05-03 16:43:27,999 - INFO - Ep3 Step5 Action:2 模型偏移:0.000 官方偏移:0.000 速度:0.24 奖励:-0.809 详情:距离奖励:0.00|居中奖励:0.76|速度过低-0.2|动态归一化:-0.81
2025-05-03 16:43:28,204 - INFO - Ep3 Step6 Action:2 模型偏移:0.000 官方偏移:0.000 速度:0.24 奖励:-0.800 详情:距离奖励:0.01|居中奖励:0.76|速度过低-0.2|动态归一化:-0.80
2025-05-03 16:43:28,409 - INFO - Ep3 Step7 Action:2 模型偏移:0.000 官方偏移:0.000 速度:0.24 奖励:-0.792 详情:距离奖励:0.01|居中奖励:0.76|速度过低-0.2|动态归一化:-0.79
2025-05-03 16:43:28,614 - INFO - Ep3 Step8 Action:2 模型偏移:0.000 官方偏移:0.000 速度:0.24 奖励:-0.784 详情:距离奖励:0.01|居中奖励:0.76|速度过低-0.2|动态归一化:-0.78
2025-05-03 16:43:28,833 - INFO - Ep3 Step9 Action:2 模型偏移:0.000 官方偏移:0.000 速度:0.24 奖励:-0.777 详情:距离奖励:0.01|居中奖励:0.76|速度过低-0.2|动态归一化:-0.78
2025-05-03 16:43:29,026 - INFO - Ep3 Step10 Action:2 模型偏移:0.000 官方偏移:0.000 速度:0.24 奖励:-0.769 详情:距离奖励:0.01|居中奖励:0.76|速度过低-0.2|动态归一化:-0.77
2025-05-03 16:43:29,275 - INFO - Ep3 Step11 Action:2 模型偏移:0.000 官方偏移:0.000 速度:0.24 奖励:-0.762 详情:距离奖励:0.01|居中奖励:0.76|速度过低-0.2|动态归一化:-0.76
2025-05-03 16:43:29,520 - INFO - Ep3 Step12 Action:2 模型偏移:0.000 官方偏移:0.000 速度:0.24 奖励:-0.755 详情:距离奖励:0.01|居中奖励:0.76|速度过低-0.2|动态归一化:-0.75
2025-05-03 16:43:29,722 - INFO - Ep3 Step13 Action:2 模型偏移:0.000 官方偏移:0.000 速度:0.24 奖励:-0.748 详情:距离奖励:0.01|居中奖励:0.76|速度过低-0.2|动态归一化:-0.75
2025-05-03 16:43:29,925 - INFO - Ep3 Step14 Action:2 模型偏移:0.000 官方偏移:0.000 速度:0.24 奖励:-0.742 详情:距离奖励:0.01|居中奖励:0.76|速度过低-0.2|动态归一化:-0.74
2025-05-03 16:43:30,134 - INFO - Ep3 Step15 Action:2 模型偏移:0.000 官方偏移:0.000 速度:0.24 奖励:-0.735 详情:距离奖励:0.01|居中奖励:0.76|速度过低-0.2|动态归一化:-0.74
2025-05-03 16:43:30,348 - INFO - Ep3 Step16 Action:2 模型偏移:0.000 官方偏移:0.000 速度:0.24 奖励:-0.048 详情:距离奖励:0.01|居中奖励:0.76|速度适中+0.2|修正偏移+0.5|动态归一化:-0.05
2025-05-03 16:43:30,552 - INFO - Ep3 Step17 Action:2 模型偏移:0.000 官方偏移:0.000 速度:0.24 奖励:-0.000 详情:距离奖励:0.08|居中奖励:0.76|速度适中+0.2|修正偏移+0.5|动态归一化:-0.00
2025-05-03 16:43:30,763 - INFO - Ep3 Step18 Action:2 模型偏移:0.000 官方偏移:0.000 速度:0.24 奖励:0.062 详情:距离奖励:0.16|居中奖励:0.76|速度适中+0.2|修正偏移+0.5|动态归一化:0.06
2025-05-03 16:43:30,976 - INFO - Ep3 Step19 Action:2 模型偏移:0.000 官方偏移:0.000 速度:0.24 奖励:0.142 详情:距离奖励:0.26|居中奖励:0.76|速度适中+0.2|修正偏移+0.5|动态归一化:0.14
2025-05-03 16:43:31,186 - INFO - Ep3 Step20 Action:2 模型偏移:0.000 官方偏移:0.000 速度:0.24 奖励:0.218 详情:距离奖励:0.36|居中奖励:0.76|速度适中+0.2|修正偏移+0.5|动态归一化:0.22
2025-05-03 16:43:31,399 - INFO - Ep3 Step21 Action:2 模型偏移:0.000 官方偏移:0.000 速度:0.24 奖励:0.309 详情:距离奖励:0.48|居中奖励:0.76|速度适中+0.2|修正偏移+0.5|动态归一化:0.31
2025-05-03 16:43:31,604 - INFO - Ep3 Step22 Action:2 模型偏移:0.000 官方偏移:0.000 速度:0.24 奖励:0.393 详情:距离奖励:0.59|居中奖励:0.76|速度适中+0.2|修正偏移+0.5|动态归一化:0.39
2025-05-03 16:43:31,809 - INFO - Ep3 Step23 Action:2 模型偏移:0.000 官方偏移:0.000 速度:0.24 奖励:0.328 详情:距离奖励:0.71|居中奖励:0.76|修正偏移+0.5|动态归一化:0.33
2025-05-03 16:43:32,014 - INFO - Ep3 Step24 Action:2 模型偏移:0.000 官方偏移:0.000 速度:0.24 奖励:0.438 详情:距离奖励:0.85|居中奖励:0.76|修正偏移+0.5|动态归一化:0.44
2025-05-03 16:43:32,218 - INFO - Ep3 Step25 Action:2 模型偏移:0.000 官方偏移:0.000 速度:0.24 奖励:0.543 详情:距离奖励:0.99|居中奖励:0.76|修正偏移+0.5|动态归一化:0.54
2025-05-03 16:43:32,420 - INFO - Ep3 Step26 Action:2 模型偏移:0.000 官方偏移:0.000 速度:0.24 奖励:0.653 详情:距离奖励:1.13|居中奖励:0.76|修正偏移+0.5|动态归一化:0.65
2025-05-03 16:43:32,621 - INFO - Ep3 Step27 Action:2 模型偏移:0.000 官方偏移:0.000 速度:0.24 奖励:0.616 详情:距离奖励:1.30|居中奖励:0.76|速度过快-0.2|修正偏移+0.5|动态归一化:0.62
2025-05-03 16:43:32,827 - INFO - Ep3 Step28 Action:2 模型偏移:0.000 官方偏移:0.000 速度:0.24 奖励:0.730 详情:距离奖励:1.46|居中奖励:0.76|速度过快-0.2|修正偏移+0.5|动态归一化:0.73
2025-05-03 16:43:33,012 - INFO - Ep3 Step29 Action:2 模型偏移:0.000 官方偏移:0.000 速度:0.24 奖励:0.826 详情:距离奖励:1.61|居中奖励:0.76|速度过快-0.2|修正偏移+0.5|动态归一化:0.83
2025-05-03 16:43:33,199 - INFO - Ep3 Step30 Action:2 模型偏移:0.000 官方偏移:0.000 速度:0.24 奖励:0.947 详情:距离奖励:1.78|居中奖励:0.76|速度过快-0.2|修正偏移+0.5|动态归一化:0.95
2025-05-03 16:43:33,382 - INFO - Ep3 Step31 Action:1 模型偏移:0.000 官方偏移:0.000 速度:0.24 奖励:0.629 详情:距离奖励:1.97|居中奖励:0.70|速度过快-0.2|动态归一化:0.63
2025-05-03 16:43:33,567 - INFO - Ep3 Step32 Action:2 模型偏移:0.000 官方偏移:0.000 速度:0.30 奖励:0.648 详情:距离奖励:2.12|居中奖励:0.58|速度过快-0.2|动态归一化:0.65
2025-05-03 16:43:33,762 - INFO - Ep3 Step33 Action:2 模型偏移:0.000 官方偏移:0.000 速度:0.42 奖励:0.692 详情:距离奖励:2.31|居中奖励:0.47|速度过快-0.2|动态归一化:0.69
2025-05-03 16:43:33,951 - INFO - Ep3 Step34 Action:2 模型偏移:0.000 官方偏移:0.000 速度:0.53 奖励:0.758 详情:距离奖励:2.51|居中奖励:0.36|速度过快-0.2|动态归一化:0.76
2025-05-03 16:43:34,139 - INFO - Ep3 Step35 Action:1 模型偏移:0.000 官方偏移:0.000 速度:0.64 奖励:0.754 详情:距离奖励:2.71|居中奖励:0.17|速度过快-0.2|动态归一化:0.75
2025-05-03 16:43:34,324 - INFO - Ep3 Step36 Action:2 模型偏移:0.000 官方偏移:0.000 速度:0.83 奖励:0.844 详情:距离奖励:2.89|居中奖励:0.12|速度过快-0.2|动态归一化:0.84
2025-05-03 16:43:34,510 - INFO - Ep3 Step37 Action:3 模型偏移:0.000 官方偏移:0.000 速度:0.88 奖励:1.861 详情:距离奖励:3.10|居中奖励:0.75|速度过快-0.2|修正偏移+0.5|动态归一化:1.86
2025-05-03 16:43:34,699 - INFO - Ep3 Step38 Action:2 模型偏移:0.000 官方偏移:0.000 速度:0.25 奖励:0.875 详情:距离奖励:3.32|居中奖励:-0.21|速度过快-0.2|动态归一化:0.88
2025-05-03 16:43:34,903 - INFO - Ep3 Step39 Action:1 模型偏移:0.000 官方偏移:0.000 速度:1.21 奖励:-0.821 详情:距离奖励:3.54|居中奖励:-0.64|速度过快-0.2|偏离过大-2|动态归一化:-0.82
2025-05-03 16:43:34,903 - INFO - Episode 3/2000 总奖励: 0.96 平均奖励(10): 9.53 epsilon: 1.000
2025-05-03 16:43:35,819 - INFO - Ep4 Step1 Action:2 模型偏移:0.000 官方偏移:0.000 速度:0.24 奖励:-0.537 详情:距离奖励:0.00|居中奖励:0.76|速度过低-0.2|修正偏移+0.5|动态归一化:-0.54
2025-05-03 16:43:36,033 - INFO - Ep4 Step2 Action:2 模型偏移:0.000 官方偏移:0.000 速度:0.24 奖励:-0.906 详情:距离奖励:0.00|居中奖励:0.76|速度过低-0.2|动态归一化:-0.91
2025-05-03 16:43:36,235 - INFO - Ep4 Step3 Action:2 模型偏移:0.000 官方偏移:0.000 速度:0.24 奖励:-0.889 详情:距离奖励:0.00|居中奖励:0.76|速度过低-0.2|动态归一化:-0.89
2025-05-03 16:43:36,447 - INFO - Ep4 Step4 Action:2 模型偏移:0.000 官方偏移:0.000 速度:0.24 奖励:-0.872 详情:距离奖励:0.00|居中奖励:0.76|速度过低-0.2|动态归一化:-0.87
2025-05-03 16:43:36,658 - INFO - Ep4 Step5 Action:2 模型偏移:0.000 官方偏移:0.000 速度:0.24 奖励:-0.855 详情:距离奖励:0.00|居中奖励:0.76|速度过低-0.2|动态归一化:-0.86
2025-05-03 16:43:36,858 - INFO - Ep4 Step6 Action:2 模型偏移:0.000 官方偏移:0.000 速度:0.24 奖励:-0.839 详情:距离奖励:0.01|居中奖励:0.76|速度过低-0.2|动态归一化:-0.84
2025-05-03 16:43:37,065 - INFO - Ep4 Step7 Action:2 模型偏移:0.000 官方偏移:0.000 速度:0.24 奖励:-0.822 详情:距离奖励:0.01|居中奖励:0.76|速度过低-0.2|动态归一化:-0.82
2025-05-03 16:43:37,277 - INFO - Ep4 Step8 Action:2 模型偏移:0.000 官方偏移:0.000 速度:0.24 奖励:-0.806 详情:距离奖励:0.01|居中奖励:0.76|速度过低-0.2|动态归一化:-0.81
2025-05-03 16:43:37,486 - INFO - Ep4 Step9 Action:2 模型偏移:0.000 官方偏移:0.000 速度:0.24 奖励:-0.789 详情:距离奖励:0.01|居中奖励:0.76|速度过低-0.2|动态归一化:-0.79
2025-05-03 16:43:37,689 - INFO - Ep4 Step10 Action:2 模型偏移:0.000 官方偏移:0.000 速度:0.24 奖励:-0.772 详情:距离奖励:0.01|居中奖励:0.76|速度过低-0.2|动态归一化:-0.77
2025-05-03 16:43:37,892 - INFO - Ep4 Step11 Action:2 模型偏移:0.000 官方偏移:0.000 速度:0.24 奖励:-0.756 详情:距离奖励:0.01|居中奖励:0.76|速度过低-0.2|动态归一化:-0.76
2025-05-03 16:43:38,097 - INFO - Ep4 Step12 Action:2 模型偏移:0.000 官方偏移:0.000 速度:0.24 奖励:-0.740 详情:距离奖励:0.01|居中奖励:0.76|速度过低-0.2|动态归一化:-0.74
2025-05-03 16:43:38,299 - INFO - Ep4 Step13 Action:2 模型偏移:0.000 官方偏移:0.000 速度:0.24 奖励:-0.724 详情:距离奖励:0.01|居中奖励:0.76|速度过低-0.2|动态归一化:-0.72
2025-05-03 16:43:38,502 - INFO - Ep4 Step14 Action:2 模型偏移:0.000 官方偏移:0.000 速度:0.24 奖励:-0.710 详情:距离奖励:0.01|居中奖励:0.76|速度过低-0.2|动态归一化:-0.71
2025-05-03 16:43:38,705 - INFO - Ep4 Step15 Action:2 模型偏移:0.000 官方偏移:0.000 速度:0.24 奖励:-0.696 详情:距离奖励:0.01|居中奖励:0.76|速度过低-0.2|动态归一化:-0.70
2025-05-03 16:43:38,910 - INFO - Ep4 Step16 Action:2 模型偏移:0.000 官方偏移:0.000 速度:0.24 奖励:-0.681 详情:距离奖励:0.01|居中奖励:0.76|速度过低-0.2|动态归一化:-0.68
2025-05-03 16:43:39,101 - INFO - Ep4 Step17 Action:2 模型偏移:0.000 官方偏移:0.000 速度:0.24 奖励:-0.671 详情:距离奖励:0.01|居中奖励:0.76|速度过低-0.2|动态归一化:-0.67
2025-05-03 16:43:39,315 - INFO - Ep4 Step18 Action:2 模型偏移:0.000 官方偏移:0.000 速度:0.24 奖励:-0.665 详情:距离奖励:0.01|居中奖励:0.76|速度过低-0.2|动态归一化:-0.67
2025-05-03 16:43:39,519 - INFO - Ep4 Step19 Action:2 模型偏移:0.000 官方偏移:0.000 速度:0.24 奖励:-0.667 详情:距离奖励:0.01|居中奖励:0.76|速度过低-0.2|动态归一化:-0.67
2025-05-03 16:43:39,720 - INFO - Ep4 Step20 Action:2 模型偏移:0.000 官方偏移:0.000 速度:0.24 奖励:-0.666 详情:距离奖励:0.01|居中奖励:0.76|速度过低-0.2|动态归一化:-0.67
2025-05-03 16:43:39,924 - INFO - Ep4 Step21 Action:2 模型偏移:0.000 官方偏移:0.000 速度:0.24 奖励:-0.688 详情:距离奖励:0.01|居中奖励:0.76|速度过低-0.2|动态归一化:-0.69
2025-05-03 16:43:40,131 - INFO - Ep4 Step22 Action:2 模型偏移:0.000 官方偏移:0.000 速度:0.24 奖励:-0.679 详情:距离奖励:0.01|居中奖励:0.76|速度过低-0.2|动态归一化:-0.68
2025-05-03 16:43:40,327 - INFO - Ep4 Step23 Action:2 模型偏移:0.000 官方偏移:0.000 速度:0.24 奖励:-0.679 详情:距离奖励:0.01|居中奖励:0.76|速度过低-0.2|动态归一化:-0.68
2025-05-03 16:43:40,537 - INFO - Ep4 Step24 Action:2 模型偏移:0.000 官方偏移:0.000 速度:0.24 奖励:0.055 详情:距离奖励:0.01|居中奖励:0.76|修正偏移+0.5|动态归一化:0.06
2025-05-03 16:43:40,745 - INFO - Ep4 Step25 Action:2 模型偏移:0.000 官方偏移:0.000 速度:0.24 奖励:0.281 详情:距离奖励:0.03|居中奖励:0.76|速度适中+0.2|修正偏移+0.5|动态归一化:0.28
2025-05-03 16:43:40,960 - INFO - Ep4 Step26 Action:2 模型偏移:0.000 官方偏移:0.000 速度:0.24 奖励:0.307 详情:距离奖励:0.06|居中奖励:0.76|速度适中+0.2|修正偏移+0.5|动态归一化:0.31
2025-05-03 16:43:41,199 - INFO - Ep4 Step27 Action:2 模型偏移:0.000 官方偏移:0.000 速度:0.24 奖励:0.338 详情:距离奖励:0.10|居中奖励:0.76|速度适中+0.2|修正偏移+0.5|动态归一化:0.34
2025-05-03 16:43:41,444 - INFO - Ep4 Step28 Action:2 模型偏移:0.000 官方偏移:0.000 速度:0.24 奖励:0.372 详情:距离奖励:0.14|居中奖励:0.76|速度适中+0.2|修正偏移+0.5|动态归一化:0.37
2025-05-03 16:43:41,636 - INFO - Ep4 Step29 Action:2 模型偏移:0.000 官方偏移:0.000 速度:0.24 奖励:0.409 详情:距离奖励:0.19|居中奖励:0.76|速度适中+0.2|修正偏移+0.5|动态归一化:0.41
2025-05-03 16:43:41,854 - INFO - Ep4 Step30 Action:2 模型偏移:0.000 官方偏移:0.000 速度:0.24 奖励:0.448 详情:距离奖励:0.23|居中奖励:0.76|速度适中+0.2|修正偏移+0.5|动态归一化:0.45
2025-05-03 16:43:42,065 - INFO - Ep4 Step31 Action:0 模型偏移:0.000 官方偏移:0.000 速度:0.24 奖励:-0.046 详情:距离奖励:0.36|居中奖励:0.68|速度适中+0.2|动态归一化:-0.05
2025-05-03 16:43:42,265 - INFO - Ep4 Step32 Action:1 模型偏移:0.000 官方偏移:0.000 速度:0.32 奖励:-0.097 详情:距离奖励:0.48|居中奖励:0.52|速度适中+0.2|动态归一化:-0.10
2025-05-03 16:43:42,510 - INFO - Ep4 Step33 Action:0 模型偏移:0.000 官方偏移:0.000 速度:0.48 奖励:-4.875 详情:距离奖励:0.61|居中奖励:0.26|速度适中+0.2|车道入侵-5|动态归一化:-4.88
2025-05-03 16:43:42,510 - INFO - Episode 4/2000 总奖励: -19.92 平均奖励(10): 2.17 epsilon: 1.000
2025-05-03 16:43:44,447 - INFO - Ep5 Step1 Action:2 模型偏移:0.000 官方偏移:0.000 速度:0.24 奖励:-0.178 详情:距离奖励:0.00|居中奖励:0.76|速度过低-0.2|修正偏移+0.5|动态归一化:-0.18
2025-05-03 16:43:45,029 - INFO - Ep5 Step2 Action:2 模型偏移:0.000 官方偏移:0.000 速度:0.24 奖励:-0.648 详情:距离奖励:0.00|居中奖励:0.76|速度过低-0.2|动态归一化:-0.65
2025-05-03 16:43:46,254 - INFO - Ep5 Step3 Action:2 模型偏移:0.000 官方偏移:0.000 速度:0.24 奖励:-0.647 详情:距离奖励:0.00|居中奖励:0.76|速度过低-0.2|动态归一化:-0.65
2025-05-03 16:43:47,237 - INFO - Ep5 Step4 Action:2 模型偏移:0.000 官方偏移:0.000 速度:0.24 奖励:-0.647 详情:距离奖励:0.00|居中奖励:0.76|速度过低-0.2|动态归一化:-0.65
2025-05-03 16:43:48,491 - INFO - Ep5 Step5 Action:2 模型偏移:0.000 官方偏移:0.000 速度:0.24 奖励:0.194 详情:距离奖励:0.00|居中奖励:0.76|速度适中+0.2|修正偏移+0.5|动态归一化:0.19
2025-05-03 16:43:49,574 - INFO - Ep5 Step6 Action:2 模型偏移:0.000 官方偏移:0.000 速度:0.24 奖励:0.370 详情:距离奖励:0.20|居中奖励:0.76|速度适中+0.2|修正偏移+0.5|动态归一化:0.37
2025-05-03 16:43:51,011 - INFO - Ep5 Step7 Action:2 模型偏移:0.000 官方偏移:0.000 速度:0.24 奖励:0.518 详情:距离奖励:0.56|居中奖励:0.76|修正偏移+0.5|动态归一化:0.52
2025-05-03 16:43:52,115 - INFO - Ep5 Step8 Action:2 模型偏移:0.000 官方偏移:0.000 速度:0.24 奖励:0.913 详情:距离奖励:1.19|居中奖励:0.76|速度过快-0.2|修正偏移+0.5|动态归一化:0.91
2025-05-03 16:43:53,233 - INFO - Ep5 Step9 Action:2 模型偏移:0.000 官方偏移:0.000 速度:0.24 奖励:1.349 详情:距离奖励:1.68|居中奖励:0.76|速度过快-0.2|修正偏移+0.5|动态归一化:1.35
2025-05-03 16:43:54,184 - INFO - Ep5 Step10 Action:2 模型偏移:0.000 官方偏移:0.000 速度:0.24 奖励:1.910 详情:距离奖励:2.33|居中奖励:0.77|速度过快-0.2|修正偏移+0.5|动态归一化:1.91
2025-05-03 16:43:55,301 - INFO - Ep5 Step11 Action:2 模型偏移:0.000 官方偏移:0.000 速度:0.23 奖励:2.398 详情:距离奖励:2.97|居中奖励:0.77|速度过快-0.2|修正偏移+0.5|动态归一化:2.40
2025-05-03 16:43:56,392 - INFO - Ep5 Step12 Action:2 模型偏移:0.000 官方偏移:0.000 速度:0.23 奖励:2.952 详情:距离奖励:3.78|居中奖励:0.77|速度过快-0.2|修正偏移+0.5|动态归一化:2.95
2025-05-03 16:43:57,255 - INFO - Ep5 Step13 Action:2 模型偏移:0.000 官方偏移:0.000 速度:0.23 奖励:3.057 详情:距离奖励:4.62|居中奖励:0.77|速度过快-0.2|动态归一化:3.06
2025-05-03 16:43:58,117 - INFO - Ep5 Step14 Action:2 模型偏移:0.000 官方偏移:0.000 速度:0.23 奖励:8.410 详情:距离奖励:5.37|居中奖励:0.76|速度过快-0.2|动态归一化:3.41|到达终点+5
2025-05-03 16:43:58,117 - INFO - Episode 5/2000 总奖励: 19.95 平均奖励(10): 5.72 epsilon: 1.000
2025-05-03 16:44:05,405 - INFO - Ep6 Step1 Action:2 模型偏移:0.000 官方偏移:0.000 速度:0.24 奖励:-0.286 详情:距离奖励:0.00|居中奖励:0.76|速度过低-0.2|修正偏移+0.5|动态归一化:-0.29
2025-05-03 16:44:07,169 - INFO - Ep6 Step2 Action:2 模型偏移:0.000 官方偏移:0.000 速度:0.24 奖励:-0.654 详情:距离奖励:0.00|居中奖励:0.76|速度过低-0.2|动态归一化:-0.65
2025-05-03 16:44:07,662 - INFO - Ep6 Step3 Action:2 模型偏移:0.000 官方偏移:0.000 速度:0.24 奖励:-0.643 详情:距离奖励:0.00|居中奖励:0.76|速度过低-0.2|动态归一化:-0.64
2025-05-03 16:44:08,274 - INFO - Ep6 Step4 Action:2 模型偏移:0.000 官方偏移:0.000 速度:0.24 奖励:-0.107 详情:距离奖励:0.00|居中奖励:0.76|修正偏移+0.5|动态归一化:-0.11
2025-05-03 16:44:09,076 - INFO - Ep6 Step5 Action:2 模型偏移:0.000 官方偏移:0.000 速度:0.24 奖励:0.124 详情:距离奖励:0.10|居中奖励:0.76|速度适中+0.2|修正偏移+0.5|动态归一化:0.12
2025-05-03 16:44:09,856 - INFO - Ep6 Step6 Action:2 模型偏移:0.000 官方偏移:0.000 速度:0.24 奖励:0.293 详情:距离奖励:0.33|居中奖励:0.76|速度适中+0.2|修正偏移+0.5|动态归一化:0.29
2025-05-03 16:44:11,173 - INFO - Ep6 Step7 Action:2 模型偏移:0.000 官方偏移:0.000 速度:0.24 奖励:0.410 详情:距离奖励:0.69|居中奖励:0.76|修正偏移+0.5|动态归一化:0.41
2025-05-03 16:44:12,095 - INFO - Ep6 Step8 Action:2 模型偏移:0.000 官方偏移:0.000 速度:0.24 奖励:0.778 详情:距离奖励:1.18|居中奖励:0.76|修正偏移+0.5|动态归一化:0.78
2025-05-03 16:44:13,296 - INFO - Ep6 Step9 Action:2 模型偏移:0.000 官方偏移:0.000 速度:0.24 奖励:0.956 详情:距离奖励:1.62|居中奖励:0.77|速度过快-0.2|修正偏移+0.5|动态归一化:0.96
2025-05-03 16:44:13,978 - INFO - Ep6 Step10 Action:2 模型偏移:0.000 官方偏移:0.000 速度:0.23 奖励:1.517 详情:距离奖励:2.40|居中奖励:0.77|速度过快-0.2|修正偏移+0.5|动态归一化:1.52
2025-05-03 16:44:14,951 - INFO - Ep6 Step11 Action:2 模型偏移:0.000 官方偏移:0.000 速度:0.23 奖励:1.928 详情:距离奖励:3.00|居中奖励:0.77|速度过快-0.2|修正偏移+0.5|动态归一化:1.93
2025-05-03 16:44:15,706 - INFO - Ep6 Step12 Action:2 模型偏移:0.000 官方偏移:0.000 速度:0.23 奖励:2.341 详情:距离奖励:3.68|居中奖励:0.77|速度过快-0.2|修正偏移+0.5|动态归一化:2.34
2025-05-03 16:44:16,570 - INFO - Ep6 Step13 Action:2 模型偏移:0.000 官方偏移:0.000 速度:0.23 奖励:2.466 详情:距离奖励:4.50|居中奖励:0.77|速度过快-0.2|动态归一化:2.47
2025-05-03 16:44:19,869 - INFO - Ep6 Step14 Action:2 模型偏移:0.000 官方偏移:0.000 速度:0.23 奖励:8.394 详情:距离奖励:5.96|居中奖励:0.74|速度过快-0.2|动态归一化:3.39|到达终点+5
2025-05-03 16:44:19,869 - INFO - Episode 6/2000 总奖励: 17.51 平均奖励(10): 7.69 epsilon: 1.000
2025-05-03 16:44:24,638 - INFO - Ep7 Step1 Action:2 模型偏移:0.000 官方偏移:0.000 速度:0.24 奖励:-0.376 详情:距离奖励:0.00|居中奖励:0.76|速度过低-0.2|修正偏移+0.5|动态归一化:-0.38
2025-05-03 16:44:25,552 - INFO - Ep7 Step2 Action:2 模型偏移:0.000 官方偏移:0.000 速度:0.24 奖励:-0.723 详情:距离奖励:0.00|居中奖励:0.76|速度过低-0.2|动态归一化:-0.72
2025-05-03 16:44:27,624 - INFO - Ep7 Step3 Action:2 模型偏移:0.000 官方偏移:0.000 速度:0.24 奖励:-0.105 详情:距离奖励:0.00|居中奖励:0.76|速度适中+0.2|修正偏移+0.5|动态归一化:-0.11
2025-05-03 16:44:28,676 - INFO - Ep7 Step4 Action:2 模型偏移:0.000 官方偏移:0.000 速度:0.24 奖励:0.003 详情:距离奖励:0.17|居中奖励:0.76|速度适中+0.2|修正偏移+0.5|动态归一化:0.00
2025-05-03 16:44:29,512 - INFO - Ep7 Step5 Action:2 模型偏移:0.000 官方偏移:0.000 速度:0.24 奖励:0.207 详情:距离奖励:0.47|居中奖励:0.76|速度适中+0.2|修正偏移+0.5|动态归一化:0.21
2025-05-03 16:44:30,304 - INFO - Ep7 Step6 Action:2 模型偏移:0.000 官方偏移:0.000 速度:0.24 奖励:0.288 详情:距离奖励:0.80|居中奖励:0.76|修正偏移+0.5|动态归一化:0.29
2025-05-03 16:44:31,503 - INFO - Ep7 Step7 Action:2 模型偏移:0.000 官方偏移:0.000 速度:0.24 奖励:0.507 详情:距离奖励:1.33|居中奖励:0.76|速度过快-0.2|修正偏移+0.5|动态归一化:0.51
2025-05-03 16:44:32,542 - INFO - Ep7 Step8 Action:2 模型偏移:0.000 官方偏移:0.000 速度:0.24 奖励:0.859 详情:距离奖励:1.85|居中奖励:0.77|速度过快-0.2|修正偏移+0.5|动态归一化:0.86
2025-05-03 16:44:33,467 - INFO - Ep7 Step9 Action:2 模型偏移:0.000 官方偏移:0.000 速度:0.23 奖励:1.311 详情:距离奖励:2.54|居中奖励:0.77|速度过快-0.2|修正偏移+0.5|动态归一化:1.31
2025-05-03 16:44:34,502 - INFO - Ep7 Step10 Action:2 模型偏移:0.000 官方偏移:0.000 速度:0.23 奖励:1.726 详情:距离奖励:3.20|居中奖励:0.77|速度过快-0.2|修正偏移+0.5|动态归一化:1.73
2025-05-03 16:44:36,157 - INFO - Ep7 Step11 Action:2 模型偏移:0.000 官方偏移:0.000 速度:0.23 奖励:1.983 详情:距离奖励:4.17|居中奖励:0.76|速度过快-0.2|动态归一化:1.98
2025-05-03 16:44:36,802 - INFO - Ep7 Step12 Action:2 模型偏移:0.000 官方偏移:0.000 速度:0.24 奖励:7.716 详情:距离奖励:5.45|居中奖励:0.76|速度过快-0.2|动态归一化:2.72|到达终点+5
2025-05-03 16:44:36,802 - INFO - Episode 7/2000 总奖励: 13.39 平均奖励(10): 8.50 epsilon: 1.000
2025-05-03 16:44:42,900 - INFO - Ep8 Step1 Action:2 模型偏移:0.000 官方偏移:0.000 速度:0.24 奖励:-0.525 详情:距离奖励:0.00|居中奖励:0.76|速度过低-0.2|修正偏移+0.5|动态归一化:-0.53
2025-05-03 16:44:43,201 - INFO - Ep8 Step2 Action:2 模型偏移:0.000 官方偏移:0.000 速度:0.24 奖励:-0.853 详情:距离奖励:0.00|居中奖励:0.76|速度过低-0.2|动态归一化:-0.85
2025-05-03 16:44:43,778 - INFO - Ep8 Step3 Action:2 模型偏移:0.000 官方偏移:0.000 速度:0.24 奖励:-0.852 详情:距离奖励:0.00|居中奖励:0.76|速度过低-0.2|动态归一化:-0.85
2025-05-03 16:44:44,821 - INFO - Ep8 Step4 Action:2 模型偏移:0.000 官方偏移:0.000 速度:0.24 奖励:-0.844 详情:距离奖励:0.00|居中奖励:0.76|速度过低-0.2|动态归一化:-0.84
2025-05-03 16:44:45,451 - INFO - Ep8 Step5 Action:2 模型偏移:0.000 官方偏移:0.000 速度:0.24 奖励:-0.242 详情:距离奖励:0.02|居中奖励:0.76|速度适中+0.2|修正偏移+0.5|动态归一化:-0.24
2025-05-03 16:44:46,425 - INFO - Ep8 Step6 Action:2 模型偏移:0.000 官方偏移:0.000 速度:0.24 奖励:-0.122 详情:距离奖励:0.20|居中奖励:0.76|速度适中+0.2|修正偏移+0.5|动态归一化:-0.12
2025-05-03 16:44:47,280 - INFO - Ep8 Step7 Action:2 模型偏移:0.000 官方偏移:0.000 速度:0.24 奖励:0.058 详情:距离奖励:0.48|居中奖励:0.76|速度适中+0.2|修正偏移+0.5|动态归一化:0.06
2025-05-03 16:44:48,214 - INFO - Ep8 Step8 Action:2 模型偏移:0.000 官方偏移:0.000 速度:0.24 奖励:0.175 详情:距离奖励:0.86|居中奖励:0.76|修正偏移+0.5|动态归一化:0.17
2025-05-03 16:44:49,401 - INFO - Ep8 Step9 Action:2 模型偏移:0.000 官方偏移:0.000 速度:0.24 奖励:0.347 详情:距离奖励:1.33|居中奖励:0.76|速度过快-0.2|修正偏移+0.5|动态归一化:0.35
2025-05-03 16:44:50,197 - INFO - Ep8 Step10 Action:2 模型偏移:0.000 官方偏移:0.000 速度:0.24 奖励:0.765 详情:距离奖励:1.98|居中奖励:0.77|速度过快-0.2|修正偏移+0.5|动态归一化:0.77
2025-05-03 16:44:51,143 - INFO - Ep8 Step11 Action:2 模型偏移:0.000 官方偏移:0.000 速度:0.23 奖励:1.196 详情:距离奖励:2.68|居中奖励:0.77|速度过快-0.2|修正偏移+0.5|动态归一化:1.20
2025-05-03 16:44:51,784 - INFO - Ep8 Step12 Action:2 模型偏移:0.000 官方偏移:0.000 速度:0.23 奖励:1.497 详情:距离奖励:3.19|居中奖励:0.77|速度过快-0.2|修正偏移+0.5|动态归一化:1.50
2025-05-03 16:44:52,525 - INFO - Ep8 Step13 Action:2 模型偏移:0.000 官方偏移:0.000 速度:0.23 奖励:1.821 详情:距离奖励:3.77|居中奖励:0.77|速度过快-0.2|修正偏移+0.5|动态归一化:1.82
2025-05-03 16:44:53,555 - INFO - Ep8 Step14 Action:2 模型偏移:0.000 官方偏移:0.000 速度:0.23 奖励:1.925 详情:距离奖励:4.52|居中奖励:0.76|速度过快-0.2|动态归一化:1.92
2025-05-03 16:44:54,383 - INFO - Ep8 Step15 Action:2 模型偏移:0.000 官方偏移:0.000 速度:0.24 奖励:7.375 详情:距离奖励:5.41|居中奖励:0.76|速度过快-0.2|动态归一化:2.38|到达终点+5
2025-05-03 16:44:54,383 - INFO - Episode 8/2000 总奖励: 11.72 平均奖励(10): 8.91 epsilon: 1.000
2025-05-03 16:45:00,492 - INFO - Ep9 Step1 Action:2 模型偏移:0.000 官方偏移:0.000 速度:0.24 奖励:-0.553 详情:距离奖励:0.00|居中奖励:0.76|速度过低-0.2|修正偏移+0.5|动态归一化:-0.55
2025-05-03 16:45:05,265 - INFO - Ep9 Step2 Action:2 模型偏移:0.000 官方偏移:0.000 速度:0.24 奖励:-0.837 详情:距离奖励:0.00|居中奖励:0.76|速度过低-0.2|动态归一化:-0.84
2025-05-03 16:45:05,747 - INFO - Ep9 Step3 Action:2 模型偏移:0.000 官方偏移:0.000 速度:0.24 奖励:-0.822 详情:距离奖励:0.00|居中奖励:0.76|速度过低-0.2|动态归一化:-0.82
2025-05-03 16:45:06,135 - INFO - Ep9 Step4 Action:2 模型偏移:0.000 官方偏移:0.000 速度:0.24 奖励:-0.808 详情:距离奖励:0.00|居中奖励:0.76|速度过低-0.2|动态归一化:-0.81
2025-05-03 16:45:06,904 - INFO - Ep9 Step5 Action:2 模型偏移:0.000 官方偏移:0.000 速度:0.24 奖励:-0.246 详情:距离奖励:0.04|居中奖励:0.76|速度适中+0.2|修正偏移+0.5|动态归一化:-0.25
2025-05-03 16:45:08,509 - INFO - Ep9 Step6 Action:2 模型偏移:0.000 官方偏移:0.000 速度:0.24 奖励:-0.079 详情:距离奖励:0.31|居中奖励:0.76|速度适中+0.2|修正偏移+0.5|动态归一化:-0.08
2025-05-03 16:45:09,740 - INFO - Ep9 Step7 Action:2 模型偏移:0.000 官方偏移:0.000 速度:0.24 奖励:0.054 详情:距离奖励:0.73|居中奖励:0.76|修正偏移+0.5|动态归一化:0.05
2025-05-03 16:45:12,020 - INFO - Ep9 Step8 Action:2 模型偏移:0.000 官方偏移:0.000 速度:0.24 奖励:0.252 详情:距离奖励:1.25|居中奖励:0.76|速度过快-0.2|修正偏移+0.5|动态归一化:0.25
2025-05-03 16:45:13,560 - INFO - Ep9 Step9 Action:2 模型偏移:0.000 官方偏移:0.000 速度:0.24 奖励:0.855 详情:距离奖励:2.27|居中奖励:0.77|速度过快-0.2|修正偏移+0.5|动态归一化:0.85
2025-05-03 16:45:15,050 - INFO - Ep9 Step10 Action:2 模型偏移:0.000 官方偏移:0.000 速度:0.23 奖励:1.407 详情:距离奖励:3.20|居中奖励:0.77|速度过快-0.2|修正偏移+0.5|动态归一化:1.41
2025-05-03 16:45:16,431 - INFO - Ep9 Step11 Action:2 模型偏移:0.000 官方偏移:0.000 速度:0.23 奖励:1.564 详情:距离奖励:4.01|居中奖励:0.77|速度过快-0.2|动态归一化:1.56
2025-05-03 16:45:17,911 - INFO - Ep9 Step12 Action:2 模型偏移:0.000 官方偏移:0.000 速度:0.23 奖励:7.070 详情:距离奖励:5.00|居中奖励:0.76|速度过快-0.2|动态归一化:2.07|到达终点+5
2025-05-03 16:45:17,911 - INFO - Episode 9/2000 总奖励: 7.86 平均奖励(10): 8.79 epsilon: 1.000
2025-05-03 16:45:24,814 - INFO - Ep10 Step1 Action:2 模型偏移:0.000 官方偏移:0.000 速度:0.24 奖励:-0.521 详情:距离奖励:0.00|居中奖励:0.76|速度过低-0.2|修正偏移+0.5|动态归一化:-0.52
2025-05-03 16:45:25,780 - INFO - Ep10 Step2 Action:2 模型偏移:0.000 官方偏移:0.000 速度:0.24 奖励:-0.809 详情:距离奖励:0.00|居中奖励:0.76|速度过低-0.2|动态归一化:-0.81
2025-05-03 16:45:26,331 - INFO - Ep10 Step3 Action:2 模型偏移:0.000 官方偏移:0.000 速度:0.24 奖励:-0.809 详情:距离奖励:0.00|居中奖励:0.76|速度过低-0.2|动态归一化:-0.81
2025-05-03 16:45:27,369 - INFO - Ep10 Step4 Action:2 模型偏移:0.000 官方偏移:0.000 速度:0.24 奖励:-0.296 详情:距离奖励:0.00|居中奖励:0.76|速度适中+0.2|修正偏移+0.5|动态归一化:-0.30
2025-05-03 16:45:27,964 - INFO - Ep10 Step5 Action:2 模型偏移:0.000 官方偏移:0.000 速度:0.24 奖励:-0.178 详情:距离奖励:0.22|居中奖励:0.76|速度适中+0.2|修正偏移+0.5|动态归一化:-0.18
2025-05-03 16:45:29,112 - INFO - Ep10 Step6 Action:2 模型偏移:0.000 官方偏移:0.000 速度:0.24 奖励:-0.035 详情:距离奖励:0.48|居中奖励:0.76|速度适中+0.2|修正偏移+0.5|动态归一化:-0.03
2025-05-03 16:45:30,234 - INFO - Ep10 Step7 Action:2 模型偏移:0.000 官方偏移:0.000 速度:0.24 奖励:0.104 详情:距离奖励:0.93|居中奖励:0.76|修正偏移+0.5|动态归一化:0.10
2025-05-03 16:45:31,015 - INFO - Ep10 Step8 Action:2 模型偏移:0.000 官方偏移:0.000 速度:0.24 奖励:0.354 详情:距离奖励:1.58|居中奖励:0.76|速度过快-0.2|修正偏移+0.5|动态归一化:0.35
2025-05-03 16:45:31,943 - INFO - Ep10 Step9 Action:2 模型偏移:0.000 官方偏移:0.000 速度:0.24 奖励:0.678 详情:距离奖励:2.15|居中奖励:0.77|速度过快-0.2|修正偏移+0.5|动态归一化:0.68
2025-05-03 16:45:32,651 - INFO - Ep10 Step10 Action:2 模型偏移:0.000 官方偏移:0.000 速度:0.23 奖励:1.119 详情:距离奖励:2.95|居中奖励:0.77|速度过快-0.2|修正偏移+0.5|动态归一化:1.12
